New log file opened at Sun Jan 15 12:47:12 CET 2017 by 5072@DESKTOP-5PRVS2V
Taking next connection to: 51052
New client attempting to connect on port: 51053-51052
  Address = /192.168.0.12:51052
This client on port 51053 has uuid 01ee041c-2d08-4757-b803-e437c4d7b562 configName activator humanReadableName Activator protocolVersion 3 featureTags Vector()
Connected Clients: activator-01ee041c-2d08-4757-b803-e437c4d7b562
Taking next connection to: 51052
Checking to see if clients are empty...
We have 1 non-daemon clients, continuing serving connections.
Taking next connection to: 51052
Checking to see if clients are empty...
We have 1 non-daemon clients, continuing serving connections.
Taking next connection to: 51052
Checking to see if clients are empty...
We have 1 non-daemon clients, continuing serving connections.
Taking next connection to: 51052
New client attempting to connect on port: 51070-51052
  Address = /192.168.0.12:51052
Handshake exception on socket: 51070
sbt.impl.ipc.HandshakeException: Unable to perform handshake
	at sbt.impl.ipc.Peer.handshake(IPC.scala:46)
	at sbt.impl.ipc.MultiClientServer.<init>(IPC.scala:150)
	at sbt.server.SbtServerSocketHandler$$anon$1.run(SbtServerSocketHandler.scala:43)
Caused by: java.net.SocketException: Software caused connection abort: recv failed
	at java.net.SocketInputStream.socketRead0(Native Method)
	at java.net.SocketInputStream.socketRead(Unknown Source)
	at java.net.SocketInputStream.read(Unknown Source)
	at java.net.SocketInputStream.read(Unknown Source)
	at java.io.BufferedInputStream.fill(Unknown Source)
	at java.io.BufferedInputStream.read(Unknown Source)
	at java.io.DataInputStream.readInt(Unknown Source)
	at sbt.impl.ipc.Peer.receive(IPC.scala:95)
	at sbt.impl.ipc.Peer.handshake(IPC.scala:49)
	... 2 more
Taking next connection to: 51052
New client attempting to connect on port: 51071-51052
  Address = /192.168.0.12:51052
This client on port 51071 has uuid 33bce82a-eaaa-420d-9639-fa04f6141d32 configName play-fork-run humanReadableName Play Fork Run protocolVersion 1 featureTags Vector()
Connected Clients: activator-01ee041c-2d08-4757-b803-e437c4d7b562, play-fork-run-33bce82a-eaaa-420d-9639-fa04f6141d32
Taking next connection to: 51052
Checking to see if clients are empty...
We have 1 non-daemon clients, continuing serving connections.
Taking next connection to: 51052
Checking to see if clients are empty...
We have 1 non-daemon clients, continuing serving connections.
Taking next connection to: 51052
Checking to see if clients are empty...
We have 1 non-daemon clients, continuing serving connections.
Taking next connection to: 51052
Checking to see if clients are empty...
We have 1 non-daemon clients, continuing serving connections.
Taking next connection to: 51052
Checking to see if clients are empty...
We have 1 non-daemon clients, continuing serving connections.
Taking next connection to: 51052
Checking to see if clients are empty...
We have 1 non-daemon clients, continuing serving connections.
Taking next connection to: 51052
Checking to see if clients are empty...
We have 1 non-daemon clients, continuing serving connections.
Taking next connection to: 51052
