New log file opened at Fri Jan 13 12:50:19 CET 2017 by 9588@DESKTOP-5PRVS2V
Sending msg to client play-fork-run-57f7a8d6-7504-4ebf-b440-d8f9374ce5ac: DetachedLogEvent(LogMessage(debug,sbt server socket logs are in: C:\Users\janin\git\de.htwg.webtech.MoerakiKemu\MoerakiKemu\.sbtserver\connections\master.log))
Sending msg to client play-fork-run-57f7a8d6-7504-4ebf-b440-d8f9374ce5ac: DetachedLogEvent(LogMessage(debug,sbt general server logs are in: C:\Users\janin\git\de.htwg.webtech.MoerakiKemu\MoerakiKemu\.sbtserver\master.log))
Sending msg to client play-fork-run-57f7a8d6-7504-4ebf-b440-d8f9374ce5ac: DetachedLogEvent(LogMessage(debug,sbt client logs are in: C:\Users\janin\git\de.htwg.webtech.MoerakiKemu\MoerakiKemu\.sbtserver\connections\play-fork-run-57f7a8d6-7504-4ebf-b440-d8f9374ce5ac.log))
Reading next message from client.
Got request: DaemonRequest(true)
Reading next message from client.
Sending msg to client play-fork-run-57f7a8d6-7504-4ebf-b440-d8f9374ce5ac: (3,ReceivedResponse())
Got request: ListenToEvents()
Reading next message from client.
Sending msg to client play-fork-run-57f7a8d6-7504-4ebf-b440-d8f9374ce5ac: BackgroundJobStarted(59,BackgroundJobInfo(1,backgroundRun,AttributeKey[sbt.BackgroundJobHandle]("backgroundRun") in Scope(Build: file:/C:/Users/janin/git/de.htwg.webtech.MoerakiKemu/MoerakiKemu/, , Project: ProjectReference(file:/C:/Users/janin/git/de.htwg.webtech.MoerakiKemu/MoerakiKemu/,root), Config: compile)))
Sending msg to client play-fork-run-57f7a8d6-7504-4ebf-b440-d8f9374ce5ac: (4,ReceivedResponse())
Got request: KeyLookupRequest(root/playForkConfig)
Reading next message from client.
Sending msg to client play-fork-run-57f7a8d6-7504-4ebf-b440-d8f9374ce5ac: (5,KeyLookupResponse(root/playForkConfig,Vector(AttributeKey[play.forkrun.protocol.ForkConfig]("playForkConfig") in Scope(Build: file:/C:/Users/janin/git/de.htwg.webtech.MoerakiKemu/MoerakiKemu/, , Project: ProjectReference(file:/C:/Users/janin/git/de.htwg.webtech.MoerakiKemu/MoerakiKemu/,root)))))
Got request: ListenToValue(AttributeKey[play.forkrun.protocol.ForkConfig]("playForkConfig") in Scope(Build: file:/C:/Users/janin/git/de.htwg.webtech.MoerakiKemu/MoerakiKemu/, , Project: ProjectReference(file:/C:/Users/janin/git/de.htwg.webtech.MoerakiKemu/MoerakiKemu/,root)))
Reading next message from client.
Sending msg to client play-fork-run-57f7a8d6-7504-4ebf-b440-d8f9374ce5ac: (6,ReceivedResponse())
Got request: KeyExecutionRequest(AttributeKey[play.forkrun.protocol.ForkConfig]("playForkConfig") in Scope(Build: file:/C:/Users/janin/git/de.htwg.webtech.MoerakiKemu/MoerakiKemu/, , Project: ProjectReference(file:/C:/Users/janin/git/de.htwg.webtech.MoerakiKemu/MoerakiKemu/,root)))
Reading next message from client.
Sending msg to client play-fork-run-57f7a8d6-7504-4ebf-b440-d8f9374ce5ac: (7,ExecutionRequestReceived(60))
Sending msg to client play-fork-run-57f7a8d6-7504-4ebf-b440-d8f9374ce5ac: ExecutionWaiting(60,{file:/C:/Users/janin/git/de.htwg.webtech.MoerakiKemu/MoerakiKemu/}root/*:playForkConfig,ClientInfo(57f7a8d6-7504-4ebf-b440-d8f9374ce5ac,play-fork-run,Play Fork Run,1,Vector()))
Sending msg to client play-fork-run-57f7a8d6-7504-4ebf-b440-d8f9374ce5ac: ExecutionStarting(60)
Sending msg to client play-fork-run-57f7a8d6-7504-4ebf-b440-d8f9374ce5ac: DetachedLogEvent(LogMessage(debug,> {file:/C:/Users/janin/git/de.htwg.webtech.MoerakiKemu/MoerakiKemu/}root/*:playForkConfig))
Sending msg to client play-fork-run-57f7a8d6-7504-4ebf-b440-d8f9374ce5ac: DetachedLogEvent(LogMessage(debug,Evaluating tasks: *:playForkConfig))
Sending msg to client play-fork-run-57f7a8d6-7504-4ebf-b440-d8f9374ce5ac: DetachedLogEvent(LogMessage(debug,Running task... Cancel: sbt.server.ServerTaskCancellation@6983bb8c, check cycles: false))
Sending msg to client play-fork-run-57f7a8d6-7504-4ebf-b440-d8f9374ce5ac: DetachedLogEvent(LogMessage(debug,cancel strategy start enabled=true lastCommand=Some(LastCommand(CommandExecutionWork(ExecutionId(60),{file:/C:/Users/janin/git/de.htwg.webtech.MoerakiKemu/MoerakiKemu/}root/*:playForkConfig,Set(LiveClient(play-fork-run 57f7a8d6-7504-4ebf-b440-d8f9374ce5ac)),sbt.server.WorkCancellationStatus$$anon$1@5732fde8)))))
Sending msg to client play-fork-run-57f7a8d6-7504-4ebf-b440-d8f9374ce5ac: TaskStarted(60,5093,None)
Sending msg to client play-fork-run-57f7a8d6-7504-4ebf-b440-d8f9374ce5ac: TaskStarted(60,5095,None)
Sending msg to client play-fork-run-57f7a8d6-7504-4ebf-b440-d8f9374ce5ac: TaskStarted(60,5103,None)
Sending msg to client play-fork-run-57f7a8d6-7504-4ebf-b440-d8f9374ce5ac: TaskStarted(60,5104,None)
Sending msg to client play-fork-run-57f7a8d6-7504-4ebf-b440-d8f9374ce5ac: TaskStarted(60,5107,Some(AttributeKey[java.lang.String]("updateCacheName") in Scope(Build: file:/C:/Users/janin/git/de.htwg.webtech.MoerakiKemu/MoerakiKemu/, , Project: ProjectReference(file:/C:/Users/janin/git/de.htwg.webtech.MoerakiKemu/MoerakiKemu/,root))))
Sending msg to client play-fork-run-57f7a8d6-7504-4ebf-b440-d8f9374ce5ac: TaskStarted(60,5110,None)
Sending msg to client play-fork-run-57f7a8d6-7504-4ebf-b440-d8f9374ce5ac: TaskStarted(60,5111,Some(AttributeKey[boolean]("skip") in Scope(Global)))
Sending msg to client play-fork-run-57f7a8d6-7504-4ebf-b440-d8f9374ce5ac: TaskStarted(60,5112,None)
Sending msg to client play-fork-run-57f7a8d6-7504-4ebf-b440-d8f9374ce5ac: TaskStarted(60,5117,Some(AttributeKey[scala.Option[scala.collection.Seq[sbt.Resolver]]]("bootResolvers") in Scope(Build: file:/C:/Users/janin/git/de.htwg.webtech.MoerakiKemu/MoerakiKemu/, , Project: ProjectReference(file:/C:/Users/janin/git/de.htwg.webtech.MoerakiKemu/MoerakiKemu/,root))))
Sending msg to client play-fork-run-57f7a8d6-7504-4ebf-b440-d8f9374ce5ac: TaskStarted(60,5118,Some(AttributeKey[scala.collection.Seq[sbt.Resolver]]("externalResolvers") in Scope(Build: file:/C:/Users/janin/git/de.htwg.webtech.MoerakiKemu/MoerakiKemu/, , Project: ProjectReference(file:/C:/Users/janin/git/de.htwg.webtech.MoerakiKemu/MoerakiKemu/,root))))
Sending msg to client play-fork-run-57f7a8d6-7504-4ebf-b440-d8f9374ce5ac: TaskStarted(60,5124,Some(AttributeKey[scala.collection.Seq[sbt.Credentials]]("credentials") in Scope(Global)))
Sending msg to client play-fork-run-57f7a8d6-7504-4ebf-b440-d8f9374ce5ac: TaskStarted(60,5132,None)
Sending msg to client play-fork-run-57f7a8d6-7504-4ebf-b440-d8f9374ce5ac: TaskStarted(60,5135,Some(AttributeKey[scala.collection.Seq[java.lang.String]]("javaOptions") in Scope(Global)))
Sending msg to client play-fork-run-57f7a8d6-7504-4ebf-b440-d8f9374ce5ac: TaskStarted(60,5136,None)
Sending msg to client play-fork-run-57f7a8d6-7504-4ebf-b440-d8f9374ce5ac: TaskStarted(60,5137,Some(AttributeKey[scala.Option[java.lang.String]]("mainClass") in Scope(Build: file:/C:/Users/janin/git/de.htwg.webtech.MoerakiKemu/MoerakiKemu/, , Project: ProjectReference(file:/C:/Users/janin/git/de.htwg.webtech.MoerakiKemu/MoerakiKemu/,root), Config: compile, Task: AttributeKey[void]("run"))))
Sending msg to client play-fork-run-57f7a8d6-7504-4ebf-b440-d8f9374ce5ac: TaskStarted(60,5140,None)
Sending msg to client play-fork-run-57f7a8d6-7504-4ebf-b440-d8f9374ce5ac: TaskStarted(60,5142,Some(AttributeKey[scala.Tuple2[java.lang.String,java.io.File]]("playPrefixAndAssets") in Scope(Build: file:/C:/Users/janin/git/de.htwg.webtech.MoerakiKemu/MoerakiKemu/, , Project: ProjectReference(file:/C:/Users/janin/git/de.htwg.webtech.MoerakiKemu/MoerakiKemu/,root))))
Sending msg to client play-fork-run-57f7a8d6-7504-4ebf-b440-d8f9374ce5ac: TaskFinished(60,5104,None,true,None)
Sending msg to client play-fork-run-57f7a8d6-7504-4ebf-b440-d8f9374ce5ac: TaskFinished(60,5093,None,true,None)
Sending msg to client play-fork-run-57f7a8d6-7504-4ebf-b440-d8f9374ce5ac: TaskStarted(60,5092,Some(AttributeKey[sbt.BuildStructure]("buildStructure") in Scope(Global)))
Sending msg to client play-fork-run-57f7a8d6-7504-4ebf-b440-d8f9374ce5ac: TaskStarted(60,5101,Some(AttributeKey[java.io.File]("dependencyCacheDirectory") in Scope(Build: file:/C:/Users/janin/git/de.htwg.webtech.MoerakiKemu/MoerakiKemu/, , Project: ProjectReference(file:/C:/Users/janin/git/de.htwg.webtech.MoerakiKemu/MoerakiKemu/,root))))
Sending msg to client play-fork-run-57f7a8d6-7504-4ebf-b440-d8f9374ce5ac: TaskFinished(60,5103,None,true,None)
Sending msg to client play-fork-run-57f7a8d6-7504-4ebf-b440-d8f9374ce5ac: TaskStarted(60,5102,Some(AttributeKey[scala.collection.Seq[sbt.UpdateReport]]("transitiveUpdate") in Scope(Build: file:/C:/Users/janin/git/de.htwg.webtech.MoerakiKemu/MoerakiKemu/, , Project: ProjectReference(file:/C:/Users/janin/git/de.htwg.webtech.MoerakiKemu/MoerakiKemu/,root))))
Sending msg to client play-fork-run-57f7a8d6-7504-4ebf-b440-d8f9374ce5ac: TaskFinished(60,5095,None,true,None)
Sending msg to client play-fork-run-57f7a8d6-7504-4ebf-b440-d8f9374ce5ac: TaskStarted(60,5094,None)
Sending msg to client play-fork-run-57f7a8d6-7504-4ebf-b440-d8f9374ce5ac: TaskStarted(60,5097,None)
Sending msg to client play-fork-run-57f7a8d6-7504-4ebf-b440-d8f9374ce5ac: TaskStarted(60,5108,None)
Sending msg to client play-fork-run-57f7a8d6-7504-4ebf-b440-d8f9374ce5ac: TaskStarted(60,5121,None)
Sending msg to client play-fork-run-57f7a8d6-7504-4ebf-b440-d8f9374ce5ac: TaskStarted(60,5122,None)
Sending msg to client play-fork-run-57f7a8d6-7504-4ebf-b440-d8f9374ce5ac: TaskStarted(60,5123,None)
Sending msg to client play-fork-run-57f7a8d6-7504-4ebf-b440-d8f9374ce5ac: TaskStarted(60,5128,None)
Sending msg to client play-fork-run-57f7a8d6-7504-4ebf-b440-d8f9374ce5ac: TaskStarted(60,5133,None)
Sending msg to client play-fork-run-57f7a8d6-7504-4ebf-b440-d8f9374ce5ac: TaskFinished(60,5111,Some(AttributeKey[boolean]("skip") in Scope(Global)),true,None)
Sending msg to client play-fork-run-57f7a8d6-7504-4ebf-b440-d8f9374ce5ac: TaskFinished(60,5112,None,true,None)
Sending msg to client play-fork-run-57f7a8d6-7504-4ebf-b440-d8f9374ce5ac: TaskFinished(60,5118,Some(AttributeKey[scala.collection.Seq[sbt.Resolver]]("externalResolvers") in Scope(Build: file:/C:/Users/janin/git/de.htwg.webtech.MoerakiKemu/MoerakiKemu/, , Project: ProjectReference(file:/C:/Users/janin/git/de.htwg.webtech.MoerakiKemu/MoerakiKemu/,root))),true,None)
Sending msg to client play-fork-run-57f7a8d6-7504-4ebf-b440-d8f9374ce5ac: TaskFinished(60,5124,Some(AttributeKey[scala.collection.Seq[sbt.Credentials]]("credentials") in Scope(Global)),true,None)
Sending msg to client play-fork-run-57f7a8d6-7504-4ebf-b440-d8f9374ce5ac: TaskFinished(60,5117,Some(AttributeKey[scala.Option[scala.collection.Seq[sbt.Resolver]]]("bootResolvers") in Scope(Build: file:/C:/Users/janin/git/de.htwg.webtech.MoerakiKemu/MoerakiKemu/, , Project: ProjectReference(file:/C:/Users/janin/git/de.htwg.webtech.MoerakiKemu/MoerakiKemu/,root))),true,None)
Sending msg to client play-fork-run-57f7a8d6-7504-4ebf-b440-d8f9374ce5ac: TaskFinished(60,5132,None,true,None)
Sending msg to client play-fork-run-57f7a8d6-7504-4ebf-b440-d8f9374ce5ac: TaskFinished(60,5135,Some(AttributeKey[scala.collection.Seq[java.lang.String]]("javaOptions") in Scope(Global)),true,None)
Sending msg to client play-fork-run-57f7a8d6-7504-4ebf-b440-d8f9374ce5ac: TaskFinished(60,5136,None,true,None)
Sending msg to client play-fork-run-57f7a8d6-7504-4ebf-b440-d8f9374ce5ac: TaskStarted(60,5134,Some(AttributeKey[scala.collection.Seq[java.lang.String]]("javaOptions") in Scope(Build: file:/C:/Users/janin/git/de.htwg.webtech.MoerakiKemu/MoerakiKemu/, )))
Sending msg to client play-fork-run-57f7a8d6-7504-4ebf-b440-d8f9374ce5ac: TaskFinished(60,5137,Some(AttributeKey[scala.Option[java.lang.String]]("mainClass") in Scope(Build: file:/C:/Users/janin/git/de.htwg.webtech.MoerakiKemu/MoerakiKemu/, , Project: ProjectReference(file:/C:/Users/janin/git/de.htwg.webtech.MoerakiKemu/MoerakiKemu/,root), Config: compile, Task: AttributeKey[void]("run"))),true,None)
Sending msg to client play-fork-run-57f7a8d6-7504-4ebf-b440-d8f9374ce5ac: TaskFinished(60,5140,None,true,None)
Sending msg to client play-fork-run-57f7a8d6-7504-4ebf-b440-d8f9374ce5ac: TaskFinished(60,5142,Some(AttributeKey[scala.Tuple2[java.lang.String,java.io.File]]("playPrefixAndAssets") in Scope(Build: file:/C:/Users/janin/git/de.htwg.webtech.MoerakiKemu/MoerakiKemu/, , Project: ProjectReference(file:/C:/Users/janin/git/de.htwg.webtech.MoerakiKemu/MoerakiKemu/,root))),true,None)
Sending msg to client play-fork-run-57f7a8d6-7504-4ebf-b440-d8f9374ce5ac: TaskStarted(60,5141,Some(AttributeKey[scala.collection.Seq[scala.Tuple2[java.lang.String,java.io.File]]]("playAllAssets") in Scope(Build: file:/C:/Users/janin/git/de.htwg.webtech.MoerakiKemu/MoerakiKemu/, , Project: ProjectReference(file:/C:/Users/janin/git/de.htwg.webtech.MoerakiKemu/MoerakiKemu/,root))))
Sending msg to client play-fork-run-57f7a8d6-7504-4ebf-b440-d8f9374ce5ac: TaskFinished(60,5092,Some(AttributeKey[sbt.BuildStructure]("buildStructure") in Scope(Global)),true,None)
Sending msg to client play-fork-run-57f7a8d6-7504-4ebf-b440-d8f9374ce5ac: TaskStarted(60,5091,Some(AttributeKey[sbt.Settings[sbt.Scope]]("settingsData") in Scope(Global)))
Sending msg to client play-fork-run-57f7a8d6-7504-4ebf-b440-d8f9374ce5ac: TaskFinished(60,5101,Some(AttributeKey[java.io.File]("dependencyCacheDirectory") in Scope(Build: file:/C:/Users/janin/git/de.htwg.webtech.MoerakiKemu/MoerakiKemu/, , Project: ProjectReference(file:/C:/Users/janin/git/de.htwg.webtech.MoerakiKemu/MoerakiKemu/,root))),true,None)
Sending msg to client play-fork-run-57f7a8d6-7504-4ebf-b440-d8f9374ce5ac: TaskFinished(60,5102,Some(AttributeKey[scala.collection.Seq[sbt.UpdateReport]]("transitiveUpdate") in Scope(Build: file:/C:/Users/janin/git/de.htwg.webtech.MoerakiKemu/MoerakiKemu/, , Project: ProjectReference(file:/C:/Users/janin/git/de.htwg.webtech.MoerakiKemu/MoerakiKemu/,root))),true,None)
Sending msg to client play-fork-run-57f7a8d6-7504-4ebf-b440-d8f9374ce5ac: TaskFinished(60,5094,None,true,None)
Sending msg to client play-fork-run-57f7a8d6-7504-4ebf-b440-d8f9374ce5ac: TaskFinished(60,5097,None,true,None)
Sending msg to client play-fork-run-57f7a8d6-7504-4ebf-b440-d8f9374ce5ac: TaskFinished(60,5110,None,true,None)
Sending msg to client play-fork-run-57f7a8d6-7504-4ebf-b440-d8f9374ce5ac: TaskFinished(60,5107,Some(AttributeKey[java.lang.String]("updateCacheName") in Scope(Build: file:/C:/Users/janin/git/de.htwg.webtech.MoerakiKemu/MoerakiKemu/, , Project: ProjectReference(file:/C:/Users/janin/git/de.htwg.webtech.MoerakiKemu/MoerakiKemu/,root))),true,None)
Sending msg to client play-fork-run-57f7a8d6-7504-4ebf-b440-d8f9374ce5ac: TaskFinished(60,5121,None,true,None)
Sending msg to client play-fork-run-57f7a8d6-7504-4ebf-b440-d8f9374ce5ac: TaskFinished(60,5128,None,true,None)
Sending msg to client play-fork-run-57f7a8d6-7504-4ebf-b440-d8f9374ce5ac: TaskFinished(60,5108,None,true,None)
Sending msg to client play-fork-run-57f7a8d6-7504-4ebf-b440-d8f9374ce5ac: TaskStarted(60,5106,Some(AttributeKey[scala.collection.immutable.Map[sbt.ModuleID,sbt.SourcePosition]]("dependencyPositions") in Scope(Build: file:/C:/Users/janin/git/de.htwg.webtech.MoerakiKemu/MoerakiKemu/, , Project: ProjectReference(file:/C:/Users/janin/git/de.htwg.webtech.MoerakiKemu/MoerakiKemu/,root))))
Sending msg to client play-fork-run-57f7a8d6-7504-4ebf-b440-d8f9374ce5ac: TaskFinished(60,5122,None,true,None)
Sending msg to client play-fork-run-57f7a8d6-7504-4ebf-b440-d8f9374ce5ac: TaskFinished(60,5123,None,true,None)
Sending msg to client play-fork-run-57f7a8d6-7504-4ebf-b440-d8f9374ce5ac: TaskFinished(60,5133,None,true,None)
Sending msg to client play-fork-run-57f7a8d6-7504-4ebf-b440-d8f9374ce5ac: TaskFinished(60,5134,Some(AttributeKey[scala.collection.Seq[java.lang.String]]("javaOptions") in Scope(Build: file:/C:/Users/janin/git/de.htwg.webtech.MoerakiKemu/MoerakiKemu/, )),true,None)
Sending msg to client play-fork-run-57f7a8d6-7504-4ebf-b440-d8f9374ce5ac: TaskFinished(60,5091,Some(AttributeKey[sbt.Settings[sbt.Scope]]("settingsData") in Scope(Global)),true,None)
Sending msg to client play-fork-run-57f7a8d6-7504-4ebf-b440-d8f9374ce5ac: TaskStarted(60,5090,None)
Sending msg to client play-fork-run-57f7a8d6-7504-4ebf-b440-d8f9374ce5ac: TaskStarted(60,5109,None)
Sending msg to client play-fork-run-57f7a8d6-7504-4ebf-b440-d8f9374ce5ac: TaskStarted(60,5120,Some(AttributeKey[scala.collection.immutable.Map[org.apache.ivy.core.module.id.ModuleRevisionId,org.apache.ivy.core.module.descriptor.ModuleDescriptor]]("projectDescriptors") in Scope(Build: file:/C:/Users/janin/git/de.htwg.webtech.MoerakiKemu/MoerakiKemu/, , Project: ProjectReference(file:/C:/Users/janin/git/de.htwg.webtech.MoerakiKemu/MoerakiKemu/,root))))
Sending msg to client play-fork-run-57f7a8d6-7504-4ebf-b440-d8f9374ce5ac: TaskStarted(60,5127,Some(AttributeKey[scala.collection.Seq[sbt.ModuleID]]("projectDependencies") in Scope(Build: file:/C:/Users/janin/git/de.htwg.webtech.MoerakiKemu/MoerakiKemu/, , Project: ProjectReference(file:/C:/Users/janin/git/de.htwg.webtech.MoerakiKemu/MoerakiKemu/,root))))
Sending msg to client play-fork-run-57f7a8d6-7504-4ebf-b440-d8f9374ce5ac: TaskStarted(60,5139,Some(AttributeKey[scala.collection.Seq[java.io.File]]("playMonitoredFiles") in Scope(Build: file:/C:/Users/janin/git/de.htwg.webtech.MoerakiKemu/MoerakiKemu/, , Project: ProjectReference(file:/C:/Users/janin/git/de.htwg.webtech.MoerakiKemu/MoerakiKemu/,root))))
Sending msg to client play-fork-run-57f7a8d6-7504-4ebf-b440-d8f9374ce5ac: TaskFinished(60,5141,Some(AttributeKey[scala.collection.Seq[scala.Tuple2[java.lang.String,java.io.File]]]("playAllAssets") in Scope(Build: file:/C:/Users/janin/git/de.htwg.webtech.MoerakiKemu/MoerakiKemu/, , Project: ProjectReference(file:/C:/Users/janin/git/de.htwg.webtech.MoerakiKemu/MoerakiKemu/,root))),true,None)
Sending msg to client play-fork-run-57f7a8d6-7504-4ebf-b440-d8f9374ce5ac: TaskStarted(60,5147,None)
Sending msg to client play-fork-run-57f7a8d6-7504-4ebf-b440-d8f9374ce5ac: TaskStarted(60,5148,None)
Sending msg to client play-fork-run-57f7a8d6-7504-4ebf-b440-d8f9374ce5ac: TaskStarted(60,5151,None)
Sending msg to client play-fork-run-57f7a8d6-7504-4ebf-b440-d8f9374ce5ac: TaskStarted(60,5153,None)
Sending msg to client play-fork-run-57f7a8d6-7504-4ebf-b440-d8f9374ce5ac: TaskStarted(60,5154,None)
Sending msg to client play-fork-run-57f7a8d6-7504-4ebf-b440-d8f9374ce5ac: TaskStarted(60,5155,None)
Sending msg to client play-fork-run-57f7a8d6-7504-4ebf-b440-d8f9374ce5ac: TaskFinished(60,5106,Some(AttributeKey[scala.collection.immutable.Map[sbt.ModuleID,sbt.SourcePosition]]("dependencyPositions") in Scope(Build: file:/C:/Users/janin/git/de.htwg.webtech.MoerakiKemu/MoerakiKemu/, , Project: ProjectReference(file:/C:/Users/janin/git/de.htwg.webtech.MoerakiKemu/MoerakiKemu/,root))),true,None)
Sending msg to client play-fork-run-57f7a8d6-7504-4ebf-b440-d8f9374ce5ac: TaskStarted(60,5105,Some(AttributeKey[sbt.UnresolvedWarningConfiguration]("unresolvedWarningConfiguration") in Scope(Build: file:/C:/Users/janin/git/de.htwg.webtech.MoerakiKemu/MoerakiKemu/, , Project: ProjectReference(file:/C:/Users/janin/git/de.htwg.webtech.MoerakiKemu/MoerakiKemu/,root), Task: AttributeKey[sbt.UpdateReport]("update"))))
Sending msg to client play-fork-run-57f7a8d6-7504-4ebf-b440-d8f9374ce5ac: TaskFinished(60,5127,Some(AttributeKey[scala.collection.Seq[sbt.ModuleID]]("projectDependencies") in Scope(Build: file:/C:/Users/janin/git/de.htwg.webtech.MoerakiKemu/MoerakiKemu/, , Project: ProjectReference(file:/C:/Users/janin/git/de.htwg.webtech.MoerakiKemu/MoerakiKemu/,root))),true,None)
Sending msg to client play-fork-run-57f7a8d6-7504-4ebf-b440-d8f9374ce5ac: TaskStarted(60,5126,Some(AttributeKey[scala.collection.Seq[sbt.ModuleID]]("allDependencies") in Scope(Build: file:/C:/Users/janin/git/de.htwg.webtech.MoerakiKemu/MoerakiKemu/, , Project: ProjectReference(file:/C:/Users/janin/git/de.htwg.webtech.MoerakiKemu/MoerakiKemu/,root))))
Sending msg to client play-fork-run-57f7a8d6-7504-4ebf-b440-d8f9374ce5ac: TaskStarted(60,5157,None)
Sending msg to client play-fork-run-57f7a8d6-7504-4ebf-b440-d8f9374ce5ac: TaskStarted(60,5158,None)
Sending msg to client play-fork-run-57f7a8d6-7504-4ebf-b440-d8f9374ce5ac: TaskFinished(60,5147,None,true,None)
Sending msg to client play-fork-run-57f7a8d6-7504-4ebf-b440-d8f9374ce5ac: TaskFinished(60,5148,None,true,None)
Sending msg to client play-fork-run-57f7a8d6-7504-4ebf-b440-d8f9374ce5ac: TaskStarted(60,5146,Some(AttributeKey[scala.collection.Seq[sbt.Attributed[java.io.File]]]("unmanagedJars") in Scope(Build: file:/C:/Users/janin/git/de.htwg.webtech.MoerakiKemu/MoerakiKemu/, , Project: ProjectReference(file:/C:/Users/janin/git/de.htwg.webtech.MoerakiKemu/MoerakiKemu/,root), Config: runtime)))
Sending msg to client play-fork-run-57f7a8d6-7504-4ebf-b440-d8f9374ce5ac: TaskFinished(60,5151,None,true,None)
Sending msg to client play-fork-run-57f7a8d6-7504-4ebf-b440-d8f9374ce5ac: TaskStarted(60,5150,None)
Sending msg to client play-fork-run-57f7a8d6-7504-4ebf-b440-d8f9374ce5ac: TaskFinished(60,5153,None,true,None)
Sending msg to client play-fork-run-57f7a8d6-7504-4ebf-b440-d8f9374ce5ac: TaskFinished(60,5154,None,true,None)
Sending msg to client play-fork-run-57f7a8d6-7504-4ebf-b440-d8f9374ce5ac: TaskStarted(60,5152,Some(AttributeKey[scala.collection.Seq[sbt.Attributed[java.io.File]]]("unmanagedJars") in Scope(Build: file:/C:/Users/janin/git/de.htwg.webtech.MoerakiKemu/MoerakiKemu/, , Project: ProjectReference(file:/C:/Users/janin/git/de.htwg.webtech.MoerakiKemu/MoerakiKemu/,root), Config: compile)))
Sending msg to client play-fork-run-57f7a8d6-7504-4ebf-b440-d8f9374ce5ac: TaskFinished(60,5155,None,true,None)
Sending msg to client play-fork-run-57f7a8d6-7504-4ebf-b440-d8f9374ce5ac: TaskFinished(60,5109,None,true,None)
Sending msg to client play-fork-run-57f7a8d6-7504-4ebf-b440-d8f9374ce5ac: TaskFinished(60,5105,Some(AttributeKey[sbt.UnresolvedWarningConfiguration]("unresolvedWarningConfiguration") in Scope(Build: file:/C:/Users/janin/git/de.htwg.webtech.MoerakiKemu/MoerakiKemu/, , Project: ProjectReference(file:/C:/Users/janin/git/de.htwg.webtech.MoerakiKemu/MoerakiKemu/,root), Task: AttributeKey[sbt.UpdateReport]("update"))),true,None)
Sending msg to client play-fork-run-57f7a8d6-7504-4ebf-b440-d8f9374ce5ac: TaskFinished(60,5126,Some(AttributeKey[scala.collection.Seq[sbt.ModuleID]]("allDependencies") in Scope(Build: file:/C:/Users/janin/git/de.htwg.webtech.MoerakiKemu/MoerakiKemu/, , Project: ProjectReference(file:/C:/Users/janin/git/de.htwg.webtech.MoerakiKemu/MoerakiKemu/,root))),true,None)
Sending msg to client play-fork-run-57f7a8d6-7504-4ebf-b440-d8f9374ce5ac: TaskStarted(60,5125,Some(AttributeKey[sbt.ModuleSettings]("moduleSettings") in Scope(Build: file:/C:/Users/janin/git/de.htwg.webtech.MoerakiKemu/MoerakiKemu/, , Project: ProjectReference(file:/C:/Users/janin/git/de.htwg.webtech.MoerakiKemu/MoerakiKemu/,root))))
Sending msg to client play-fork-run-57f7a8d6-7504-4ebf-b440-d8f9374ce5ac: TaskFinished(60,5157,None,true,None)
Sending msg to client play-fork-run-57f7a8d6-7504-4ebf-b440-d8f9374ce5ac: TaskStarted(60,5156,None)
Sending msg to client play-fork-run-57f7a8d6-7504-4ebf-b440-d8f9374ce5ac: TaskStarted(60,5159,None)
Sending msg to client play-fork-run-57f7a8d6-7504-4ebf-b440-d8f9374ce5ac: TaskFinished(60,5152,Some(AttributeKey[scala.collection.Seq[sbt.Attributed[java.io.File]]]("unmanagedJars") in Scope(Build: file:/C:/Users/janin/git/de.htwg.webtech.MoerakiKemu/MoerakiKemu/, , Project: ProjectReference(file:/C:/Users/janin/git/de.htwg.webtech.MoerakiKemu/MoerakiKemu/,root), Config: compile)),true,None)
Sending msg to client play-fork-run-57f7a8d6-7504-4ebf-b440-d8f9374ce5ac: TaskFinished(60,5158,None,true,None)
Sending msg to client play-fork-run-57f7a8d6-7504-4ebf-b440-d8f9374ce5ac: TaskFinished(60,5139,Some(AttributeKey[scala.collection.Seq[java.io.File]]("playMonitoredFiles") in Scope(Build: file:/C:/Users/janin/git/de.htwg.webtech.MoerakiKemu/MoerakiKemu/, , Project: ProjectReference(file:/C:/Users/janin/git/de.htwg.webtech.MoerakiKemu/MoerakiKemu/,root))),true,None)
Sending msg to client play-fork-run-57f7a8d6-7504-4ebf-b440-d8f9374ce5ac: TaskFinished(60,5125,Some(AttributeKey[sbt.ModuleSettings]("moduleSettings") in Scope(Build: file:/C:/Users/janin/git/de.htwg.webtech.MoerakiKemu/MoerakiKemu/, , Project: ProjectReference(file:/C:/Users/janin/git/de.htwg.webtech.MoerakiKemu/MoerakiKemu/,root))),true,None)
Sending msg to client play-fork-run-57f7a8d6-7504-4ebf-b440-d8f9374ce5ac: TaskFinished(60,5156,None,true,None)
Sending msg to client play-fork-run-57f7a8d6-7504-4ebf-b440-d8f9374ce5ac: TaskFinished(60,5120,Some(AttributeKey[scala.collection.immutable.Map[org.apache.ivy.core.module.id.ModuleRevisionId,org.apache.ivy.core.module.descriptor.ModuleDescriptor]]("projectDescriptors") in Scope(Build: file:/C:/Users/janin/git/de.htwg.webtech.MoerakiKemu/MoerakiKemu/, , Project: ProjectReference(file:/C:/Users/janin/git/de.htwg.webtech.MoerakiKemu/MoerakiKemu/,root))),true,None)
Sending msg to client play-fork-run-57f7a8d6-7504-4ebf-b440-d8f9374ce5ac: TaskStarted(60,5119,Some(AttributeKey[sbt.Resolver]("projectResolver") in Scope(Build: file:/C:/Users/janin/git/de.htwg.webtech.MoerakiKemu/MoerakiKemu/, , Project: ProjectReference(file:/C:/Users/janin/git/de.htwg.webtech.MoerakiKemu/MoerakiKemu/,root))))
Sending msg to client play-fork-run-57f7a8d6-7504-4ebf-b440-d8f9374ce5ac: TaskFinished(60,5159,None,true,None)
Sending msg to client play-fork-run-57f7a8d6-7504-4ebf-b440-d8f9374ce5ac: TaskFinished(60,5150,None,true,None)
Sending msg to client play-fork-run-57f7a8d6-7504-4ebf-b440-d8f9374ce5ac: TaskStarted(60,5149,Some(AttributeKey[scala.collection.Seq[sbt.Attributed[java.io.File]]]("unmanagedJars") in Scope(Build: file:/C:/Users/janin/git/de.htwg.webtech.MoerakiKemu/MoerakiKemu/, , Project: ProjectReference(file:/C:/Users/janin/git/de.htwg.webtech.MoerakiKemu/MoerakiKemu/,root), Config: compile)))
Sending msg to client play-fork-run-57f7a8d6-7504-4ebf-b440-d8f9374ce5ac: TaskFinished(60,5119,Some(AttributeKey[sbt.Resolver]("projectResolver") in Scope(Build: file:/C:/Users/janin/git/de.htwg.webtech.MoerakiKemu/MoerakiKemu/, , Project: ProjectReference(file:/C:/Users/janin/git/de.htwg.webtech.MoerakiKemu/MoerakiKemu/,root))),true,None)
Sending msg to client play-fork-run-57f7a8d6-7504-4ebf-b440-d8f9374ce5ac: TaskStarted(60,5116,Some(AttributeKey[scala.collection.Seq[sbt.Resolver]]("fullResolvers") in Scope(Build: file:/C:/Users/janin/git/de.htwg.webtech.MoerakiKemu/MoerakiKemu/, , Project: ProjectReference(file:/C:/Users/janin/git/de.htwg.webtech.MoerakiKemu/MoerakiKemu/,root))))
Sending msg to client play-fork-run-57f7a8d6-7504-4ebf-b440-d8f9374ce5ac: TaskFinished(60,5149,Some(AttributeKey[scala.collection.Seq[sbt.Attributed[java.io.File]]]("unmanagedJars") in Scope(Build: file:/C:/Users/janin/git/de.htwg.webtech.MoerakiKemu/MoerakiKemu/, , Project: ProjectReference(file:/C:/Users/janin/git/de.htwg.webtech.MoerakiKemu/MoerakiKemu/,root), Config: compile)),true,None)
Sending msg to client play-fork-run-57f7a8d6-7504-4ebf-b440-d8f9374ce5ac: TaskFinished(60,5116,Some(AttributeKey[scala.collection.Seq[sbt.Resolver]]("fullResolvers") in Scope(Build: file:/C:/Users/janin/git/de.htwg.webtech.MoerakiKemu/MoerakiKemu/, , Project: ProjectReference(file:/C:/Users/janin/git/de.htwg.webtech.MoerakiKemu/MoerakiKemu/,root))),true,None)
Sending msg to client play-fork-run-57f7a8d6-7504-4ebf-b440-d8f9374ce5ac: TaskStarted(60,5115,Some(AttributeKey[sbt.IvyConfiguration]("ivyConfiguration") in Scope(Build: file:/C:/Users/janin/git/de.htwg.webtech.MoerakiKemu/MoerakiKemu/, , Project: ProjectReference(file:/C:/Users/janin/git/de.htwg.webtech.MoerakiKemu/MoerakiKemu/,root))))
Sending msg to client play-fork-run-57f7a8d6-7504-4ebf-b440-d8f9374ce5ac: TaskFinished(60,5146,Some(AttributeKey[scala.collection.Seq[sbt.Attributed[java.io.File]]]("unmanagedJars") in Scope(Build: file:/C:/Users/janin/git/de.htwg.webtech.MoerakiKemu/MoerakiKemu/, , Project: ProjectReference(file:/C:/Users/janin/git/de.htwg.webtech.MoerakiKemu/MoerakiKemu/,root), Config: runtime)),true,None)
Sending msg to client play-fork-run-57f7a8d6-7504-4ebf-b440-d8f9374ce5ac: TaskStarted(60,5145,None)
Sending msg to client play-fork-run-57f7a8d6-7504-4ebf-b440-d8f9374ce5ac: TaskFinished(60,5115,Some(AttributeKey[sbt.IvyConfiguration]("ivyConfiguration") in Scope(Build: file:/C:/Users/janin/git/de.htwg.webtech.MoerakiKemu/MoerakiKemu/, , Project: ProjectReference(file:/C:/Users/janin/git/de.htwg.webtech.MoerakiKemu/MoerakiKemu/,root))),true,None)
Sending msg to client play-fork-run-57f7a8d6-7504-4ebf-b440-d8f9374ce5ac: TaskStarted(60,5114,Some(AttributeKey[sbt.IvySbt]("ivySbt") in Scope(Build: file:/C:/Users/janin/git/de.htwg.webtech.MoerakiKemu/MoerakiKemu/, , Project: ProjectReference(file:/C:/Users/janin/git/de.htwg.webtech.MoerakiKemu/MoerakiKemu/,root))))
Sending msg to client play-fork-run-57f7a8d6-7504-4ebf-b440-d8f9374ce5ac: TaskFinished(60,5145,None,true,None)
Sending msg to client play-fork-run-57f7a8d6-7504-4ebf-b440-d8f9374ce5ac: TaskStarted(60,5144,None)
Sending msg to client play-fork-run-57f7a8d6-7504-4ebf-b440-d8f9374ce5ac: TaskFinished(60,5114,Some(AttributeKey[sbt.IvySbt]("ivySbt") in Scope(Build: file:/C:/Users/janin/git/de.htwg.webtech.MoerakiKemu/MoerakiKemu/, , Project: ProjectReference(file:/C:/Users/janin/git/de.htwg.webtech.MoerakiKemu/MoerakiKemu/,root))),true,None)
Sending msg to client play-fork-run-57f7a8d6-7504-4ebf-b440-d8f9374ce5ac: TaskStarted(60,5113,Some(AttributeKey[sbt.IvySbt$Module]("ivyModule") in Scope(Build: file:/C:/Users/janin/git/de.htwg.webtech.MoerakiKemu/MoerakiKemu/, , Project: ProjectReference(file:/C:/Users/janin/git/de.htwg.webtech.MoerakiKemu/MoerakiKemu/,root))))
Sending msg to client play-fork-run-57f7a8d6-7504-4ebf-b440-d8f9374ce5ac: TaskFinished(60,5144,None,true,None)
Sending msg to client play-fork-run-57f7a8d6-7504-4ebf-b440-d8f9374ce5ac: TaskFinished(60,5090,None,true,None)
Sending msg to client play-fork-run-57f7a8d6-7504-4ebf-b440-d8f9374ce5ac: TaskStarted(60,5089,Some(AttributeKey[scala.collection.Seq[sbt.Attributed[java.io.File]]]("unmanagedClasspath") in Scope(Build: file:/C:/Users/janin/git/de.htwg.webtech.MoerakiKemu/MoerakiKemu/, , Project: ProjectReference(file:/C:/Users/janin/git/de.htwg.webtech.MoerakiKemu/MoerakiKemu/,root), Config: runtime)))
Sending msg to client play-fork-run-57f7a8d6-7504-4ebf-b440-d8f9374ce5ac: TaskFinished(60,5113,Some(AttributeKey[sbt.IvySbt$Module]("ivyModule") in Scope(Build: file:/C:/Users/janin/git/de.htwg.webtech.MoerakiKemu/MoerakiKemu/, , Project: ProjectReference(file:/C:/Users/janin/git/de.htwg.webtech.MoerakiKemu/MoerakiKemu/,root))),true,None)
Sending msg to client play-fork-run-57f7a8d6-7504-4ebf-b440-d8f9374ce5ac: TaskStarted(60,5100,Some(AttributeKey[sbt.UpdateReport]("update") in Scope(Build: file:/C:/Users/janin/git/de.htwg.webtech.MoerakiKemu/MoerakiKemu/, , Project: ProjectReference(file:/C:/Users/janin/git/de.htwg.webtech.MoerakiKemu/MoerakiKemu/,root))))
Sending msg to client play-fork-run-57f7a8d6-7504-4ebf-b440-d8f9374ce5ac: TaskFinished(60,5089,Some(AttributeKey[scala.collection.Seq[sbt.Attributed[java.io.File]]]("unmanagedClasspath") in Scope(Build: file:/C:/Users/janin/git/de.htwg.webtech.MoerakiKemu/MoerakiKemu/, , Project: ProjectReference(file:/C:/Users/janin/git/de.htwg.webtech.MoerakiKemu/MoerakiKemu/,root), Config: runtime)),true,None)
Sending msg to client play-fork-run-57f7a8d6-7504-4ebf-b440-d8f9374ce5ac: TaskFinished(60,5100,Some(AttributeKey[sbt.UpdateReport]("update") in Scope(Build: file:/C:/Users/janin/git/de.htwg.webtech.MoerakiKemu/MoerakiKemu/, , Project: ProjectReference(file:/C:/Users/janin/git/de.htwg.webtech.MoerakiKemu/MoerakiKemu/,root))),true,None)
Sending msg to client play-fork-run-57f7a8d6-7504-4ebf-b440-d8f9374ce5ac: TaskStarted(60,5099,Some(AttributeKey[sbt.UpdateReport]("update") in Scope(Build: file:/C:/Users/janin/git/de.htwg.webtech.MoerakiKemu/MoerakiKemu/, , Project: ProjectReference(file:/C:/Users/janin/git/de.htwg.webtech.MoerakiKemu/MoerakiKemu/,root))))
Sending msg to client play-fork-run-57f7a8d6-7504-4ebf-b440-d8f9374ce5ac: TaskFinished(60,5099,Some(AttributeKey[sbt.UpdateReport]("update") in Scope(Build: file:/C:/Users/janin/git/de.htwg.webtech.MoerakiKemu/MoerakiKemu/, , Project: ProjectReference(file:/C:/Users/janin/git/de.htwg.webtech.MoerakiKemu/MoerakiKemu/,root))),true,None)
Sending msg to client play-fork-run-57f7a8d6-7504-4ebf-b440-d8f9374ce5ac: TaskStarted(60,5131,Some(AttributeKey[sbt.Configuration]("classpathConfiguration") in Scope(Build: file:/C:/Users/janin/git/de.htwg.webtech.MoerakiKemu/MoerakiKemu/, , Project: ProjectReference(file:/C:/Users/janin/git/de.htwg.webtech.MoerakiKemu/MoerakiKemu/,root), Config: compile)))
Sending msg to client play-fork-run-57f7a8d6-7504-4ebf-b440-d8f9374ce5ac: TaskStarted(60,5138,Some(AttributeKey[scala.collection.Seq[sbt.Attributed[java.io.File]]]("managedClasspath") in Scope(Build: file:/C:/Users/janin/git/de.htwg.webtech.MoerakiKemu/MoerakiKemu/, , Project: ProjectReference(file:/C:/Users/janin/git/de.htwg.webtech.MoerakiKemu/MoerakiKemu/,root), Config: docs)))
Sending msg to client play-fork-run-57f7a8d6-7504-4ebf-b440-d8f9374ce5ac: TaskFinished(60,5131,Some(AttributeKey[sbt.Configuration]("classpathConfiguration") in Scope(Build: file:/C:/Users/janin/git/de.htwg.webtech.MoerakiKemu/MoerakiKemu/, , Project: ProjectReference(file:/C:/Users/janin/git/de.htwg.webtech.MoerakiKemu/MoerakiKemu/,root), Config: compile)),true,None)
Sending msg to client play-fork-run-57f7a8d6-7504-4ebf-b440-d8f9374ce5ac: TaskStarted(60,5130,None)
Sending msg to client play-fork-run-57f7a8d6-7504-4ebf-b440-d8f9374ce5ac: TaskFinished(60,5138,Some(AttributeKey[scala.collection.Seq[sbt.Attributed[java.io.File]]]("managedClasspath") in Scope(Build: file:/C:/Users/janin/git/de.htwg.webtech.MoerakiKemu/MoerakiKemu/, , Project: ProjectReference(file:/C:/Users/janin/git/de.htwg.webtech.MoerakiKemu/MoerakiKemu/,root), Config: docs)),true,None)
Sending msg to client play-fork-run-57f7a8d6-7504-4ebf-b440-d8f9374ce5ac: TaskStarted(60,5143,Some(AttributeKey[scala.Option[java.io.File]]("playDocsJar") in Scope(Build: file:/C:/Users/janin/git/de.htwg.webtech.MoerakiKemu/MoerakiKemu/, , Project: ProjectReference(file:/C:/Users/janin/git/de.htwg.webtech.MoerakiKemu/MoerakiKemu/,root))))
Sending msg to client play-fork-run-57f7a8d6-7504-4ebf-b440-d8f9374ce5ac: TaskFinished(60,5130,None,true,None)
Sending msg to client play-fork-run-57f7a8d6-7504-4ebf-b440-d8f9374ce5ac: TaskStarted(60,5129,Some(AttributeKey[sbt.Configuration]("classpathConfiguration") in Scope(Build: file:/C:/Users/janin/git/de.htwg.webtech.MoerakiKemu/MoerakiKemu/, , Project: ProjectReference(file:/C:/Users/janin/git/de.htwg.webtech.MoerakiKemu/MoerakiKemu/,root), Config: runtime)))
Sending msg to client play-fork-run-57f7a8d6-7504-4ebf-b440-d8f9374ce5ac: TaskFinished(60,5143,Some(AttributeKey[scala.Option[java.io.File]]("playDocsJar") in Scope(Build: file:/C:/Users/janin/git/de.htwg.webtech.MoerakiKemu/MoerakiKemu/, , Project: ProjectReference(file:/C:/Users/janin/git/de.htwg.webtech.MoerakiKemu/MoerakiKemu/,root))),true,None)
Sending msg to client play-fork-run-57f7a8d6-7504-4ebf-b440-d8f9374ce5ac: TaskFinished(60,5129,Some(AttributeKey[sbt.Configuration]("classpathConfiguration") in Scope(Build: file:/C:/Users/janin/git/de.htwg.webtech.MoerakiKemu/MoerakiKemu/, , Project: ProjectReference(file:/C:/Users/janin/git/de.htwg.webtech.MoerakiKemu/MoerakiKemu/,root), Config: runtime)),true,None)
Sending msg to client play-fork-run-57f7a8d6-7504-4ebf-b440-d8f9374ce5ac: TaskStarted(60,5098,None)
Sending msg to client play-fork-run-57f7a8d6-7504-4ebf-b440-d8f9374ce5ac: TaskFinished(60,5098,None,true,None)
Sending msg to client play-fork-run-57f7a8d6-7504-4ebf-b440-d8f9374ce5ac: TaskStarted(60,5096,Some(AttributeKey[scala.collection.Seq[sbt.Attributed[java.io.File]]]("managedClasspath") in Scope(Build: file:/C:/Users/janin/git/de.htwg.webtech.MoerakiKemu/MoerakiKemu/, , Project: ProjectReference(file:/C:/Users/janin/git/de.htwg.webtech.MoerakiKemu/MoerakiKemu/,root), Config: runtime)))
Sending msg to client play-fork-run-57f7a8d6-7504-4ebf-b440-d8f9374ce5ac: TaskFinished(60,5096,Some(AttributeKey[scala.collection.Seq[sbt.Attributed[java.io.File]]]("managedClasspath") in Scope(Build: file:/C:/Users/janin/git/de.htwg.webtech.MoerakiKemu/MoerakiKemu/, , Project: ProjectReference(file:/C:/Users/janin/git/de.htwg.webtech.MoerakiKemu/MoerakiKemu/,root), Config: runtime)),true,None)
Sending msg to client play-fork-run-57f7a8d6-7504-4ebf-b440-d8f9374ce5ac: TaskStarted(60,5088,None)
Sending msg to client play-fork-run-57f7a8d6-7504-4ebf-b440-d8f9374ce5ac: TaskFinished(60,5088,None,true,None)
Sending msg to client play-fork-run-57f7a8d6-7504-4ebf-b440-d8f9374ce5ac: TaskStarted(60,5087,Some(AttributeKey[scala.collection.Seq[sbt.Attributed[java.io.File]]]("playDependencyClasspath") in Scope(Build: file:/C:/Users/janin/git/de.htwg.webtech.MoerakiKemu/MoerakiKemu/, , Project: ProjectReference(file:/C:/Users/janin/git/de.htwg.webtech.MoerakiKemu/MoerakiKemu/,root))))
Sending msg to client play-fork-run-57f7a8d6-7504-4ebf-b440-d8f9374ce5ac: TaskFinished(60,5087,Some(AttributeKey[scala.collection.Seq[sbt.Attributed[java.io.File]]]("playDependencyClasspath") in Scope(Build: file:/C:/Users/janin/git/de.htwg.webtech.MoerakiKemu/MoerakiKemu/, , Project: ProjectReference(file:/C:/Users/janin/git/de.htwg.webtech.MoerakiKemu/MoerakiKemu/,root))),true,None)
Sending msg to client play-fork-run-57f7a8d6-7504-4ebf-b440-d8f9374ce5ac: TaskStarted(60,5086,Some(AttributeKey[play.forkrun.protocol.ForkConfig]("playForkConfig") in Scope(Build: file:/C:/Users/janin/git/de.htwg.webtech.MoerakiKemu/MoerakiKemu/, , Project: ProjectReference(file:/C:/Users/janin/git/de.htwg.webtech.MoerakiKemu/MoerakiKemu/,root))))
Sending msg to client play-fork-run-57f7a8d6-7504-4ebf-b440-d8f9374ce5ac: TaskFinished(60,5086,Some(AttributeKey[play.forkrun.protocol.ForkConfig]("playForkConfig") in Scope(Build: file:/C:/Users/janin/git/de.htwg.webtech.MoerakiKemu/MoerakiKemu/, , Project: ProjectReference(file:/C:/Users/janin/git/de.htwg.webtech.MoerakiKemu/MoerakiKemu/,root))),true,None)
Sending msg to client play-fork-run-57f7a8d6-7504-4ebf-b440-d8f9374ce5ac: DetachedLogEvent(LogStdErr(No dynamic serializer found (using manifest play.forkrun.protocol.ForkConfig) for ForkConfig(C:\Users\janin\git\de.htwg.webtech.MoerakiKemu\MoerakiKemu,List(-Djna.nosys=true),List(C:\Users\janin\git\de.htwg.webtech.MoerakiKemu\MoerakiKemu\lib\moeraki-kemu.jar, C:\Users\janin\.ivy2\cache\org.scala-lang\scala-library\jars\scala-library-2.11.7.jar, C:\Users\janin\Documents\FH\Webtech\typesafe-activator-1.3.10\activator-dist-1.3.10\repository\com.typesafe.play\twirl-api_2.11\1.1.1\jars\twirl-api_2.11.jar, C:\Users\janin\Documents\FH\Webtech\typesafe-activator-1.3.10\activator-dist-1.3.10\repository\org.apache.commons\commons-lang3\3.4\jars\commons-lang3.jar, C:\Users\janin\.ivy2\cache\org.scala-lang.modules\scala-xml_2.11\bundles\scala-xml_2.11-1.0.1.jar, C:\Users\janin\Documents\FH\Webtech\typesafe-activator-1.3.10\activator-dist-1.3.10\repository\com.typesafe.play\play-enhancer\1.1.0\jars\play-enhancer.jar, C:\Users\janin\.ivy2\cache\com.typesafe.play\play-server_2.11\jars\play-server_2.11-2.5.8.jar, C:\Users\janin\.ivy2\cache\com.typesafe.play\play_2.11\jars\play_2.11-2.5.8.jar, C:\Users\janin\.ivy2\cache\com.typesafe.play\build-link\jars\build-link-2.5.8.jar, C:\Users\janin\.ivy2\cache\com.typesafe.play\play-exceptions\jars\play-exceptions-2.5.8.jar, C:\Users\janin\.ivy2\cache\com.typesafe.play\play-iteratees_2.11\jars\play-iteratees_2.11-2.5.8.jar, C:\Users\janin\.ivy2\cache\org.scala-stm\scala-stm_2.11\jars\scala-stm_2.11-0.7.jar, C:\Users\janin\Documents\FH\Webtech\typesafe-activator-1.3.10\activator-dist-1.3.10\repository\com.typesafe\config\1.3.0\bundles\config.jar, C:\Users\janin\.ivy2\cache\com.typesafe.play\play-json_2.11\jars\play-json_2.11-2.5.8.jar, C:\Users\janin\.ivy2\cache\com.typesafe.play\play-functional_2.11\jars\play-functional_2.11-2.5.8.jar, C:\Users\janin\.ivy2\cache\com.typesafe.play\play-datacommons_2.11\jars\play-datacommons_2.11-2.5.8.jar, C:\Users\janin\.ivy2\cache\joda-time\joda-time\jars\joda-time-2.9.4.jar, C:\Users\janin\Documents\FH\Webtech\typesafe-activator-1.3.10\activator-dist-1.3.10\repository\org.joda\joda-convert\1.8.1\jars\joda-convert.jar, C:\Users\janin\.ivy2\cache\org.scala-lang\scala-reflect\jars\scala-reflect-2.11.7.jar, C:\Users\janin\.ivy2\cache\com.fasterxml.jackson.core\jackson-core\bundles\jackson-core-2.7.6.jar, C:\Users\janin\.ivy2\cache\com.fasterxml.jackson.core\jackson-annotations\bundles\jackson-annotations-2.7.6.jar, C:\Users\janin\.ivy2\cache\com.fasterxml.jackson.core\jackson-databind\bundles\jackson-databind-2.7.6.jar, C:\Users\janin\.ivy2\cache\com.fasterxml.jackson.datatype\jackson-datatype-jdk8\bundles\jackson-datatype-jdk8-2.7.6.jar, C:\Users\janin\.ivy2\cache\com.fasterxml.jackson.datatype\jackson-datatype-jsr310\bundles\jackson-datatype-jsr310-2.7.6.jar, C:\Users\janin\.ivy2\cache\com.typesafe.play\play-netty-utils\jars\play-netty-utils-2.5.8.jar, C:\Users\janin\Documents\FH\Webtech\typesafe-activator-1.3.10\activator-dist-1.3.10\repository\org.slf4j\slf4j-api\1.7.21\jars\slf4j-api.jar, C:\Users\janin\.ivy2\cache\org.slf4j\jul-to-slf4j\jars\jul-to-slf4j-1.7.21.jar, C:\Users\janin\.ivy2\cache\org.slf4j\jcl-over-slf4j\jars\jcl-over-slf4j-1.7.21.jar, C:\Users\janin\.ivy2\cache\com.typesafe.play\play-streams_2.11\jars\play-streams_2.11-2.5.8.jar, C:\Users\janin\Documents\FH\Webtech\typesafe-activator-1.3.10\activator-dist-1.3.10\repository\org.reactivestreams\reactive-streams\1.0.0\jars\reactive-streams.jar, C:\Users\janin\.ivy2\cache\com.typesafe.akka\akka-stream_2.11\jars\akka-stream_2.11-2.4.10.jar, C:\Users\janin\.ivy2\cache\com.typesafe.akka\akka-actor_2.11\jars\akka-actor_2.11-2.4.10.jar, C:\Users\janin\Documents\FH\Webtech\typesafe-activator-1.3.10\activator-dist-1.3.10\repository\org.scala-lang.modules\scala-java8-compat_2.11\0.7.0\bundles\scala-java8-compat_2.11.jar, C:\Users\janin\.ivy2\cache\com.typesafe\ssl-config-akka_2.11\bundles\ssl-config-akka_2.11-0.2.1.jar, C:\Users\janin\.ivy2\cache\com.typesafe\ssl-config-core_2.11\bundles\ssl-config-core_2.11-0.2.1.jar, C:\Users\janin\.ivy2\cache\org.scala-lang.modules\scala-parser-combinators_2.11\bundles\scala-parser-combinators_2.11-1.0.4.jar, C:\Users\janin\.ivy2\cache\com.typesafe.akka\akka-slf4j_2.11\jars\akka-slf4j_2.11-2.4.10.jar, C:\Users\janin\Documents\FH\Webtech\typesafe-activator-1.3.10\activator-dist-1.3.10\repository\commons-codec\commons-codec\1.10\jars\commons-codec.jar, C:\Users\janin\.ivy2\cache\xerces\xercesImpl\jars\xercesImpl-2.11.0.jar, C:\Users\janin\.ivy2\cache\xml-apis\xml-apis\jars\xml-apis-1.4.01.jar, C:\Users\janin\.ivy2\cache\javax.transaction\jta\jars\jta-1.1.jar, C:\Users\janin\Documents\FH\Webtech\typesafe-activator-1.3.10\activator-dist-1.3.10\repository\com.google.inject\guice\4.0\jars\guice.jar, C:\Users\janin\Documents\FH\Webtech\typesafe-activator-1.3.10\activator-dist-1.3.10\repository\javax.inject\javax.inject\1\jars\javax.inject.jar, C:\Users\janin\Documents\FH\Webtech\typesafe-activator-1.3.10\activator-dist-1.3.10\repository\aopalliance\aopalliance\1.0\jars\aopalliance.jar, C:\Users\janin\Documents\FH\Webtech\typesafe-activator-1.3.10\activator-dist-1.3.10\repository\com.google.inject.extensions\guice-assistedinject\4.0\jars\guice-assistedinject.jar, C:\Users\janin\.ivy2\cache\com.typesafe.play\play-java_2.11\jars\play-java_2.11-2.5.8.jar, C:\Users\janin\Documents\FH\Webtech\typesafe-activator-1.3.10\activator-dist-1.3.10\repository\org.yaml\snakeyaml\1.16\bundles\snakeyaml.jar, C:\Users\janin\Documents\FH\Webtech\typesafe-activator-1.3.10\activator-dist-1.3.10\repository\org.hibernate\hibernate-validator\5.2.4.Final\jars\hibernate-validator.jar, C:\Users\janin\Documents\FH\Webtech\typesafe-activator-1.3.10\activator-dist-1.3.10\repository\javax.validation\validation-api\1.1.0.Final\jars\validation-api.jar, C:\Users\janin\Documents\FH\Webtech\typesafe-activator-1.3.10\activator-dist-1.3.10\repository\org.jboss.logging\jboss-logging\3.2.1.Final\jars\jboss-logging.jar, C:\Users\janin\Documents\FH\Webtech\typesafe-activator-1.3.10\activator-dist-1.3.10\repository\com.fasterxml\classmate\1.1.0\bundles\classmate.jar, C:\Users\janin\Documents\FH\Webtech\typesafe-activator-1.3.10\activator-dist-1.3.10\repository\javax.el\javax.el-api\3.0.0\jars\javax.el-api.jar, C:\Users\janin\.ivy2\cache\org.springframework\spring-context\jars\spring-context-4.2.7.RELEASE.jar, C:\Users\janin\.ivy2\cache\org.springframework\spring-core\jars\spring-core-4.2.7.RELEASE.jar, C:\Users\janin\.ivy2\cache\org.springframework\spring-beans\jars\spring-beans-4.2.7.RELEASE.jar, C:\Users\janin\Documents\FH\Webtech\typesafe-activator-1.3.10\activator-dist-1.3.10\repository\org.reflections\reflections\0.9.10\jars\reflections.jar, C:\Users\janin\Documents\FH\Webtech\typesafe-activator-1.3.10\activator-dist-1.3.10\repository\com.google.guava\guava\19.0\bundles\guava.jar, C:\Users\janin\Documents\FH\Webtech\typesafe-activator-1.3.10\activator-dist-1.3.10\repository\net.jodah\typetools\0.4.4\bundles\typetools.jar, C:\Users\janin\Documents\FH\Webtech\typesafe-activator-1.3.10\activator-dist-1.3.10\repository\com.google.code.findbugs\jsr305\3.0.1\jars\jsr305.jar, C:\Users\janin\.ivy2\cache\org.apache.tomcat\tomcat-servlet-api\jars\tomcat-servlet-api-8.0.33.jar, C:\Users\janin\.ivy2\cache\com.typesafe.play\play-netty-server_2.11\jars\play-netty-server_2.11-2.5.8.jar, C:\Users\janin\.ivy2\cache\com.typesafe.netty\netty-reactive-streams-http\jars\netty-reactive-streams-http-1.0.8.jar, C:\Users\janin\.ivy2\cache\com.typesafe.netty\netty-reactive-streams\jars\netty-reactive-streams-1.0.8.jar, C:\Users\janin\.ivy2\cache\io.netty\netty-handler\jars\netty-handler-4.0.41.Final.jar, C:\Users\janin\.ivy2\cache\io.netty\netty-buffer\jars\netty-buffer-4.0.41.Final.jar, C:\Users\janin\.ivy2\cache\io.netty\netty-common\jars\netty-common-4.0.41.Final.jar, C:\Users\janin\.ivy2\cache\io.netty\netty-transport\jars\netty-transport-4.0.41.Final.jar, C:\Users\janin\.ivy2\cache\io.netty\netty-codec\jars\netty-codec-4.0.41.Final.jar, C:\Users\janin\.ivy2\cache\io.netty\netty-codec-http\jars\netty-codec-http-4.0.41.Final.jar, C:\Users\janin\.ivy2\cache\io.netty\netty-transport-native-epoll\jars\netty-transport-native-epoll-4.0.41.Final-linux-x86_64.jar, C:\Users\janin\.ivy2\cache\com.typesafe.play\play-logback_2.11\jars\play-logback_2.11-2.5.8.jar, C:\Users\janin\.ivy2\cache\ch.qos.logback\logback-classic\jars\logback-classic-1.1.7.jar, C:\Users\janin\.ivy2\cache\ch.qos.logback\logback-core\jars\logback-core-1.1.7.jar, C:\Users\janin\.ivy2\cache\com.typesafe.play\play-java-jdbc_2.11\jars\play-java-jdbc_2.11-2.5.8.jar, C:\Users\janin\.ivy2\cache\com.typesafe.play\play-jdbc_2.11\jars\play-jdbc_2.11-2.5.8.jar, C:\Users\janin\.ivy2\cache\com.typesafe.play\play-jdbc-api_2.11\jars\play-jdbc-api_2.11-2.5.8.jar, C:\Users\janin\Documents\FH\Webtech\typesafe-activator-1.3.10\activator-dist-1.3.10\repository\com.jolbox\bonecp\0.8.0.RELEASE\bundles\bonecp.jar, C:\Users\janin\.ivy2\cache\com.zaxxer\HikariCP\bundles\HikariCP-2.5.0.jar, C:\Users\janin\Documents\FH\Webtech\typesafe-activator-1.3.10\activator-dist-1.3.10\repository\com.googlecode.usc\jdbcdslog\1.0.6.2\jars\jdbcdslog.jar, C:\Users\janin\.ivy2\cache\com.h2database\h2\jars\h2-1.4.192.jar, C:\Users\janin\Documents\FH\Webtech\typesafe-activator-1.3.10\activator-dist-1.3.10\repository\tyrex\tyrex\1.0.1\jars\tyrex.jar, C:\Users\janin\.ivy2\cache\com.typesafe.play\play-cache_2.11\jars\play-cache_2.11-2.5.8.jar, C:\Users\janin\Documents\FH\Webtech\typesafe-activator-1.3.10\activator-dist-1.3.10\repository\net.sf.ehcache\ehcache-core\2.6.11\jars\ehcache-core.jar, C:\Users\janin\.ivy2\cache\com.typesafe.play\play-java-ws_2.11\jars\play-java-ws_2.11-2.5.8.jar, C:\Users\janin\.ivy2\cache\com.typesafe.play\play-ws_2.11\jars\play-ws_2.11-2.5.8.jar, C:\Users\janin\.ivy2\cache\org.asynchttpclient\async-http-client\jars\async-http-client-2.0.11.jar, C:\Users\janin\.ivy2\cache\org.asynchttpclient\netty-resolver-dns\jars\netty-resolver-dns-2.0.11.jar, C:\Users\janin\.ivy2\cache\org.asynchttpclient\netty-resolver\jars\netty-resolver-2.0.11.jar, C:\Users\janin\.ivy2\cache\org.asynchttpclient\netty-codec-dns\jars\netty-codec-dns-2.0.11.jar, C:\Users\janin\Documents\FH\Webtech\typesafe-activator-1.3.10\activator-dist-1.3.10\repository\org.javassist\javassist\3.20.0-GA\bundles\javassist.jar, C:\Users\janin\.ivy2\cache\oauth.signpost\signpost-core\jars\signpost-core-1.2.1.2.jar, C:\Users\janin\.ivy2\cache\oauth.signpost\signpost-commonshttp4\jars\signpost-commonshttp4-1.2.1.2.jar, C:\Users\janin\Documents\FH\Webtech\typesafe-activator-1.3.10\activator-dist-1.3.10\repository\org.apache.httpcomponents\httpcore\4.0.1\jars\httpcore.jar, C:\Users\janin\Documents\FH\Webtech\typesafe-activator-1.3.10\activator-dist-1.3.10\repository\org.apache.httpcomponents\httpclient\4.0.1\jars\httpclient.jar, C:\Users\janin\.ivy2\cache\commons-logging\commons-logging\jars\commons-logging-1.1.1.jar),List((public/,C:\Users\janin\git\de.htwg.webtech.MoerakiKemu\MoerakiKemu\target\web\public\main)),List(C:\Users\janin\.ivy2\cache\com.typesafe.play\play-omnidoc_2.11\jars\play-omnidoc_2.11-2.5.8.jar, C:\Users\janin\.ivy2\cache\org.scala-lang\scala-library\jars\scala-library-2.11.7.jar, C:\Users\janin\.ivy2\cache\com.typesafe.play\play-docs_2.11\jars\play-docs_2.11-2.5.8.jar, C:\Users\janin\.ivy2\cache\com.typesafe.play\play-netty-server_2.11\jars\play-netty-server_2.11-2.5.8.jar, C:\Users\janin\.ivy2\cache\com.typesafe.play\play-server_2.11\jars\play-server_2.11-2.5.8.jar, C:\Users\janin\.ivy2\cache\com.typesafe.play\play_2.11\jars\play_2.11-2.5.8.jar, C:\Users\janin\.ivy2\cache\com.typesafe.play\build-link\jars\build-link-2.5.8.jar, C:\Users\janin\.ivy2\cache\com.typesafe.play\play-exceptions\jars\play-exceptions-2.5.8.jar, C:\Users\janin\.ivy2\cache\com.typesafe.play\play-iteratees_2.11\jars\play-iteratees_2.11-2.5.8.jar, C:\Users\janin\.ivy2\cache\org.scala-stm\scala-stm_2.11\jars\scala-stm_2.11-0.7.jar, C:\Users\janin\Documents\FH\Webtech\typesafe-activator-1.3.10\activator-dist-1.3.10\repository\com.typesafe\config\1.3.0\bundles\config.jar, C:\Users\janin\.ivy2\cache\com.typesafe.play\play-json_2.11\jars\play-json_2.11-2.5.8.jar, C:\Users\janin\.ivy2\cache\com.typesafe.play\play-functional_2.11\jars\play-functional_2.11-2.5.8.jar, C:\Users\janin\.ivy2\cache\com.typesafe.play\play-datacommons_2.11\jars\play-datacommons_2.11-2.5.8.jar, C:\Users\janin\.ivy2\cache\joda-time\joda-time\jars\joda-time-2.9.4.jar, C:\Users\janin\Documents\FH\Webtech\typesafe-activator-1.3.10\activator-dist-1.3.10\repository\org.joda\joda-convert\1.8.1\jars\joda-convert.jar, C:\Users\janin\.ivy2\cache\org.scala-lang\scala-reflect\jars\scala-reflect-2.11.7.jar, C:\Users\janin\.ivy2\cache\com.fasterxml.jackson.core\jackson-core\bundles\jackson-core-2.7.6.jar, C:\Users\janin\.ivy2\cache\com.fasterxml.jackson.core\jackson-annotations\bundles\jackson-annotations-2.7.6.jar, C:\Users\janin\.ivy2\cache\com.fasterxml.jackson.core\jackson-databind\bundles\jackson-databind-2.7.6.jar, C:\Users\janin\.ivy2\cache\com.fasterxml.jackson.datatype\jackson-datatype-jdk8\bundles\jackson-datatype-jdk8-2.7.6.jar, C:\Users\janin\.ivy2\cache\com.fasterxml.jackson.datatype\jackson-datatype-jsr310\bundles\jackson-datatype-jsr310-2.7.6.jar, C:\Users\janin\.ivy2\cache\com.typesafe.play\play-netty-utils\jars\play-netty-utils-2.5.8.jar, C:\Users\janin\Documents\FH\Webtech\typesafe-activator-1.3.10\activator-dist-1.3.10\repository\org.slf4j\slf4j-api\1.7.21\jars\slf4j-api.jar, C:\Users\janin\.ivy2\cache\org.slf4j\jul-to-slf4j\jars\jul-to-slf4j-1.7.21.jar, C:\Users\janin\.ivy2\cache\org.slf4j\jcl-over-slf4j\jars\jcl-over-slf4j-1.7.21.jar, C:\Users\janin\.ivy2\cache\com.typesafe.play\play-streams_2.11\jars\play-streams_2.11-2.5.8.jar, C:\Users\janin\Documents\FH\Webtech\typesafe-activator-1.3.10\activator-dist-1.3.10\repository\org.reactivestreams\reactive-streams\1.0.0\jars\reactive-streams.jar, C:\Users\janin\.ivy2\cache\com.typesafe.akka\akka-stream_2.11\jars\akka-stream_2.11-2.4.10.jar, C:\Users\janin\.ivy2\cache\com.typesafe.akka\akka-actor_2.11\jars\akka-actor_2.11-2.4.10.jar, C:\Users\janin\Documents\FH\Webtech\typesafe-activator-1.3.10\activator-dist-1.3.10\repository\org.scala-lang.modules\scala-java8-compat_2.11\0.7.0\bundles\scala-java8-compat_2.11.jar, C:\Users\janin\.ivy2\cache\com.typesafe\ssl-config-akka_2.11\bundles\ssl-config-akka_2.11-0.2.1.jar, C:\Users\janin\.ivy2\cache\com.typesafe\ssl-config-core_2.11\bundles\ssl-config-core_2.11-0.2.1.jar, C:\Users\janin\.ivy2\cache\org.scala-lang.modules\scala-parser-combinators_2.11\bundles\scala-parser-combinators_2.11-1.0.4.jar, C:\Users\janin\Documents\FH\Webtech\typesafe-activator-1.3.10\activator-dist-1.3.10\repository\com.typesafe.play\twirl-api_2.11\1.1.1\jars\twirl-api_2.11.jar, C:\Users\janin\Documents\FH\Webtech\typesafe-activator-1.3.10\activator-dist-1.3.10\repository\org.apache.commons\commons-lang3\3.4\jars\commons-lang3.jar, C:\Users\janin\.ivy2\cache\org.scala-lang.modules\scala-xml_2.11\bundles\scala-xml_2.11-1.0.1.jar, C:\Users\janin\.ivy2\cache\com.typesafe.akka\akka-slf4j_2.11\jars\akka-slf4j_2.11-2.4.10.jar, C:\Users\janin\Documents\FH\Webtech\typesafe-activator-1.3.10\activator-dist-1.3.10\repository\commons-codec\commons-codec\1.10\jars\commons-codec.jar, C:\Users\janin\.ivy2\cache\xerces\xercesImpl\jars\xercesImpl-2.11.0.jar, C:\Users\janin\.ivy2\cache\xml-apis\xml-apis\jars\xml-apis-1.4.01.jar, C:\Users\janin\.ivy2\cache\javax.transaction\jta\jars\jta-1.1.jar, C:\Users\janin\Documents\FH\Webtech\typesafe-activator-1.3.10\activator-dist-1.3.10\repository\com.google.inject\guice\4.0\jars\guice.jar, C:\Users\janin\Documents\FH\Webtech\typesafe-activator-1.3.10\activator-dist-1.3.10\repository\javax.inject\javax.inject\1\jars\javax.inject.jar, C:\Users\janin\Documents\FH\Webtech\typesafe-activator-1.3.10\activator-dist-1.3.10\repository\aopalliance\aopalliance\1.0\jars\aopalliance.jar, C:\Users\janin\.ivy2\cache\com.google.guava\guava\bundles\guava-16.0.1.jar, C:\Users\janin\Documents\FH\Webtech\typesafe-activator-1.3.10\activator-dist-1.3.10\repository\com.google.inject.extensions\guice-assistedinject\4.0\jars\guice-assistedinject.jar, C:\Users\janin\.ivy2\cache\com.typesafe.netty\netty-reactive-streams-http\jars\netty-reactive-streams-http-1.0.8.jar, C:\Users\janin\.ivy2\cache\com.typesafe.netty\netty-reactive-streams\jars\netty-reactive-streams-1.0.8.jar, C:\Users\janin\.ivy2\cache\io.netty\netty-handler\jars\netty-handler-4.0.41.Final.jar, C:\Users\janin\.ivy2\cache\io.netty\netty-buffer\jars\netty-buffer-4.0.41.Final.jar, C:\Users\janin\.ivy2\cache\io.netty\netty-common\jars\netty-common-4.0.41.Final.jar, C:\Users\janin\.ivy2\cache\io.netty\netty-transport\jars\netty-transport-4.0.41.Final.jar, C:\Users\janin\.ivy2\cache\io.netty\netty-codec\jars\netty-codec-4.0.41.Final.jar, C:\Users\janin\.ivy2\cache\io.netty\netty-codec-http\jars\netty-codec-http-4.0.41.Final.jar, C:\Users\janin\.ivy2\cache\io.netty\netty-transport-native-epoll\jars\netty-transport-native-epoll-4.0.41.Final-linux-x86_64.jar, C:\Users\janin\Documents\FH\Webtech\typesafe-activator-1.3.10\activator-dist-1.3.10\repository\com.typesafe.play\play-doc_2.11\1.2.2\jars\play-doc_2.11.jar, C:\Users\janin\Documents\FH\Webtech\typesafe-activator-1.3.10\activator-dist-1.3.10\repository\org.pegdown\pegdown\1.4.0\jars\pegdown.jar, C:\Users\janin\Documents\FH\Webtech\typesafe-activator-1.3.10\activator-dist-1.3.10\repository\org.parboiled\parboiled-java\1.1.5\bundles\parboiled-java.jar, C:\Users\janin\Documents\FH\Webtech\typesafe-activator-1.3.10\activator-dist-1.3.10\repository\org.parboiled\parboiled-core\1.1.5\bundles\parboiled-core.jar, C:\Users\janin\Documents\FH\Webtech\typesafe-activator-1.3.10\activator-dist-1.3.10\repository\org.ow2.asm\asm\4.1\jars\asm.jar, C:\Users\janin\Documents\FH\Webtech\typesafe-activator-1.3.10\activator-dist-1.3.10\repository\org.ow2.asm\asm-tree\4.1\jars\asm-tree.jar, C:\Users\janin\Documents\FH\Webtech\typesafe-activator-1.3.10\activator-dist-1.3.10\repository\org.ow2.asm\asm-analysis\4.1\jars\asm-analysis.jar, C:\Users\janin\Documents\FH\Webtech\typesafe-activator-1.3.10\activator-dist-1.3.10\repository\org.ow2.asm\asm-util\4.1\jars\asm-util.jar, C:\Users\janin\Documents\FH\Webtech\typesafe-activator-1.3.10\activator-dist-1.3.10\repository\commons-io\commons-io\2.4\jars\commons-io.jar),Some(C:\Users\janin\.ivy2\cache\com.typesafe.play\play-omnidoc_2.11\jars\play-omnidoc_2.11-2.5.8.jar),List(),9000,0.0.0.0,DefaultWatchService,List(C:\Users\janin\git\de.htwg.webtech.MoerakiKemu\MoerakiKemu\public, C:\Users\janin\git\de.htwg.webtech.MoerakiKemu\MoerakiKemu\conf, C:\Users\janin\git\de.htwg.webtech.MoerakiKemu\MoerakiKemu\app),C:\Users\janin\git\de.htwg.webtech.MoerakiKemu\MoerakiKemu\target,500,root/playForkNotifyStart,root/playForkReload,300000,play.core.server.DevServerStart)))
Sending msg to client play-fork-run-57f7a8d6-7504-4ebf-b440-d8f9374ce5ac: ValueChanged(AttributeKey[play.forkrun.protocol.ForkConfig]("playForkConfig") in Scope(Build: file:/C:/Users/janin/git/de.htwg.webtech.MoerakiKemu/MoerakiKemu/, , Project: ProjectReference(file:/C:/Users/janin/git/de.htwg.webtech.MoerakiKemu/MoerakiKemu/,root)),TaskSuccess(BuildValue(LazyValue(TransientValue(),sbt.server.TransientValue$SbtServerTransientValuePickler1$2$@4bda0db9),ForkConfig(C:\Users\janin\git\de.htwg.webtech.MoerakiKemu\MoerakiKemu,List(-Djna.nosys=true),List(C:\Users\janin\git\de.htwg.webtech.MoerakiKemu\MoerakiKemu\lib\moeraki-kemu.jar, C:\Users\janin\.ivy2\cache\org.scala-lang\scala-library\jars\scala-library-2.11.7.jar, C:\Users\janin\Documents\FH\Webtech\typesafe-activator-1.3.10\activator-dist-1.3.10\repository\com.typesafe.play\twirl-api_2.11\1.1.1\jars\twirl-api_2.11.jar, C:\Users\janin\Documents\FH\Webtech\typesafe-activator-1.3.10\activator-dist-1.3.10\repository\org.apache.commons\commons-lang3\3.4\jars\commons-lang3.jar, C:\Users\janin\.ivy2\cache\org.scala-lang.modules\scala-xml_2.11\bundles\scala-xml_2.11-1.0.1.jar, C:\Users\janin\Documents\FH\Webtech\typesafe-activator-1.3.10\activator-dist-1.3.10\repository\com.typesafe.play\play-enhancer\1.1.0\jars\play-enhancer.jar, C:\Users\janin\.ivy2\cache\com.typesafe.play\play-server_2.11\jars\play-server_2.11-2.5.8.jar, C:\Users\janin\.ivy2\cache\com.typesafe.play\play_2.11\jars\play_2.11-2.5.8.jar, C:\Users\janin\.ivy2\cache\com.typesafe.play\build-link\jars\build-link-2.5.8.jar, C:\Users\janin\.ivy2\cache\com.typesafe.play\play-exceptions\jars\play-exceptions-2.5.8.jar, C:\Users\janin\.ivy2\cache\com.typesafe.play\play-iteratees_2.11\jars\play-iteratees_2.11-2.5.8.jar, C:\Users\janin\.ivy2\cache\org.scala-stm\scala-stm_2.11\jars\scala-stm_2.11-0.7.jar, C:\Users\janin\Documents\FH\Webtech\typesafe-activator-1.3.10\activator-dist-1.3.10\repository\com.typesafe\config\1.3.0\bundles\config.jar, C:\Users\janin\.ivy2\cache\com.typesafe.play\play-json_2.11\jars\play-json_2.11-2.5.8.jar, C:\Users\janin\.ivy2\cache\com.typesafe.play\play-functional_2.11\jars\play-functional_2.11-2.5.8.jar, C:\Users\janin\.ivy2\cache\com.typesafe.play\play-datacommons_2.11\jars\play-datacommons_2.11-2.5.8.jar, C:\Users\janin\.ivy2\cache\joda-time\joda-time\jars\joda-time-2.9.4.jar, C:\Users\janin\Documents\FH\Webtech\typesafe-activator-1.3.10\activator-dist-1.3.10\repository\org.joda\joda-convert\1.8.1\jars\joda-convert.jar, C:\Users\janin\.ivy2\cache\org.scala-lang\scala-reflect\jars\scala-reflect-2.11.7.jar, C:\Users\janin\.ivy2\cache\com.fasterxml.jackson.core\jackson-core\bundles\jackson-core-2.7.6.jar, C:\Users\janin\.ivy2\cache\com.fasterxml.jackson.core\jackson-annotations\bundles\jackson-annotations-2.7.6.jar, C:\Users\janin\.ivy2\cache\com.fasterxml.jackson.core\jackson-databind\bundles\jackson-databind-2.7.6.jar, C:\Users\janin\.ivy2\cache\com.fasterxml.jackson.datatype\jackson-datatype-jdk8\bundles\jackson-datatype-jdk8-2.7.6.jar, C:\Users\janin\.ivy2\cache\com.fasterxml.jackson.datatype\jackson-datatype-jsr310\bundles\jackson-datatype-jsr310-2.7.6.jar, C:\Users\janin\.ivy2\cache\com.typesafe.play\play-netty-utils\jars\play-netty-utils-2.5.8.jar, C:\Users\janin\Documents\FH\Webtech\typesafe-activator-1.3.10\activator-dist-1.3.10\repository\org.slf4j\slf4j-api\1.7.21\jars\slf4j-api.jar, C:\Users\janin\.ivy2\cache\org.slf4j\jul-to-slf4j\jars\jul-to-slf4j-1.7.21.jar, C:\Users\janin\.ivy2\cache\org.slf4j\jcl-over-slf4j\jars\jcl-over-slf4j-1.7.21.jar, C:\Users\janin\.ivy2\cache\com.typesafe.play\play-streams_2.11\jars\play-streams_2.11-2.5.8.jar, C:\Users\janin\Documents\FH\Webtech\typesafe-activator-1.3.10\activator-dist-1.3.10\repository\org.reactivestreams\reactive-streams\1.0.0\jars\reactive-streams.jar, C:\Users\janin\.ivy2\cache\com.typesafe.akka\akka-stream_2.11\jars\akka-stream_2.11-2.4.10.jar, C:\Users\janin\.ivy2\cache\com.typesafe.akka\akka-actor_2.11\jars\akka-actor_2.11-2.4.10.jar, C:\Users\janin\Documents\FH\Webtech\typesafe-activator-1.3.10\activator-dist-1.3.10\repository\org.scala-lang.modules\scala-java8-compat_2.11\0.7.0\bundles\scala-java8-compat_2.11.jar, C:\Users\janin\.ivy2\cache\com.typesafe\ssl-config-akka_2.11\bundles\ssl-config-akka_2.11-0.2.1.jar, C:\Users\janin\.ivy2\cache\com.typesafe\ssl-config-core_2.11\bundles\ssl-config-core_2.11-0.2.1.jar, C:\Users\janin\.ivy2\cache\org.scala-lang.modules\scala-parser-combinators_2.11\bundles\scala-parser-combinators_2.11-1.0.4.jar, C:\Users\janin\.ivy2\cache\com.typesafe.akka\akka-slf4j_2.11\jars\akka-slf4j_2.11-2.4.10.jar, C:\Users\janin\Documents\FH\Webtech\typesafe-activator-1.3.10\activator-dist-1.3.10\repository\commons-codec\commons-codec\1.10\jars\commons-codec.jar, C:\Users\janin\.ivy2\cache\xerces\xercesImpl\jars\xercesImpl-2.11.0.jar, C:\Users\janin\.ivy2\cache\xml-apis\xml-apis\jars\xml-apis-1.4.01.jar, C:\Users\janin\.ivy2\cache\javax.transaction\jta\jars\jta-1.1.jar, C:\Users\janin\Documents\FH\Webtech\typesafe-activator-1.3.10\activator-dist-1.3.10\repository\com.google.inject\guice\4.0\jars\guice.jar, C:\Users\janin\Documents\FH\Webtech\typesafe-activator-1.3.10\activator-dist-1.3.10\repository\javax.inject\javax.inject\1\jars\javax.inject.jar, C:\Users\janin\Documents\FH\Webtech\typesafe-activator-1.3.10\activator-dist-1.3.10\repository\aopalliance\aopalliance\1.0\jars\aopalliance.jar, C:\Users\janin\Documents\FH\Webtech\typesafe-activator-1.3.10\activator-dist-1.3.10\repository\com.google.inject.extensions\guice-assistedinject\4.0\jars\guice-assistedinject.jar, C:\Users\janin\.ivy2\cache\com.typesafe.play\play-java_2.11\jars\play-java_2.11-2.5.8.jar, C:\Users\janin\Documents\FH\Webtech\typesafe-activator-1.3.10\activator-dist-1.3.10\repository\org.yaml\snakeyaml\1.16\bundles\snakeyaml.jar, C:\Users\janin\Documents\FH\Webtech\typesafe-activator-1.3.10\activator-dist-1.3.10\repository\org.hibernate\hibernate-validator\5.2.4.Final\jars\hibernate-validator.jar, C:\Users\janin\Documents\FH\Webtech\typesafe-activator-1.3.10\activator-dist-1.3.10\repository\javax.validation\validation-api\1.1.0.Final\jars\validation-api.jar, C:\Users\janin\Documents\FH\Webtech\typesafe-activator-1.3.10\activator-dist-1.3.10\repository\org.jboss.logging\jboss-logging\3.2.1.Final\jars\jboss-logging.jar, C:\Users\janin\Documents\FH\Webtech\typesafe-activator-1.3.10\activator-dist-1.3.10\repository\com.fasterxml\classmate\1.1.0\bundles\classmate.jar, C:\Users\janin\Documents\FH\Webtech\typesafe-activator-1.3.10\activator-dist-1.3.10\repository\javax.el\javax.el-api\3.0.0\jars\javax.el-api.jar, C:\Users\janin\.ivy2\cache\org.springframework\spring-context\jars\spring-context-4.2.7.RELEASE.jar, C:\Users\janin\.ivy2\cache\org.springframework\spring-core\jars\spring-core-4.2.7.RELEASE.jar, C:\Users\janin\.ivy2\cache\org.springframework\spring-beans\jars\spring-beans-4.2.7.RELEASE.jar, C:\Users\janin\Documents\FH\Webtech\typesafe-activator-1.3.10\activator-dist-1.3.10\repository\org.reflections\reflections\0.9.10\jars\reflections.jar, C:\Users\janin\Documents\FH\Webtech\typesafe-activator-1.3.10\activator-dist-1.3.10\repository\com.google.guava\guava\19.0\bundles\guava.jar, C:\Users\janin\Documents\FH\Webtech\typesafe-activator-1.3.10\activator-dist-1.3.10\repository\net.jodah\typetools\0.4.4\bundles\typetools.jar, C:\Users\janin\Documents\FH\Webtech\typesafe-activator-1.3.10\activator-dist-1.3.10\repository\com.google.code.findbugs\jsr305\3.0.1\jars\jsr305.jar, C:\Users\janin\.ivy2\cache\org.apache.tomcat\tomcat-servlet-api\jars\tomcat-servlet-api-8.0.33.jar, C:\Users\janin\.ivy2\cache\com.typesafe.play\play-netty-server_2.11\jars\play-netty-server_2.11-2.5.8.jar, C:\Users\janin\.ivy2\cache\com.typesafe.netty\netty-reactive-streams-http\jars\netty-reactive-streams-http-1.0.8.jar, C:\Users\janin\.ivy2\cache\com.typesafe.netty\netty-reactive-streams\jars\netty-reactive-streams-1.0.8.jar, C:\Users\janin\.ivy2\cache\io.netty\netty-handler\jars\netty-handler-4.0.41.Final.jar, C:\Users\janin\.ivy2\cache\io.netty\netty-buffer\jars\netty-buffer-4.0.41.Final.jar, C:\Users\janin\.ivy2\cache\io.netty\netty-common\jars\netty-common-4.0.41.Final.jar, C:\Users\janin\.ivy2\cache\io.netty\netty-transport\jars\netty-transport-4.0.41.Final.jar, C:\Users\janin\.ivy2\cache\io.netty\netty-codec\jars\netty-codec-4.0.41.Final.jar, C:\Users\janin\.ivy2\cache\io.netty\netty-codec-http\jars\netty-codec-http-4.0.41.Final.jar, C:\Users\janin\.ivy2\cache\io.netty\netty-transport-native-epoll\jars\netty-transport-native-epoll-4.0.41.Final-linux-x86_64.jar, C:\Users\janin\.ivy2\cache\com.typesafe.play\play-logback_2.11\jars\play-logback_2.11-2.5.8.jar, C:\Users\janin\.ivy2\cache\ch.qos.logback\logback-classic\jars\logback-classic-1.1.7.jar, C:\Users\janin\.ivy2\cache\ch.qos.logback\logback-core\jars\logback-core-1.1.7.jar, C:\Users\janin\.ivy2\cache\com.typesafe.play\play-java-jdbc_2.11\jars\play-java-jdbc_2.11-2.5.8.jar, C:\Users\janin\.ivy2\cache\com.typesafe.play\play-jdbc_2.11\jars\play-jdbc_2.11-2.5.8.jar, C:\Users\janin\.ivy2\cache\com.typesafe.play\play-jdbc-api_2.11\jars\play-jdbc-api_2.11-2.5.8.jar, C:\Users\janin\Documents\FH\Webtech\typesafe-activator-1.3.10\activator-dist-1.3.10\repository\com.jolbox\bonecp\0.8.0.RELEASE\bundles\bonecp.jar, C:\Users\janin\.ivy2\cache\com.zaxxer\HikariCP\bundles\HikariCP-2.5.0.jar, C:\Users\janin\Documents\FH\Webtech\typesafe-activator-1.3.10\activator-dist-1.3.10\repository\com.googlecode.usc\jdbcdslog\1.0.6.2\jars\jdbcdslog.jar, C:\Users\janin\.ivy2\cache\com.h2database\h2\jars\h2-1.4.192.jar, C:\Users\janin\Documents\FH\Webtech\typesafe-activator-1.3.10\activator-dist-1.3.10\repository\tyrex\tyrex\1.0.1\jars\tyrex.jar, C:\Users\janin\.ivy2\cache\com.typesafe.play\play-cache_2.11\jars\play-cache_2.11-2.5.8.jar, C:\Users\janin\Documents\FH\Webtech\typesafe-activator-1.3.10\activator-dist-1.3.10\repository\net.sf.ehcache\ehcache-core\2.6.11\jars\ehcache-core.jar, C:\Users\janin\.ivy2\cache\com.typesafe.play\play-java-ws_2.11\jars\play-java-ws_2.11-2.5.8.jar, C:\Users\janin\.ivy2\cache\com.typesafe.play\play-ws_2.11\jars\play-ws_2.11-2.5.8.jar, C:\Users\janin\.ivy2\cache\org.asynchttpclient\async-http-client\jars\async-http-client-2.0.11.jar, C:\Users\janin\.ivy2\cache\org.asynchttpclient\netty-resolver-dns\jars\netty-resolver-dns-2.0.11.jar, C:\Users\janin\.ivy2\cache\org.asynchttpclient\netty-resolver\jars\netty-resolver-2.0.11.jar, C:\Users\janin\.ivy2\cache\org.asynchttpclient\netty-codec-dns\jars\netty-codec-dns-2.0.11.jar, C:\Users\janin\Documents\FH\Webtech\typesafe-activator-1.3.10\activator-dist-1.3.10\repository\org.javassist\javassist\3.20.0-GA\bundles\javassist.jar, C:\Users\janin\.ivy2\cache\oauth.signpost\signpost-core\jars\signpost-core-1.2.1.2.jar, C:\Users\janin\.ivy2\cache\oauth.signpost\signpost-commonshttp4\jars\signpost-commonshttp4-1.2.1.2.jar, C:\Users\janin\Documents\FH\Webtech\typesafe-activator-1.3.10\activator-dist-1.3.10\repository\org.apache.httpcomponents\httpcore\4.0.1\jars\httpcore.jar, C:\Users\janin\Documents\FH\Webtech\typesafe-activator-1.3.10\activator-dist-1.3.10\repository\org.apache.httpcomponents\httpclient\4.0.1\jars\httpclient.jar, C:\Users\janin\.ivy2\cache\commons-logging\commons-logging\jars\commons-logging-1.1.1.jar),List((public/,C:\Users\janin\git\de.htwg.webtech.MoerakiKemu\MoerakiKemu\target\web\public\main)),List(C:\Users\janin\.ivy2\cache\com.typesafe.play\play-omnidoc_2.11\jars\play-omnidoc_2.11-2.5.8.jar, C:\Users\janin\.ivy2\cache\org.scala-lang\scala-library\jars\scala-library-2.11.7.jar, C:\Users\janin\.ivy2\cache\com.typesafe.play\play-docs_2.11\jars\play-docs_2.11-2.5.8.jar, C:\Users\janin\.ivy2\cache\com.typesafe.play\play-netty-server_2.11\jars\play-netty-server_2.11-2.5.8.jar, C:\Users\janin\.ivy2\cache\com.typesafe.play\play-server_2.11\jars\play-server_2.11-2.5.8.jar, C:\Users\janin\.ivy2\cache\com.typesafe.play\play_2.11\jars\play_2.11-2.5.8.jar, C:\Users\janin\.ivy2\cache\com.typesafe.play\build-link\jars\build-link-2.5.8.jar, C:\Users\janin\.ivy2\cache\com.typesafe.play\play-exceptions\jars\play-exceptions-2.5.8.jar, C:\Users\janin\.ivy2\cache\com.typesafe.play\play-iteratees_2.11\jars\play-iteratees_2.11-2.5.8.jar, C:\Users\janin\.ivy2\cache\org.scala-stm\scala-stm_2.11\jars\scala-stm_2.11-0.7.jar, C:\Users\janin\Documents\FH\Webtech\typesafe-activator-1.3.10\activator-dist-1.3.10\repository\com.typesafe\config\1.3.0\bundles\config.jar, C:\Users\janin\.ivy2\cache\com.typesafe.play\play-json_2.11\jars\play-json_2.11-2.5.8.jar, C:\Users\janin\.ivy2\cache\com.typesafe.play\play-functional_2.11\jars\play-functional_2.11-2.5.8.jar, C:\Users\janin\.ivy2\cache\com.typesafe.play\play-datacommons_2.11\jars\play-datacommons_2.11-2.5.8.jar, C:\Users\janin\.ivy2\cache\joda-time\joda-time\jars\joda-time-2.9.4.jar, C:\Users\janin\Documents\FH\Webtech\typesafe-activator-1.3.10\activator-dist-1.3.10\repository\org.joda\joda-convert\1.8.1\jars\joda-convert.jar, C:\Users\janin\.ivy2\cache\org.scala-lang\scala-reflect\jars\scala-reflect-2.11.7.jar, C:\Users\janin\.ivy2\cache\com.fasterxml.jackson.core\jackson-core\bundles\jackson-core-2.7.6.jar, C:\Users\janin\.ivy2\cache\com.fasterxml.jackson.core\jackson-annotations\bundles\jackson-annotations-2.7.6.jar, C:\Users\janin\.ivy2\cache\com.fasterxml.jackson.core\jackson-databind\bundles\jackson-databind-2.7.6.jar, C:\Users\janin\.ivy2\cache\com.fasterxml.jackson.datatype\jackson-datatype-jdk8\bundles\jackson-datatype-jdk8-2.7.6.jar, C:\Users\janin\.ivy2\cache\com.fasterxml.jackson.datatype\jackson-datatype-jsr310\bundles\jackson-datatype-jsr310-2.7.6.jar, C:\Users\janin\.ivy2\cache\com.typesafe.play\play-netty-utils\jars\play-netty-utils-2.5.8.jar, C:\Users\janin\Documents\FH\Webtech\typesafe-activator-1.3.10\activator-dist-1.3.10\repository\org.slf4j\slf4j-api\1.7.21\jars\slf4j-api.jar, C:\Users\janin\.ivy2\cache\org.slf4j\jul-to-slf4j\jars\jul-to-slf4j-1.7.21.jar, C:\Users\janin\.ivy2\cache\org.slf4j\jcl-over-slf4j\jars\jcl-over-slf4j-1.7.21.jar, C:\Users\janin\.ivy2\cache\com.typesafe.play\play-streams_2.11\jars\play-streams_2.11-2.5.8.jar, C:\Users\janin\Documents\FH\Webtech\typesafe-activator-1.3.10\activator-dist-1.3.10\repository\org.reactivestreams\reactive-streams\1.0.0\jars\reactive-streams.jar, C:\Users\janin\.ivy2\cache\com.typesafe.akka\akka-stream_2.11\jars\akka-stream_2.11-2.4.10.jar, C:\Users\janin\.ivy2\cache\com.typesafe.akka\akka-actor_2.11\jars\akka-actor_2.11-2.4.10.jar, C:\Users\janin\Documents\FH\Webtech\typesafe-activator-1.3.10\activator-dist-1.3.10\repository\org.scala-lang.modules\scala-java8-compat_2.11\0.7.0\bundles\scala-java8-compat_2.11.jar, C:\Users\janin\.ivy2\cache\com.typesafe\ssl-config-akka_2.11\bundles\ssl-config-akka_2.11-0.2.1.jar, C:\Users\janin\.ivy2\cache\com.typesafe\ssl-config-core_2.11\bundles\ssl-config-core_2.11-0.2.1.jar, C:\Users\janin\.ivy2\cache\org.scala-lang.modules\scala-parser-combinators_2.11\bundles\scala-parser-combinators_2.11-1.0.4.jar, C:\Users\janin\Documents\FH\Webtech\typesafe-activator-1.3.10\activator-dist-1.3.10\repository\com.typesafe.play\twirl-api_2.11\1.1.1\jars\twirl-api_2.11.jar, C:\Users\janin\Documents\FH\Webtech\typesafe-activator-1.3.10\activator-dist-1.3.10\repository\org.apache.commons\commons-lang3\3.4\jars\commons-lang3.jar, C:\Users\janin\.ivy2\cache\org.scala-lang.modules\scala-xml_2.11\bundles\scala-xml_2.11-1.0.1.jar, C:\Users\janin\.ivy2\cache\com.typesafe.akka\akka-slf4j_2.11\jars\akka-slf4j_2.11-2.4.10.jar, C:\Users\janin\Documents\FH\Webtech\typesafe-activator-1.3.10\activator-dist-1.3.10\repository\commons-codec\commons-codec\1.10\jars\commons-codec.jar, C:\Users\janin\.ivy2\cache\xerces\xercesImpl\jars\xercesImpl-2.11.0.jar, C:\Users\janin\.ivy2\cache\xml-apis\xml-apis\jars\xml-apis-1.4.01.jar, C:\Users\janin\.ivy2\cache\javax.transaction\jta\jars\jta-1.1.jar, C:\Users\janin\Documents\FH\Webtech\typesafe-activator-1.3.10\activator-dist-1.3.10\repository\com.google.inject\guice\4.0\jars\guice.jar, C:\Users\janin\Documents\FH\Webtech\typesafe-activator-1.3.10\activator-dist-1.3.10\repository\javax.inject\javax.inject\1\jars\javax.inject.jar, C:\Users\janin\Documents\FH\Webtech\typesafe-activator-1.3.10\activator-dist-1.3.10\repository\aopalliance\aopalliance\1.0\jars\aopalliance.jar, C:\Users\janin\.ivy2\cache\com.google.guava\guava\bundles\guava-16.0.1.jar, C:\Users\janin\Documents\FH\Webtech\typesafe-activator-1.3.10\activator-dist-1.3.10\repository\com.google.inject.extensions\guice-assistedinject\4.0\jars\guice-assistedinject.jar, C:\Users\janin\.ivy2\cache\com.typesafe.netty\netty-reactive-streams-http\jars\netty-reactive-streams-http-1.0.8.jar, C:\Users\janin\.ivy2\cache\com.typesafe.netty\netty-reactive-streams\jars\netty-reactive-streams-1.0.8.jar, C:\Users\janin\.ivy2\cache\io.netty\netty-handler\jars\netty-handler-4.0.41.Final.jar, C:\Users\janin\.ivy2\cache\io.netty\netty-buffer\jars\netty-buffer-4.0.41.Final.jar, C:\Users\janin\.ivy2\cache\io.netty\netty-common\jars\netty-common-4.0.41.Final.jar, C:\Users\janin\.ivy2\cache\io.netty\netty-transport\jars\netty-transport-4.0.41.Final.jar, C:\Users\janin\.ivy2\cache\io.netty\netty-codec\jars\netty-codec-4.0.41.Final.jar, C:\Users\janin\.ivy2\cache\io.netty\netty-codec-http\jars\netty-codec-http-4.0.41.Final.jar, C:\Users\janin\.ivy2\cache\io.netty\netty-transport-native-epoll\jars\netty-transport-native-epoll-4.0.41.Final-linux-x86_64.jar, C:\Users\janin\Documents\FH\Webtech\typesafe-activator-1.3.10\activator-dist-1.3.10\repository\com.typesafe.play\play-doc_2.11\1.2.2\jars\play-doc_2.11.jar, C:\Users\janin\Documents\FH\Webtech\typesafe-activator-1.3.10\activator-dist-1.3.10\repository\org.pegdown\pegdown\1.4.0\jars\pegdown.jar, C:\Users\janin\Documents\FH\Webtech\typesafe-activator-1.3.10\activator-dist-1.3.10\repository\org.parboiled\parboiled-java\1.1.5\bundles\parboiled-java.jar, C:\Users\janin\Documents\FH\Webtech\typesafe-activator-1.3.10\activator-dist-1.3.10\repository\org.parboiled\parboiled-core\1.1.5\bundles\parboiled-core.jar, C:\Users\janin\Documents\FH\Webtech\typesafe-activator-1.3.10\activator-dist-1.3.10\repository\org.ow2.asm\asm\4.1\jars\asm.jar, C:\Users\janin\Documents\FH\Webtech\typesafe-activator-1.3.10\activator-dist-1.3.10\repository\org.ow2.asm\asm-tree\4.1\jars\asm-tree.jar, C:\Users\janin\Documents\FH\Webtech\typesafe-activator-1.3.10\activator-dist-1.3.10\repository\org.ow2.asm\asm-analysis\4.1\jars\asm-analysis.jar, C:\Users\janin\Documents\FH\Webtech\typesafe-activator-1.3.10\activator-dist-1.3.10\repository\org.ow2.asm\asm-util\4.1\jars\asm-util.jar, C:\Users\janin\Documents\FH\Webtech\typesafe-activator-1.3.10\activator-dist-1.3.10\repository\commons-io\commons-io\2.4\jars\commons-io.jar),Some(C:\Users\janin\.ivy2\cache\com.typesafe.play\play-omnidoc_2.11\jars\play-omnidoc_2.11-2.5.8.jar),List(),9000,0.0.0.0,DefaultWatchService,List(C:\Users\janin\git\de.htwg.webtech.MoerakiKemu\MoerakiKemu\public, C:\Users\janin\git\de.htwg.webtech.MoerakiKemu\MoerakiKemu\conf, C:\Users\janin\git\de.htwg.webtech.MoerakiKemu\MoerakiKemu\app),C:\Users\janin\git\de.htwg.webtech.MoerakiKemu\MoerakiKemu\target,500,root/playForkNotifyStart,root/playForkReload,300000,play.core.server.DevServerStart))))
Sending msg to client play-fork-run-57f7a8d6-7504-4ebf-b440-d8f9374ce5ac: TaskStarted(60,5085,None)
Sending msg to client play-fork-run-57f7a8d6-7504-4ebf-b440-d8f9374ce5ac: TaskFinished(60,5085,None,true,None)
Sending msg to client play-fork-run-57f7a8d6-7504-4ebf-b440-d8f9374ce5ac: TaskStarted(60,5084,None)
Sending msg to client play-fork-run-57f7a8d6-7504-4ebf-b440-d8f9374ce5ac: TaskFinished(60,5084,None,true,None)
Sending msg to client play-fork-run-57f7a8d6-7504-4ebf-b440-d8f9374ce5ac: DetachedLogEvent(LogMessage(debug,cancel strategy finish enabled=false lastCommand=Some(LastCommand(CommandExecutionWork(ExecutionId(60),{file:/C:/Users/janin/git/de.htwg.webtech.MoerakiKemu/MoerakiKemu/}root/*:playForkConfig,Set(LiveClient(play-fork-run 57f7a8d6-7504-4ebf-b440-d8f9374ce5ac)),sbt.server.WorkCancellationStatus$$anon$1@5732fde8)))))
Sending msg to client play-fork-run-57f7a8d6-7504-4ebf-b440-d8f9374ce5ac: DetachedLogEvent(LogSuccess(Total time: 1 s, completed 13.01.2017 12:50:20))
Sending msg to client play-fork-run-57f7a8d6-7504-4ebf-b440-d8f9374ce5ac: DetachedLogEvent(LogMessage(debug,> server-post-command-cleanup))
Sending msg to client play-fork-run-57f7a8d6-7504-4ebf-b440-d8f9374ce5ac: ExecutionSuccess(60)
Sending msg to client play-fork-run-57f7a8d6-7504-4ebf-b440-d8f9374ce5ac: DetachedLogEvent(LogMessage(debug,> server-handle-next-server-request))
Got request: UnlistenToEvents()
Reading next message from client.
Got request: UnlistenToValue(AttributeKey[play.forkrun.protocol.ForkConfig]("playForkConfig") in Scope(Build: file:/C:/Users/janin/git/de.htwg.webtech.MoerakiKemu/MoerakiKemu/, , Project: ProjectReference(file:/C:/Users/janin/git/de.htwg.webtech.MoerakiKemu/MoerakiKemu/,root)))
Reading next message from client.
Client play-fork-run-57f7a8d6-7504-4ebf-b440-d8f9374ce5ac EOF, shutting down.
Stopping client.
Client play-fork-run-57f7a8d6-7504-4ebf-b440-d8f9374ce5ac thread exiting.
Dropping message BackgroundJobLogEvent(1,LogMessage(error,scala.pickling.PicklingException: Not a primitive: scala.Nothing, found JNothing)) to dead client play-fork-run-57f7a8d6-7504-4ebf-b440-d8f9374ce5ac
Dropping message BackgroundJobLogEvent(1,LogMessage(error,Play fork run has failed due to:)) to dead client play-fork-run-57f7a8d6-7504-4ebf-b440-d8f9374ce5ac
Dropping message BackgroundJobLogEvent(1,LogMessage(error,scala.pickling.PicklingException: error in unpickle of primitive unpickler 'java.lang.Integer':)) to dead client play-fork-run-57f7a8d6-7504-4ebf-b440-d8f9374ce5ac
Dropping message BackgroundJobLogEvent(1,LogMessage(info,tag in unpickle: 'scala.Nothing')) to dead client play-fork-run-57f7a8d6-7504-4ebf-b440-d8f9374ce5ac
Dropping message BackgroundJobLogEvent(1,LogMessage(info,message:)) to dead client play-fork-run-57f7a8d6-7504-4ebf-b440-d8f9374ce5ac
Dropping message BackgroundJobLogEvent(1,LogMessage(info,Not a primitive: scala.Nothing, found JNothing)) to dead client play-fork-run-57f7a8d6-7504-4ebf-b440-d8f9374ce5ac
Dropping message BackgroundJobLogEvent(1,LogMessage(error,	at scala.pickling.pickler.PrimitivePickler.unpickle(Primitives.scala:31))) to dead client play-fork-run-57f7a8d6-7504-4ebf-b440-d8f9374ce5ac
Dropping message BackgroundJobLogEvent(1,LogMessage(error,	at play.forkrun.protocol.Serializers$PlayForkrunProtocolForkConfigUnpickler$macro$14$2$.unpickle(Serializers.scala:73))) to dead client play-fork-run-57f7a8d6-7504-4ebf-b440-d8f9374ce5ac
Dropping message BackgroundJobLogEvent(1,LogMessage(error,	at scala.pickling.Unpickler$class.unpickleEntry(Pickler.scala:79))) to dead client play-fork-run-57f7a8d6-7504-4ebf-b440-d8f9374ce5ac
Dropping message BackgroundJobLogEvent(1,LogMessage(error,	at play.forkrun.protocol.Serializers$PlayForkrunProtocolForkConfigUnpickler$macro$14$2$.unpickleEntry(Serializers.scala:73))) to dead client play-fork-run-57f7a8d6-7504-4ebf-b440-d8f9374ce5ac
Dropping message BackgroundJobLogEvent(1,LogMessage(error,	at scala.pickling.functions$.unpickle(functions.scala:11))) to dead client play-fork-run-57f7a8d6-7504-4ebf-b440-d8f9374ce5ac
Dropping message BackgroundJobLogEvent(1,LogMessage(error,	at sbt.serialization.JsonValue$$anonfun$parse$1.apply(SerializedValue.scala:104))) to dead client play-fork-run-57f7a8d6-7504-4ebf-b440-d8f9374ce5ac
Dropping message BackgroundJobLogEvent(1,LogMessage(error,	at scala.util.Try$.apply(Try.scala:192))) to dead client play-fork-run-57f7a8d6-7504-4ebf-b440-d8f9374ce5ac
Dropping message BackgroundJobLogEvent(1,LogMessage(error,	at sbt.serialization.JsonValue.parse(SerializedValue.scala:104))) to dead client play-fork-run-57f7a8d6-7504-4ebf-b440-d8f9374ce5ac
Dropping message BackgroundJobLogEvent(1,LogMessage(error,	at sbt.protocol.BuildValue.value(Values.scala:11))) to dead client play-fork-run-57f7a8d6-7504-4ebf-b440-d8f9374ce5ac
Dropping message BackgroundJobLogEvent(1,LogMessage(error,	at sbt.protocol.TaskSuccess.resultWithCustomThrowable(Values.scala:65))) to dead client play-fork-run-57f7a8d6-7504-4ebf-b440-d8f9374ce5ac
Dropping message BackgroundJobLogEvent(1,LogMessage(error,	at sbt.protocol.TaskResult$class.result(Values.scala:56))) to dead client play-fork-run-57f7a8d6-7504-4ebf-b440-d8f9374ce5ac
Dropping message BackgroundJobLogEvent(1,LogMessage(error,	at sbt.protocol.TaskSuccess.result(Values.scala:62))) to dead client play-fork-run-57f7a8d6-7504-4ebf-b440-d8f9374ce5ac
Dropping message BackgroundJobLogEvent(1,LogMessage(error,	at play.forkrun.ForkRun$$anonfun$settingUp$1.applyOrElse(ForkRun.scala:166))) to dead client play-fork-run-57f7a8d6-7504-4ebf-b440-d8f9374ce5ac
Dropping message BackgroundJobLogEvent(1,LogMessage(error,	at akka.actor.Actor$class.aroundReceive(Actor.scala:465))) to dead client play-fork-run-57f7a8d6-7504-4ebf-b440-d8f9374ce5ac
Dropping message BackgroundJobLogEvent(1,LogMessage(error,	at play.forkrun.ForkRun.aroundReceive(ForkRun.scala:153))) to dead client play-fork-run-57f7a8d6-7504-4ebf-b440-d8f9374ce5ac
Dropping message BackgroundJobLogEvent(1,LogMessage(error,	at akka.actor.ActorCell.receiveMessage(ActorCell.scala:516))) to dead client play-fork-run-57f7a8d6-7504-4ebf-b440-d8f9374ce5ac
Dropping message BackgroundJobLogEvent(1,LogMessage(error,	at akka.actor.ActorCell.invoke(ActorCell.scala:487))) to dead client play-fork-run-57f7a8d6-7504-4ebf-b440-d8f9374ce5ac
Dropping message BackgroundJobLogEvent(1,LogMessage(error,	at akka.dispatch.Mailbox.processMailbox(Mailbox.scala:254))) to dead client play-fork-run-57f7a8d6-7504-4ebf-b440-d8f9374ce5ac
Dropping message BackgroundJobLogEvent(1,LogMessage(error,	at akka.dispatch.Mailbox.run(Mailbox.scala:221))) to dead client play-fork-run-57f7a8d6-7504-4ebf-b440-d8f9374ce5ac
Dropping message BackgroundJobLogEvent(1,LogMessage(error,	at akka.dispatch.Mailbox.exec(Mailbox.scala:231))) to dead client play-fork-run-57f7a8d6-7504-4ebf-b440-d8f9374ce5ac
Dropping message BackgroundJobLogEvent(1,LogMessage(error,	at scala.concurrent.forkjoin.ForkJoinTask.doExec(ForkJoinTask.java:260))) to dead client play-fork-run-57f7a8d6-7504-4ebf-b440-d8f9374ce5ac
Dropping message BackgroundJobLogEvent(1,LogMessage(error,	at scala.concurrent.forkjoin.ForkJoinPool$WorkQueue.runTask(ForkJoinPool.java:1339))) to dead client play-fork-run-57f7a8d6-7504-4ebf-b440-d8f9374ce5ac
Dropping message BackgroundJobLogEvent(1,LogMessage(error,	at scala.concurrent.forkjoin.ForkJoinPool.runWorker(ForkJoinPool.java:1979))) to dead client play-fork-run-57f7a8d6-7504-4ebf-b440-d8f9374ce5ac
Dropping message BackgroundJobLogEvent(1,LogMessage(error,	at scala.concurrent.forkjoin.ForkJoinWorkerThread.run(ForkJoinWorkerThread.java:107))) to dead client play-fork-run-57f7a8d6-7504-4ebf-b440-d8f9374ce5ac
Dropping message (8,ReceivedResponse()) to dead client play-fork-run-57f7a8d6-7504-4ebf-b440-d8f9374ce5ac
Dropping message (9,ReceivedResponse()) to dead client play-fork-run-57f7a8d6-7504-4ebf-b440-d8f9374ce5ac
Dropping message (0,ReceivedResponse()) to dead client play-fork-run-57f7a8d6-7504-4ebf-b440-d8f9374ce5ac
Dropping message BackgroundJobLogEvent(1,LogMessage(error,	at sbt.serialization.json.VerifyingJSONPickleReader.sbt$serialization$json$VerifyingJSONPickleReader$$unpickleHelper$1(JSONPickleFormat.scala:367))) to dead client play-fork-run-57f7a8d6-7504-4ebf-b440-d8f9374ce5ac
