New log file opened at Fri Jan 13 12:11:19 CET 2017 by 9588@DESKTOP-5PRVS2V
Sending msg to client play-fork-run-72fd43d1-a4fe-48df-89a5-db0ba192226d: DetachedLogEvent(LogMessage(debug,sbt server socket logs are in: C:\Users\janin\git\de.htwg.webtech.MoerakiKemu\MoerakiKemu\.sbtserver\connections\master.log))
Sending msg to client play-fork-run-72fd43d1-a4fe-48df-89a5-db0ba192226d: DetachedLogEvent(LogMessage(debug,sbt general server logs are in: C:\Users\janin\git\de.htwg.webtech.MoerakiKemu\MoerakiKemu\.sbtserver\master.log))
Sending msg to client play-fork-run-72fd43d1-a4fe-48df-89a5-db0ba192226d: DetachedLogEvent(LogMessage(debug,sbt client logs are in: C:\Users\janin\git\de.htwg.webtech.MoerakiKemu\MoerakiKemu\.sbtserver\connections\play-fork-run-72fd43d1-a4fe-48df-89a5-db0ba192226d.log))
Reading next message from client.
Got request: DaemonRequest(true)
Reading next message from client.
Sending msg to client play-fork-run-72fd43d1-a4fe-48df-89a5-db0ba192226d: (3,ReceivedResponse())
Got request: ListenToEvents()
Reading next message from client.
Sending msg to client play-fork-run-72fd43d1-a4fe-48df-89a5-db0ba192226d: BackgroundJobStarted(33,BackgroundJobInfo(7,backgroundRun,AttributeKey[sbt.BackgroundJobHandle]("backgroundRun") in Scope(Build: file:/C:/Users/janin/git/de.htwg.webtech.MoerakiKemu/MoerakiKemu/, , Project: ProjectReference(file:/C:/Users/janin/git/de.htwg.webtech.MoerakiKemu/MoerakiKemu/,root), Config: compile)))
Sending msg to client play-fork-run-72fd43d1-a4fe-48df-89a5-db0ba192226d: BackgroundJobStarted(27,BackgroundJobInfo(6,backgroundRun,AttributeKey[sbt.BackgroundJobHandle]("backgroundRun") in Scope(Build: file:/C:/Users/janin/git/de.htwg.webtech.MoerakiKemu/MoerakiKemu/, , Project: ProjectReference(file:/C:/Users/janin/git/de.htwg.webtech.MoerakiKemu/MoerakiKemu/,root), Config: compile)))
Sending msg to client play-fork-run-72fd43d1-a4fe-48df-89a5-db0ba192226d: (4,ReceivedResponse())
Got request: KeyLookupRequest(root/playForkConfig)
Reading next message from client.
Sending msg to client play-fork-run-72fd43d1-a4fe-48df-89a5-db0ba192226d: (5,KeyLookupResponse(root/playForkConfig,Vector(AttributeKey[play.forkrun.protocol.ForkConfig]("playForkConfig") in Scope(Build: file:/C:/Users/janin/git/de.htwg.webtech.MoerakiKemu/MoerakiKemu/, , Project: ProjectReference(file:/C:/Users/janin/git/de.htwg.webtech.MoerakiKemu/MoerakiKemu/,root)))))
Got request: ListenToValue(AttributeKey[play.forkrun.protocol.ForkConfig]("playForkConfig") in Scope(Build: file:/C:/Users/janin/git/de.htwg.webtech.MoerakiKemu/MoerakiKemu/, , Project: ProjectReference(file:/C:/Users/janin/git/de.htwg.webtech.MoerakiKemu/MoerakiKemu/,root)))
Reading next message from client.
Sending msg to client play-fork-run-72fd43d1-a4fe-48df-89a5-db0ba192226d: (6,ReceivedResponse())
Got request: KeyExecutionRequest(AttributeKey[play.forkrun.protocol.ForkConfig]("playForkConfig") in Scope(Build: file:/C:/Users/janin/git/de.htwg.webtech.MoerakiKemu/MoerakiKemu/, , Project: ProjectReference(file:/C:/Users/janin/git/de.htwg.webtech.MoerakiKemu/MoerakiKemu/,root)))
Reading next message from client.
Sending msg to client play-fork-run-72fd43d1-a4fe-48df-89a5-db0ba192226d: (7,ExecutionRequestReceived(34))
Sending msg to client play-fork-run-72fd43d1-a4fe-48df-89a5-db0ba192226d: ExecutionWaiting(34,{file:/C:/Users/janin/git/de.htwg.webtech.MoerakiKemu/MoerakiKemu/}root/*:playForkConfig,ClientInfo(72fd43d1-a4fe-48df-89a5-db0ba192226d,play-fork-run,Play Fork Run,1,Vector()))
Sending msg to client play-fork-run-72fd43d1-a4fe-48df-89a5-db0ba192226d: ExecutionStarting(34)
Sending msg to client play-fork-run-72fd43d1-a4fe-48df-89a5-db0ba192226d: DetachedLogEvent(LogMessage(debug,> {file:/C:/Users/janin/git/de.htwg.webtech.MoerakiKemu/MoerakiKemu/}root/*:playForkConfig))
Sending msg to client play-fork-run-72fd43d1-a4fe-48df-89a5-db0ba192226d: DetachedLogEvent(LogMessage(debug,Evaluating tasks: *:playForkConfig))
Sending msg to client play-fork-run-72fd43d1-a4fe-48df-89a5-db0ba192226d: DetachedLogEvent(LogMessage(debug,Running task... Cancel: sbt.server.ServerTaskCancellation@330bfe0, check cycles: false))
Sending msg to client play-fork-run-72fd43d1-a4fe-48df-89a5-db0ba192226d: DetachedLogEvent(LogMessage(debug,cancel strategy start enabled=true lastCommand=Some(LastCommand(CommandExecutionWork(ExecutionId(34),{file:/C:/Users/janin/git/de.htwg.webtech.MoerakiKemu/MoerakiKemu/}root/*:playForkConfig,Set(LiveClient(play-fork-run 72fd43d1-a4fe-48df-89a5-db0ba192226d)),sbt.server.WorkCancellationStatus$$anon$1@436002c8)))))
Sending msg to client play-fork-run-72fd43d1-a4fe-48df-89a5-db0ba192226d: TaskStarted(34,2684,None)
Sending msg to client play-fork-run-72fd43d1-a4fe-48df-89a5-db0ba192226d: TaskStarted(34,2685,None)
Sending msg to client play-fork-run-72fd43d1-a4fe-48df-89a5-db0ba192226d: TaskStarted(34,2686,None)
Sending msg to client play-fork-run-72fd43d1-a4fe-48df-89a5-db0ba192226d: TaskStarted(34,2690,None)
Sending msg to client play-fork-run-72fd43d1-a4fe-48df-89a5-db0ba192226d: TaskStarted(34,2691,Some(AttributeKey[java.lang.String]("updateCacheName") in Scope(Build: file:/C:/Users/janin/git/de.htwg.webtech.MoerakiKemu/MoerakiKemu/, , Project: ProjectReference(file:/C:/Users/janin/git/de.htwg.webtech.MoerakiKemu/MoerakiKemu/,root))))
Sending msg to client play-fork-run-72fd43d1-a4fe-48df-89a5-db0ba192226d: TaskStarted(34,2692,None)
Sending msg to client play-fork-run-72fd43d1-a4fe-48df-89a5-db0ba192226d: TaskStarted(34,2697,None)
Sending msg to client play-fork-run-72fd43d1-a4fe-48df-89a5-db0ba192226d: TaskStarted(34,2700,Some(AttributeKey[scala.collection.Seq[sbt.Credentials]]("credentials") in Scope(Global)))
Sending msg to client play-fork-run-72fd43d1-a4fe-48df-89a5-db0ba192226d: TaskStarted(34,2707,Some(AttributeKey[scala.Option[scala.collection.Seq[sbt.Resolver]]]("bootResolvers") in Scope(Build: file:/C:/Users/janin/git/de.htwg.webtech.MoerakiKemu/MoerakiKemu/, , Project: ProjectReference(file:/C:/Users/janin/git/de.htwg.webtech.MoerakiKemu/MoerakiKemu/,root))))
Sending msg to client play-fork-run-72fd43d1-a4fe-48df-89a5-db0ba192226d: TaskStarted(34,2708,Some(AttributeKey[scala.collection.Seq[sbt.Resolver]]("externalResolvers") in Scope(Build: file:/C:/Users/janin/git/de.htwg.webtech.MoerakiKemu/MoerakiKemu/, , Project: ProjectReference(file:/C:/Users/janin/git/de.htwg.webtech.MoerakiKemu/MoerakiKemu/,root))))
Sending msg to client play-fork-run-72fd43d1-a4fe-48df-89a5-db0ba192226d: TaskStarted(34,2713,Some(AttributeKey[boolean]("skip") in Scope(Global)))
Sending msg to client play-fork-run-72fd43d1-a4fe-48df-89a5-db0ba192226d: TaskStarted(34,2717,None)
Sending msg to client play-fork-run-72fd43d1-a4fe-48df-89a5-db0ba192226d: TaskStarted(34,2728,None)
Sending msg to client play-fork-run-72fd43d1-a4fe-48df-89a5-db0ba192226d: TaskStarted(34,2731,Some(AttributeKey[scala.Option[java.lang.String]]("mainClass") in Scope(Build: file:/C:/Users/janin/git/de.htwg.webtech.MoerakiKemu/MoerakiKemu/, , Project: ProjectReference(file:/C:/Users/janin/git/de.htwg.webtech.MoerakiKemu/MoerakiKemu/,root), Config: compile, Task: AttributeKey[void]("run"))))
Sending msg to client play-fork-run-72fd43d1-a4fe-48df-89a5-db0ba192226d: TaskStarted(34,2733,Some(AttributeKey[scala.collection.Seq[java.lang.String]]("javaOptions") in Scope(Global)))
Sending msg to client play-fork-run-72fd43d1-a4fe-48df-89a5-db0ba192226d: TaskStarted(34,2734,None)
Sending msg to client play-fork-run-72fd43d1-a4fe-48df-89a5-db0ba192226d: TaskStarted(34,2736,Some(AttributeKey[scala.Tuple2[java.lang.String,java.io.File]]("playPrefixAndAssets") in Scope(Build: file:/C:/Users/janin/git/de.htwg.webtech.MoerakiKemu/MoerakiKemu/, , Project: ProjectReference(file:/C:/Users/janin/git/de.htwg.webtech.MoerakiKemu/MoerakiKemu/,root))))
Sending msg to client play-fork-run-72fd43d1-a4fe-48df-89a5-db0ba192226d: TaskFinished(34,2684,None,true,None)
Sending msg to client play-fork-run-72fd43d1-a4fe-48df-89a5-db0ba192226d: TaskFinished(34,2686,None,true,None)
Sending msg to client play-fork-run-72fd43d1-a4fe-48df-89a5-db0ba192226d: TaskFinished(34,2685,None,true,None)
Sending msg to client play-fork-run-72fd43d1-a4fe-48df-89a5-db0ba192226d: TaskStarted(34,2683,Some(AttributeKey[scala.collection.Seq[sbt.UpdateReport]]("transitiveUpdate") in Scope(Build: file:/C:/Users/janin/git/de.htwg.webtech.MoerakiKemu/MoerakiKemu/, , Project: ProjectReference(file:/C:/Users/janin/git/de.htwg.webtech.MoerakiKemu/MoerakiKemu/,root))))
Sending msg to client play-fork-run-72fd43d1-a4fe-48df-89a5-db0ba192226d: TaskFinished(34,2690,None,true,None)
Sending msg to client play-fork-run-72fd43d1-a4fe-48df-89a5-db0ba192226d: TaskStarted(34,2689,None)
Sending msg to client play-fork-run-72fd43d1-a4fe-48df-89a5-db0ba192226d: TaskStarted(34,2693,None)
Sending msg to client play-fork-run-72fd43d1-a4fe-48df-89a5-db0ba192226d: TaskStarted(34,2702,None)
Sending msg to client play-fork-run-72fd43d1-a4fe-48df-89a5-db0ba192226d: TaskStarted(34,2706,None)
Sending msg to client play-fork-run-72fd43d1-a4fe-48df-89a5-db0ba192226d: TaskStarted(34,2709,None)
Sending msg to client play-fork-run-72fd43d1-a4fe-48df-89a5-db0ba192226d: TaskStarted(34,2722,None)
Sending msg to client play-fork-run-72fd43d1-a4fe-48df-89a5-db0ba192226d: TaskStarted(34,2729,None)
Sending msg to client play-fork-run-72fd43d1-a4fe-48df-89a5-db0ba192226d: TaskStarted(34,2730,None)
Sending msg to client play-fork-run-72fd43d1-a4fe-48df-89a5-db0ba192226d: TaskFinished(34,2697,None,true,None)
Sending msg to client play-fork-run-72fd43d1-a4fe-48df-89a5-db0ba192226d: TaskFinished(34,2700,Some(AttributeKey[scala.collection.Seq[sbt.Credentials]]("credentials") in Scope(Global)),true,None)
Sending msg to client play-fork-run-72fd43d1-a4fe-48df-89a5-db0ba192226d: TaskFinished(34,2708,Some(AttributeKey[scala.collection.Seq[sbt.Resolver]]("externalResolvers") in Scope(Build: file:/C:/Users/janin/git/de.htwg.webtech.MoerakiKemu/MoerakiKemu/, , Project: ProjectReference(file:/C:/Users/janin/git/de.htwg.webtech.MoerakiKemu/MoerakiKemu/,root))),true,None)
Sending msg to client play-fork-run-72fd43d1-a4fe-48df-89a5-db0ba192226d: TaskFinished(34,2707,Some(AttributeKey[scala.Option[scala.collection.Seq[sbt.Resolver]]]("bootResolvers") in Scope(Build: file:/C:/Users/janin/git/de.htwg.webtech.MoerakiKemu/MoerakiKemu/, , Project: ProjectReference(file:/C:/Users/janin/git/de.htwg.webtech.MoerakiKemu/MoerakiKemu/,root))),true,None)
Sending msg to client play-fork-run-72fd43d1-a4fe-48df-89a5-db0ba192226d: TaskFinished(34,2713,Some(AttributeKey[boolean]("skip") in Scope(Global)),true,None)
Sending msg to client play-fork-run-72fd43d1-a4fe-48df-89a5-db0ba192226d: TaskFinished(34,2717,None,true,None)
Sending msg to client play-fork-run-72fd43d1-a4fe-48df-89a5-db0ba192226d: TaskFinished(34,2728,None,true,None)
Sending msg to client play-fork-run-72fd43d1-a4fe-48df-89a5-db0ba192226d: TaskFinished(34,2731,Some(AttributeKey[scala.Option[java.lang.String]]("mainClass") in Scope(Build: file:/C:/Users/janin/git/de.htwg.webtech.MoerakiKemu/MoerakiKemu/, , Project: ProjectReference(file:/C:/Users/janin/git/de.htwg.webtech.MoerakiKemu/MoerakiKemu/,root), Config: compile, Task: AttributeKey[void]("run"))),true,None)
Sending msg to client play-fork-run-72fd43d1-a4fe-48df-89a5-db0ba192226d: TaskFinished(34,2733,Some(AttributeKey[scala.collection.Seq[java.lang.String]]("javaOptions") in Scope(Global)),true,None)
Sending msg to client play-fork-run-72fd43d1-a4fe-48df-89a5-db0ba192226d: TaskFinished(34,2734,None,true,None)
Sending msg to client play-fork-run-72fd43d1-a4fe-48df-89a5-db0ba192226d: TaskStarted(34,2732,Some(AttributeKey[scala.collection.Seq[java.lang.String]]("javaOptions") in Scope(Build: file:/C:/Users/janin/git/de.htwg.webtech.MoerakiKemu/MoerakiKemu/, )))
Sending msg to client play-fork-run-72fd43d1-a4fe-48df-89a5-db0ba192226d: TaskFinished(34,2736,Some(AttributeKey[scala.Tuple2[java.lang.String,java.io.File]]("playPrefixAndAssets") in Scope(Build: file:/C:/Users/janin/git/de.htwg.webtech.MoerakiKemu/MoerakiKemu/, , Project: ProjectReference(file:/C:/Users/janin/git/de.htwg.webtech.MoerakiKemu/MoerakiKemu/,root))),true,None)
Sending msg to client play-fork-run-72fd43d1-a4fe-48df-89a5-db0ba192226d: TaskStarted(34,2735,Some(AttributeKey[scala.collection.Seq[scala.Tuple2[java.lang.String,java.io.File]]]("playAllAssets") in Scope(Build: file:/C:/Users/janin/git/de.htwg.webtech.MoerakiKemu/MoerakiKemu/, , Project: ProjectReference(file:/C:/Users/janin/git/de.htwg.webtech.MoerakiKemu/MoerakiKemu/,root))))
Sending msg to client play-fork-run-72fd43d1-a4fe-48df-89a5-db0ba192226d: TaskFinished(34,2683,Some(AttributeKey[scala.collection.Seq[sbt.UpdateReport]]("transitiveUpdate") in Scope(Build: file:/C:/Users/janin/git/de.htwg.webtech.MoerakiKemu/MoerakiKemu/, , Project: ProjectReference(file:/C:/Users/janin/git/de.htwg.webtech.MoerakiKemu/MoerakiKemu/,root))),true,None)
Sending msg to client play-fork-run-72fd43d1-a4fe-48df-89a5-db0ba192226d: TaskFinished(34,2689,None,true,None)
Sending msg to client play-fork-run-72fd43d1-a4fe-48df-89a5-db0ba192226d: TaskFinished(34,2693,None,true,None)
Sending msg to client play-fork-run-72fd43d1-a4fe-48df-89a5-db0ba192226d: TaskFinished(34,2692,None,true,None)
Sending msg to client play-fork-run-72fd43d1-a4fe-48df-89a5-db0ba192226d: TaskStarted(34,2696,Some(AttributeKey[sbt.BuildStructure]("buildStructure") in Scope(Global)))
Sending msg to client play-fork-run-72fd43d1-a4fe-48df-89a5-db0ba192226d: TaskStarted(34,2714,Some(AttributeKey[java.io.File]("dependencyCacheDirectory") in Scope(Build: file:/C:/Users/janin/git/de.htwg.webtech.MoerakiKemu/MoerakiKemu/, , Project: ProjectReference(file:/C:/Users/janin/git/de.htwg.webtech.MoerakiKemu/MoerakiKemu/,root))))
Sending msg to client play-fork-run-72fd43d1-a4fe-48df-89a5-db0ba192226d: TaskFinished(34,2706,None,true,None)
Sending msg to client play-fork-run-72fd43d1-a4fe-48df-89a5-db0ba192226d: TaskFinished(34,2691,Some(AttributeKey[java.lang.String]("updateCacheName") in Scope(Build: file:/C:/Users/janin/git/de.htwg.webtech.MoerakiKemu/MoerakiKemu/, , Project: ProjectReference(file:/C:/Users/janin/git/de.htwg.webtech.MoerakiKemu/MoerakiKemu/,root))),true,None)
Sending msg to client play-fork-run-72fd43d1-a4fe-48df-89a5-db0ba192226d: TaskStarted(34,2688,Some(AttributeKey[scala.collection.immutable.Map[sbt.ModuleID,sbt.SourcePosition]]("dependencyPositions") in Scope(Build: file:/C:/Users/janin/git/de.htwg.webtech.MoerakiKemu/MoerakiKemu/, , Project: ProjectReference(file:/C:/Users/janin/git/de.htwg.webtech.MoerakiKemu/MoerakiKemu/,root))))
Sending msg to client play-fork-run-72fd43d1-a4fe-48df-89a5-db0ba192226d: TaskFinished(34,2709,None,true,None)
Sending msg to client play-fork-run-72fd43d1-a4fe-48df-89a5-db0ba192226d: TaskFinished(34,2722,None,true,None)
Sending msg to client play-fork-run-72fd43d1-a4fe-48df-89a5-db0ba192226d: TaskFinished(34,2729,None,true,None)
Sending msg to client play-fork-run-72fd43d1-a4fe-48df-89a5-db0ba192226d: TaskFinished(34,2730,None,true,None)
Sending msg to client play-fork-run-72fd43d1-a4fe-48df-89a5-db0ba192226d: TaskFinished(34,2732,Some(AttributeKey[scala.collection.Seq[java.lang.String]]("javaOptions") in Scope(Build: file:/C:/Users/janin/git/de.htwg.webtech.MoerakiKemu/MoerakiKemu/, )),true,None)
Sending msg to client play-fork-run-72fd43d1-a4fe-48df-89a5-db0ba192226d: TaskFinished(34,2735,Some(AttributeKey[scala.collection.Seq[scala.Tuple2[java.lang.String,java.io.File]]]("playAllAssets") in Scope(Build: file:/C:/Users/janin/git/de.htwg.webtech.MoerakiKemu/MoerakiKemu/, , Project: ProjectReference(file:/C:/Users/janin/git/de.htwg.webtech.MoerakiKemu/MoerakiKemu/,root))),true,None)
Sending msg to client play-fork-run-72fd43d1-a4fe-48df-89a5-db0ba192226d: TaskFinished(34,2702,None,true,None)
Sending msg to client play-fork-run-72fd43d1-a4fe-48df-89a5-db0ba192226d: TaskFinished(34,2696,Some(AttributeKey[sbt.BuildStructure]("buildStructure") in Scope(Global)),true,None)
Sending msg to client play-fork-run-72fd43d1-a4fe-48df-89a5-db0ba192226d: TaskStarted(34,2695,Some(AttributeKey[sbt.Settings[sbt.Scope]]("settingsData") in Scope(Global)))
Sending msg to client play-fork-run-72fd43d1-a4fe-48df-89a5-db0ba192226d: TaskFinished(34,2714,Some(AttributeKey[java.io.File]("dependencyCacheDirectory") in Scope(Build: file:/C:/Users/janin/git/de.htwg.webtech.MoerakiKemu/MoerakiKemu/, , Project: ProjectReference(file:/C:/Users/janin/git/de.htwg.webtech.MoerakiKemu/MoerakiKemu/,root))),true,None)
Sending msg to client play-fork-run-72fd43d1-a4fe-48df-89a5-db0ba192226d: TaskFinished(34,2688,Some(AttributeKey[scala.collection.immutable.Map[sbt.ModuleID,sbt.SourcePosition]]("dependencyPositions") in Scope(Build: file:/C:/Users/janin/git/de.htwg.webtech.MoerakiKemu/MoerakiKemu/, , Project: ProjectReference(file:/C:/Users/janin/git/de.htwg.webtech.MoerakiKemu/MoerakiKemu/,root))),true,None)
Sending msg to client play-fork-run-72fd43d1-a4fe-48df-89a5-db0ba192226d: TaskStarted(34,2687,Some(AttributeKey[sbt.UnresolvedWarningConfiguration]("unresolvedWarningConfiguration") in Scope(Build: file:/C:/Users/janin/git/de.htwg.webtech.MoerakiKemu/MoerakiKemu/, , Project: ProjectReference(file:/C:/Users/janin/git/de.htwg.webtech.MoerakiKemu/MoerakiKemu/,root), Task: AttributeKey[sbt.UpdateReport]("update"))))
Sending msg to client play-fork-run-72fd43d1-a4fe-48df-89a5-db0ba192226d: TaskFinished(34,2695,Some(AttributeKey[sbt.Settings[sbt.Scope]]("settingsData") in Scope(Global)),true,None)
Sending msg to client play-fork-run-72fd43d1-a4fe-48df-89a5-db0ba192226d: TaskStarted(34,2694,None)
Sending msg to client play-fork-run-72fd43d1-a4fe-48df-89a5-db0ba192226d: TaskStarted(34,2705,Some(AttributeKey[scala.collection.immutable.Map[org.apache.ivy.core.module.id.ModuleRevisionId,org.apache.ivy.core.module.descriptor.ModuleDescriptor]]("projectDescriptors") in Scope(Build: file:/C:/Users/janin/git/de.htwg.webtech.MoerakiKemu/MoerakiKemu/, , Project: ProjectReference(file:/C:/Users/janin/git/de.htwg.webtech.MoerakiKemu/MoerakiKemu/,root))))
Sending msg to client play-fork-run-72fd43d1-a4fe-48df-89a5-db0ba192226d: TaskStarted(34,2712,Some(AttributeKey[scala.collection.Seq[sbt.ModuleID]]("projectDependencies") in Scope(Build: file:/C:/Users/janin/git/de.htwg.webtech.MoerakiKemu/MoerakiKemu/, , Project: ProjectReference(file:/C:/Users/janin/git/de.htwg.webtech.MoerakiKemu/MoerakiKemu/,root))))
Sending msg to client play-fork-run-72fd43d1-a4fe-48df-89a5-db0ba192226d: TaskStarted(34,2716,Some(AttributeKey[scala.collection.Seq[java.io.File]]("playMonitoredFiles") in Scope(Build: file:/C:/Users/janin/git/de.htwg.webtech.MoerakiKemu/MoerakiKemu/, , Project: ProjectReference(file:/C:/Users/janin/git/de.htwg.webtech.MoerakiKemu/MoerakiKemu/,root))))
Sending msg to client play-fork-run-72fd43d1-a4fe-48df-89a5-db0ba192226d: TaskStarted(34,2721,None)
Sending msg to client play-fork-run-72fd43d1-a4fe-48df-89a5-db0ba192226d: TaskFinished(34,2687,Some(AttributeKey[sbt.UnresolvedWarningConfiguration]("unresolvedWarningConfiguration") in Scope(Build: file:/C:/Users/janin/git/de.htwg.webtech.MoerakiKemu/MoerakiKemu/, , Project: ProjectReference(file:/C:/Users/janin/git/de.htwg.webtech.MoerakiKemu/MoerakiKemu/,root), Task: AttributeKey[sbt.UpdateReport]("update"))),true,None)
Sending msg to client play-fork-run-72fd43d1-a4fe-48df-89a5-db0ba192226d: TaskStarted(34,2737,None)
Sending msg to client play-fork-run-72fd43d1-a4fe-48df-89a5-db0ba192226d: TaskStarted(34,2739,None)
Sending msg to client play-fork-run-72fd43d1-a4fe-48df-89a5-db0ba192226d: TaskFinished(34,2712,Some(AttributeKey[scala.collection.Seq[sbt.ModuleID]]("projectDependencies") in Scope(Build: file:/C:/Users/janin/git/de.htwg.webtech.MoerakiKemu/MoerakiKemu/, , Project: ProjectReference(file:/C:/Users/janin/git/de.htwg.webtech.MoerakiKemu/MoerakiKemu/,root))),true,None)
Sending msg to client play-fork-run-72fd43d1-a4fe-48df-89a5-db0ba192226d: TaskStarted(34,2711,Some(AttributeKey[scala.collection.Seq[sbt.ModuleID]]("allDependencies") in Scope(Build: file:/C:/Users/janin/git/de.htwg.webtech.MoerakiKemu/MoerakiKemu/, , Project: ProjectReference(file:/C:/Users/janin/git/de.htwg.webtech.MoerakiKemu/MoerakiKemu/,root))))
Sending msg to client play-fork-run-72fd43d1-a4fe-48df-89a5-db0ba192226d: TaskStarted(34,2740,None)
Sending msg to client play-fork-run-72fd43d1-a4fe-48df-89a5-db0ba192226d: TaskStarted(34,2744,None)
Sending msg to client play-fork-run-72fd43d1-a4fe-48df-89a5-db0ba192226d: TaskStarted(34,2745,None)
Sending msg to client play-fork-run-72fd43d1-a4fe-48df-89a5-db0ba192226d: TaskStarted(34,2748,None)
Sending msg to client play-fork-run-72fd43d1-a4fe-48df-89a5-db0ba192226d: TaskStarted(34,2749,None)
Sending msg to client play-fork-run-72fd43d1-a4fe-48df-89a5-db0ba192226d: TaskStarted(34,2751,None)
Sending msg to client play-fork-run-72fd43d1-a4fe-48df-89a5-db0ba192226d: TaskFinished(34,2737,None,true,None)
Sending msg to client play-fork-run-72fd43d1-a4fe-48df-89a5-db0ba192226d: TaskFinished(34,2694,None,true,None)
Sending msg to client play-fork-run-72fd43d1-a4fe-48df-89a5-db0ba192226d: TaskFinished(34,2739,None,true,None)
Sending msg to client play-fork-run-72fd43d1-a4fe-48df-89a5-db0ba192226d: TaskStarted(34,2738,None)
Sending msg to client play-fork-run-72fd43d1-a4fe-48df-89a5-db0ba192226d: TaskFinished(34,2711,Some(AttributeKey[scala.collection.Seq[sbt.ModuleID]]("allDependencies") in Scope(Build: file:/C:/Users/janin/git/de.htwg.webtech.MoerakiKemu/MoerakiKemu/, , Project: ProjectReference(file:/C:/Users/janin/git/de.htwg.webtech.MoerakiKemu/MoerakiKemu/,root))),true,None)
Sending msg to client play-fork-run-72fd43d1-a4fe-48df-89a5-db0ba192226d: TaskStarted(34,2710,Some(AttributeKey[sbt.ModuleSettings]("moduleSettings") in Scope(Build: file:/C:/Users/janin/git/de.htwg.webtech.MoerakiKemu/MoerakiKemu/, , Project: ProjectReference(file:/C:/Users/janin/git/de.htwg.webtech.MoerakiKemu/MoerakiKemu/,root))))
Sending msg to client play-fork-run-72fd43d1-a4fe-48df-89a5-db0ba192226d: TaskFinished(34,2740,None,true,None)
Sending msg to client play-fork-run-72fd43d1-a4fe-48df-89a5-db0ba192226d: TaskFinished(34,2716,Some(AttributeKey[scala.collection.Seq[java.io.File]]("playMonitoredFiles") in Scope(Build: file:/C:/Users/janin/git/de.htwg.webtech.MoerakiKemu/MoerakiKemu/, , Project: ProjectReference(file:/C:/Users/janin/git/de.htwg.webtech.MoerakiKemu/MoerakiKemu/,root))),true,None)
Sending msg to client play-fork-run-72fd43d1-a4fe-48df-89a5-db0ba192226d: TaskFinished(34,2744,None,true,None)
Sending msg to client play-fork-run-72fd43d1-a4fe-48df-89a5-db0ba192226d: TaskFinished(34,2745,None,true,None)
Sending msg to client play-fork-run-72fd43d1-a4fe-48df-89a5-db0ba192226d: TaskStarted(34,2743,Some(AttributeKey[scala.collection.Seq[sbt.Attributed[java.io.File]]]("unmanagedJars") in Scope(Build: file:/C:/Users/janin/git/de.htwg.webtech.MoerakiKemu/MoerakiKemu/, , Project: ProjectReference(file:/C:/Users/janin/git/de.htwg.webtech.MoerakiKemu/MoerakiKemu/,root), Config: runtime)))
Sending msg to client play-fork-run-72fd43d1-a4fe-48df-89a5-db0ba192226d: TaskFinished(34,2748,None,true,None)
Sending msg to client play-fork-run-72fd43d1-a4fe-48df-89a5-db0ba192226d: TaskFinished(34,2749,None,true,None)
Sending msg to client play-fork-run-72fd43d1-a4fe-48df-89a5-db0ba192226d: TaskStarted(34,2747,Some(AttributeKey[scala.collection.Seq[sbt.Attributed[java.io.File]]]("unmanagedJars") in Scope(Build: file:/C:/Users/janin/git/de.htwg.webtech.MoerakiKemu/MoerakiKemu/, , Project: ProjectReference(file:/C:/Users/janin/git/de.htwg.webtech.MoerakiKemu/MoerakiKemu/,root), Config: compile)))
Sending msg to client play-fork-run-72fd43d1-a4fe-48df-89a5-db0ba192226d: TaskFinished(34,2751,None,true,None)
Sending msg to client play-fork-run-72fd43d1-a4fe-48df-89a5-db0ba192226d: TaskStarted(34,2750,None)
Sending msg to client play-fork-run-72fd43d1-a4fe-48df-89a5-db0ba192226d: TaskFinished(34,2738,None,true,None)
Sending msg to client play-fork-run-72fd43d1-a4fe-48df-89a5-db0ba192226d: TaskFinished(34,2705,Some(AttributeKey[scala.collection.immutable.Map[org.apache.ivy.core.module.id.ModuleRevisionId,org.apache.ivy.core.module.descriptor.ModuleDescriptor]]("projectDescriptors") in Scope(Build: file:/C:/Users/janin/git/de.htwg.webtech.MoerakiKemu/MoerakiKemu/, , Project: ProjectReference(file:/C:/Users/janin/git/de.htwg.webtech.MoerakiKemu/MoerakiKemu/,root))),true,None)
Sending msg to client play-fork-run-72fd43d1-a4fe-48df-89a5-db0ba192226d: TaskStarted(34,2704,Some(AttributeKey[sbt.Resolver]("projectResolver") in Scope(Build: file:/C:/Users/janin/git/de.htwg.webtech.MoerakiKemu/MoerakiKemu/, , Project: ProjectReference(file:/C:/Users/janin/git/de.htwg.webtech.MoerakiKemu/MoerakiKemu/,root))))
Sending msg to client play-fork-run-72fd43d1-a4fe-48df-89a5-db0ba192226d: TaskFinished(34,2710,Some(AttributeKey[sbt.ModuleSettings]("moduleSettings") in Scope(Build: file:/C:/Users/janin/git/de.htwg.webtech.MoerakiKemu/MoerakiKemu/, , Project: ProjectReference(file:/C:/Users/janin/git/de.htwg.webtech.MoerakiKemu/MoerakiKemu/,root))),true,None)
Sending msg to client play-fork-run-72fd43d1-a4fe-48df-89a5-db0ba192226d: TaskFinished(34,2743,Some(AttributeKey[scala.collection.Seq[sbt.Attributed[java.io.File]]]("unmanagedJars") in Scope(Build: file:/C:/Users/janin/git/de.htwg.webtech.MoerakiKemu/MoerakiKemu/, , Project: ProjectReference(file:/C:/Users/janin/git/de.htwg.webtech.MoerakiKemu/MoerakiKemu/,root), Config: runtime)),true,None)
Sending msg to client play-fork-run-72fd43d1-a4fe-48df-89a5-db0ba192226d: TaskFinished(34,2747,Some(AttributeKey[scala.collection.Seq[sbt.Attributed[java.io.File]]]("unmanagedJars") in Scope(Build: file:/C:/Users/janin/git/de.htwg.webtech.MoerakiKemu/MoerakiKemu/, , Project: ProjectReference(file:/C:/Users/janin/git/de.htwg.webtech.MoerakiKemu/MoerakiKemu/,root), Config: compile)),true,None)
Sending msg to client play-fork-run-72fd43d1-a4fe-48df-89a5-db0ba192226d: TaskStarted(34,2752,None)
Sending msg to client play-fork-run-72fd43d1-a4fe-48df-89a5-db0ba192226d: TaskFinished(34,2704,Some(AttributeKey[sbt.Resolver]("projectResolver") in Scope(Build: file:/C:/Users/janin/git/de.htwg.webtech.MoerakiKemu/MoerakiKemu/, , Project: ProjectReference(file:/C:/Users/janin/git/de.htwg.webtech.MoerakiKemu/MoerakiKemu/,root))),true,None)
Sending msg to client play-fork-run-72fd43d1-a4fe-48df-89a5-db0ba192226d: TaskStarted(34,2703,Some(AttributeKey[scala.collection.Seq[sbt.Resolver]]("fullResolvers") in Scope(Build: file:/C:/Users/janin/git/de.htwg.webtech.MoerakiKemu/MoerakiKemu/, , Project: ProjectReference(file:/C:/Users/janin/git/de.htwg.webtech.MoerakiKemu/MoerakiKemu/,root))))
Sending msg to client play-fork-run-72fd43d1-a4fe-48df-89a5-db0ba192226d: TaskFinished(34,2752,None,true,None)
Sending msg to client play-fork-run-72fd43d1-a4fe-48df-89a5-db0ba192226d: TaskFinished(34,2750,None,true,None)
Sending msg to client play-fork-run-72fd43d1-a4fe-48df-89a5-db0ba192226d: TaskStarted(34,2746,Some(AttributeKey[scala.collection.Seq[sbt.Attributed[java.io.File]]]("unmanagedJars") in Scope(Build: file:/C:/Users/janin/git/de.htwg.webtech.MoerakiKemu/MoerakiKemu/, , Project: ProjectReference(file:/C:/Users/janin/git/de.htwg.webtech.MoerakiKemu/MoerakiKemu/,root), Config: compile)))
Sending msg to client play-fork-run-72fd43d1-a4fe-48df-89a5-db0ba192226d: TaskFinished(34,2703,Some(AttributeKey[scala.collection.Seq[sbt.Resolver]]("fullResolvers") in Scope(Build: file:/C:/Users/janin/git/de.htwg.webtech.MoerakiKemu/MoerakiKemu/, , Project: ProjectReference(file:/C:/Users/janin/git/de.htwg.webtech.MoerakiKemu/MoerakiKemu/,root))),true,None)
Sending msg to client play-fork-run-72fd43d1-a4fe-48df-89a5-db0ba192226d: TaskStarted(34,2701,Some(AttributeKey[sbt.IvyConfiguration]("ivyConfiguration") in Scope(Build: file:/C:/Users/janin/git/de.htwg.webtech.MoerakiKemu/MoerakiKemu/, , Project: ProjectReference(file:/C:/Users/janin/git/de.htwg.webtech.MoerakiKemu/MoerakiKemu/,root))))
Sending msg to client play-fork-run-72fd43d1-a4fe-48df-89a5-db0ba192226d: TaskFinished(34,2746,Some(AttributeKey[scala.collection.Seq[sbt.Attributed[java.io.File]]]("unmanagedJars") in Scope(Build: file:/C:/Users/janin/git/de.htwg.webtech.MoerakiKemu/MoerakiKemu/, , Project: ProjectReference(file:/C:/Users/janin/git/de.htwg.webtech.MoerakiKemu/MoerakiKemu/,root), Config: compile)),true,None)
Sending msg to client play-fork-run-72fd43d1-a4fe-48df-89a5-db0ba192226d: TaskStarted(34,2742,None)
Sending msg to client play-fork-run-72fd43d1-a4fe-48df-89a5-db0ba192226d: TaskFinished(34,2701,Some(AttributeKey[sbt.IvyConfiguration]("ivyConfiguration") in Scope(Build: file:/C:/Users/janin/git/de.htwg.webtech.MoerakiKemu/MoerakiKemu/, , Project: ProjectReference(file:/C:/Users/janin/git/de.htwg.webtech.MoerakiKemu/MoerakiKemu/,root))),true,None)
Sending msg to client play-fork-run-72fd43d1-a4fe-48df-89a5-db0ba192226d: TaskStarted(34,2699,Some(AttributeKey[sbt.IvySbt]("ivySbt") in Scope(Build: file:/C:/Users/janin/git/de.htwg.webtech.MoerakiKemu/MoerakiKemu/, , Project: ProjectReference(file:/C:/Users/janin/git/de.htwg.webtech.MoerakiKemu/MoerakiKemu/,root))))
Sending msg to client play-fork-run-72fd43d1-a4fe-48df-89a5-db0ba192226d: TaskFinished(34,2742,None,true,None)
Sending msg to client play-fork-run-72fd43d1-a4fe-48df-89a5-db0ba192226d: TaskStarted(34,2741,None)
Sending msg to client play-fork-run-72fd43d1-a4fe-48df-89a5-db0ba192226d: TaskFinished(34,2699,Some(AttributeKey[sbt.IvySbt]("ivySbt") in Scope(Build: file:/C:/Users/janin/git/de.htwg.webtech.MoerakiKemu/MoerakiKemu/, , Project: ProjectReference(file:/C:/Users/janin/git/de.htwg.webtech.MoerakiKemu/MoerakiKemu/,root))),true,None)
Sending msg to client play-fork-run-72fd43d1-a4fe-48df-89a5-db0ba192226d: TaskStarted(34,2698,Some(AttributeKey[sbt.IvySbt$Module]("ivyModule") in Scope(Build: file:/C:/Users/janin/git/de.htwg.webtech.MoerakiKemu/MoerakiKemu/, , Project: ProjectReference(file:/C:/Users/janin/git/de.htwg.webtech.MoerakiKemu/MoerakiKemu/,root))))
Sending msg to client play-fork-run-72fd43d1-a4fe-48df-89a5-db0ba192226d: TaskFinished(34,2741,None,true,None)
Sending msg to client play-fork-run-72fd43d1-a4fe-48df-89a5-db0ba192226d: TaskFinished(34,2721,None,true,None)
Sending msg to client play-fork-run-72fd43d1-a4fe-48df-89a5-db0ba192226d: TaskStarted(34,2720,Some(AttributeKey[scala.collection.Seq[sbt.Attributed[java.io.File]]]("unmanagedClasspath") in Scope(Build: file:/C:/Users/janin/git/de.htwg.webtech.MoerakiKemu/MoerakiKemu/, , Project: ProjectReference(file:/C:/Users/janin/git/de.htwg.webtech.MoerakiKemu/MoerakiKemu/,root), Config: runtime)))
Sending msg to client play-fork-run-72fd43d1-a4fe-48df-89a5-db0ba192226d: TaskFinished(34,2698,Some(AttributeKey[sbt.IvySbt$Module]("ivyModule") in Scope(Build: file:/C:/Users/janin/git/de.htwg.webtech.MoerakiKemu/MoerakiKemu/, , Project: ProjectReference(file:/C:/Users/janin/git/de.htwg.webtech.MoerakiKemu/MoerakiKemu/,root))),true,None)
Sending msg to client play-fork-run-72fd43d1-a4fe-48df-89a5-db0ba192226d: TaskStarted(34,2682,Some(AttributeKey[sbt.UpdateReport]("update") in Scope(Build: file:/C:/Users/janin/git/de.htwg.webtech.MoerakiKemu/MoerakiKemu/, , Project: ProjectReference(file:/C:/Users/janin/git/de.htwg.webtech.MoerakiKemu/MoerakiKemu/,root))))
Sending msg to client play-fork-run-72fd43d1-a4fe-48df-89a5-db0ba192226d: TaskFinished(34,2720,Some(AttributeKey[scala.collection.Seq[sbt.Attributed[java.io.File]]]("unmanagedClasspath") in Scope(Build: file:/C:/Users/janin/git/de.htwg.webtech.MoerakiKemu/MoerakiKemu/, , Project: ProjectReference(file:/C:/Users/janin/git/de.htwg.webtech.MoerakiKemu/MoerakiKemu/,root), Config: runtime)),true,None)
Sending msg to client play-fork-run-72fd43d1-a4fe-48df-89a5-db0ba192226d: TaskFinished(34,2682,Some(AttributeKey[sbt.UpdateReport]("update") in Scope(Build: file:/C:/Users/janin/git/de.htwg.webtech.MoerakiKemu/MoerakiKemu/, , Project: ProjectReference(file:/C:/Users/janin/git/de.htwg.webtech.MoerakiKemu/MoerakiKemu/,root))),true,None)
Sending msg to client play-fork-run-72fd43d1-a4fe-48df-89a5-db0ba192226d: TaskStarted(34,2681,Some(AttributeKey[sbt.UpdateReport]("update") in Scope(Build: file:/C:/Users/janin/git/de.htwg.webtech.MoerakiKemu/MoerakiKemu/, , Project: ProjectReference(file:/C:/Users/janin/git/de.htwg.webtech.MoerakiKemu/MoerakiKemu/,root))))
Sending msg to client play-fork-run-72fd43d1-a4fe-48df-89a5-db0ba192226d: TaskFinished(34,2681,Some(AttributeKey[sbt.UpdateReport]("update") in Scope(Build: file:/C:/Users/janin/git/de.htwg.webtech.MoerakiKemu/MoerakiKemu/, , Project: ProjectReference(file:/C:/Users/janin/git/de.htwg.webtech.MoerakiKemu/MoerakiKemu/,root))),true,None)
Sending msg to client play-fork-run-72fd43d1-a4fe-48df-89a5-db0ba192226d: TaskStarted(34,2680,Some(AttributeKey[scala.collection.Seq[sbt.Attributed[java.io.File]]]("managedClasspath") in Scope(Build: file:/C:/Users/janin/git/de.htwg.webtech.MoerakiKemu/MoerakiKemu/, , Project: ProjectReference(file:/C:/Users/janin/git/de.htwg.webtech.MoerakiKemu/MoerakiKemu/,root), Config: docs)))
Sending msg to client play-fork-run-72fd43d1-a4fe-48df-89a5-db0ba192226d: TaskStarted(34,2727,Some(AttributeKey[sbt.Configuration]("classpathConfiguration") in Scope(Build: file:/C:/Users/janin/git/de.htwg.webtech.MoerakiKemu/MoerakiKemu/, , Project: ProjectReference(file:/C:/Users/janin/git/de.htwg.webtech.MoerakiKemu/MoerakiKemu/,root), Config: compile)))
Sending msg to client play-fork-run-72fd43d1-a4fe-48df-89a5-db0ba192226d: TaskFinished(34,2680,Some(AttributeKey[scala.collection.Seq[sbt.Attributed[java.io.File]]]("managedClasspath") in Scope(Build: file:/C:/Users/janin/git/de.htwg.webtech.MoerakiKemu/MoerakiKemu/, , Project: ProjectReference(file:/C:/Users/janin/git/de.htwg.webtech.MoerakiKemu/MoerakiKemu/,root), Config: docs)),true,None)
Sending msg to client play-fork-run-72fd43d1-a4fe-48df-89a5-db0ba192226d: TaskStarted(34,2715,Some(AttributeKey[scala.Option[java.io.File]]("playDocsJar") in Scope(Build: file:/C:/Users/janin/git/de.htwg.webtech.MoerakiKemu/MoerakiKemu/, , Project: ProjectReference(file:/C:/Users/janin/git/de.htwg.webtech.MoerakiKemu/MoerakiKemu/,root))))
Sending msg to client play-fork-run-72fd43d1-a4fe-48df-89a5-db0ba192226d: TaskFinished(34,2727,Some(AttributeKey[sbt.Configuration]("classpathConfiguration") in Scope(Build: file:/C:/Users/janin/git/de.htwg.webtech.MoerakiKemu/MoerakiKemu/, , Project: ProjectReference(file:/C:/Users/janin/git/de.htwg.webtech.MoerakiKemu/MoerakiKemu/,root), Config: compile)),true,None)
Sending msg to client play-fork-run-72fd43d1-a4fe-48df-89a5-db0ba192226d: TaskStarted(34,2726,None)
Sending msg to client play-fork-run-72fd43d1-a4fe-48df-89a5-db0ba192226d: TaskFinished(34,2715,Some(AttributeKey[scala.Option[java.io.File]]("playDocsJar") in Scope(Build: file:/C:/Users/janin/git/de.htwg.webtech.MoerakiKemu/MoerakiKemu/, , Project: ProjectReference(file:/C:/Users/janin/git/de.htwg.webtech.MoerakiKemu/MoerakiKemu/,root))),true,None)
Sending msg to client play-fork-run-72fd43d1-a4fe-48df-89a5-db0ba192226d: TaskFinished(34,2726,None,true,None)
Sending msg to client play-fork-run-72fd43d1-a4fe-48df-89a5-db0ba192226d: TaskStarted(34,2725,Some(AttributeKey[sbt.Configuration]("classpathConfiguration") in Scope(Build: file:/C:/Users/janin/git/de.htwg.webtech.MoerakiKemu/MoerakiKemu/, , Project: ProjectReference(file:/C:/Users/janin/git/de.htwg.webtech.MoerakiKemu/MoerakiKemu/,root), Config: runtime)))
Sending msg to client play-fork-run-72fd43d1-a4fe-48df-89a5-db0ba192226d: TaskFinished(34,2725,Some(AttributeKey[sbt.Configuration]("classpathConfiguration") in Scope(Build: file:/C:/Users/janin/git/de.htwg.webtech.MoerakiKemu/MoerakiKemu/, , Project: ProjectReference(file:/C:/Users/janin/git/de.htwg.webtech.MoerakiKemu/MoerakiKemu/,root), Config: runtime)),true,None)
Sending msg to client play-fork-run-72fd43d1-a4fe-48df-89a5-db0ba192226d: TaskStarted(34,2724,None)
Sending msg to client play-fork-run-72fd43d1-a4fe-48df-89a5-db0ba192226d: TaskFinished(34,2724,None,true,None)
Sending msg to client play-fork-run-72fd43d1-a4fe-48df-89a5-db0ba192226d: TaskStarted(34,2723,Some(AttributeKey[scala.collection.Seq[sbt.Attributed[java.io.File]]]("managedClasspath") in Scope(Build: file:/C:/Users/janin/git/de.htwg.webtech.MoerakiKemu/MoerakiKemu/, , Project: ProjectReference(file:/C:/Users/janin/git/de.htwg.webtech.MoerakiKemu/MoerakiKemu/,root), Config: runtime)))
Sending msg to client play-fork-run-72fd43d1-a4fe-48df-89a5-db0ba192226d: TaskFinished(34,2723,Some(AttributeKey[scala.collection.Seq[sbt.Attributed[java.io.File]]]("managedClasspath") in Scope(Build: file:/C:/Users/janin/git/de.htwg.webtech.MoerakiKemu/MoerakiKemu/, , Project: ProjectReference(file:/C:/Users/janin/git/de.htwg.webtech.MoerakiKemu/MoerakiKemu/,root), Config: runtime)),true,None)
Sending msg to client play-fork-run-72fd43d1-a4fe-48df-89a5-db0ba192226d: TaskStarted(34,2719,None)
Sending msg to client play-fork-run-72fd43d1-a4fe-48df-89a5-db0ba192226d: TaskFinished(34,2719,None,true,None)
Sending msg to client play-fork-run-72fd43d1-a4fe-48df-89a5-db0ba192226d: TaskStarted(34,2718,Some(AttributeKey[scala.collection.Seq[sbt.Attributed[java.io.File]]]("playDependencyClasspath") in Scope(Build: file:/C:/Users/janin/git/de.htwg.webtech.MoerakiKemu/MoerakiKemu/, , Project: ProjectReference(file:/C:/Users/janin/git/de.htwg.webtech.MoerakiKemu/MoerakiKemu/,root))))
Sending msg to client play-fork-run-72fd43d1-a4fe-48df-89a5-db0ba192226d: TaskFinished(34,2718,Some(AttributeKey[scala.collection.Seq[sbt.Attributed[java.io.File]]]("playDependencyClasspath") in Scope(Build: file:/C:/Users/janin/git/de.htwg.webtech.MoerakiKemu/MoerakiKemu/, , Project: ProjectReference(file:/C:/Users/janin/git/de.htwg.webtech.MoerakiKemu/MoerakiKemu/,root))),true,None)
Sending msg to client play-fork-run-72fd43d1-a4fe-48df-89a5-db0ba192226d: TaskStarted(34,2679,Some(AttributeKey[play.forkrun.protocol.ForkConfig]("playForkConfig") in Scope(Build: file:/C:/Users/janin/git/de.htwg.webtech.MoerakiKemu/MoerakiKemu/, , Project: ProjectReference(file:/C:/Users/janin/git/de.htwg.webtech.MoerakiKemu/MoerakiKemu/,root))))
Sending msg to client play-fork-run-72fd43d1-a4fe-48df-89a5-db0ba192226d: TaskFinished(34,2679,Some(AttributeKey[play.forkrun.protocol.ForkConfig]("playForkConfig") in Scope(Build: file:/C:/Users/janin/git/de.htwg.webtech.MoerakiKemu/MoerakiKemu/, , Project: ProjectReference(file:/C:/Users/janin/git/de.htwg.webtech.MoerakiKemu/MoerakiKemu/,root))),true,None)
Sending msg to client play-fork-run-72fd43d1-a4fe-48df-89a5-db0ba192226d: ValueChanged(AttributeKey[play.forkrun.protocol.ForkConfig]("playForkConfig") in Scope(Build: file:/C:/Users/janin/git/de.htwg.webtech.MoerakiKemu/MoerakiKemu/, , Project: ProjectReference(file:/C:/Users/janin/git/de.htwg.webtech.MoerakiKemu/MoerakiKemu/,root)),TaskSuccess(BuildValue(LazyValue(ForkConfig(C:\Users\janin\git\de.htwg.webtech.MoerakiKemu\MoerakiKemu,List(-Djna.nosys=true),List(C:\Users\janin\git\de.htwg.webtech.MoerakiKemu\MoerakiKemu\lib\moeraki-kemu.jar, C:\Users\janin\.ivy2\cache\org.scala-lang\scala-library\jars\scala-library-2.11.7.jar, C:\Users\janin\Documents\FH\Webtech\typesafe-activator-1.3.10\activator-dist-1.3.10\repository\com.typesafe.play\twirl-api_2.11\1.1.1\jars\twirl-api_2.11.jar, C:\Users\janin\Documents\FH\Webtech\typesafe-activator-1.3.10\activator-dist-1.3.10\repository\org.apache.commons\commons-lang3\3.4\jars\commons-lang3.jar, C:\Users\janin\.ivy2\cache\org.scala-lang.modules\scala-xml_2.11\bundles\scala-xml_2.11-1.0.1.jar, C:\Users\janin\Documents\FH\Webtech\typesafe-activator-1.3.10\activator-dist-1.3.10\repository\com.typesafe.play\play-enhancer\1.1.0\jars\play-enhancer.jar, C:\Users\janin\.ivy2\cache\com.typesafe.play\play-server_2.11\jars\play-server_2.11-2.5.8.jar, C:\Users\janin\.ivy2\cache\com.typesafe.play\play_2.11\jars\play_2.11-2.5.8.jar, C:\Users\janin\.ivy2\cache\com.typesafe.play\build-link\jars\build-link-2.5.8.jar, C:\Users\janin\.ivy2\cache\com.typesafe.play\play-exceptions\jars\play-exceptions-2.5.8.jar, C:\Users\janin\.ivy2\cache\com.typesafe.play\play-iteratees_2.11\jars\play-iteratees_2.11-2.5.8.jar, C:\Users\janin\.ivy2\cache\org.scala-stm\scala-stm_2.11\jars\scala-stm_2.11-0.7.jar, C:\Users\janin\Documents\FH\Webtech\typesafe-activator-1.3.10\activator-dist-1.3.10\repository\com.typesafe\config\1.3.0\bundles\config.jar, C:\Users\janin\.ivy2\cache\com.typesafe.play\play-json_2.11\jars\play-json_2.11-2.5.8.jar, C:\Users\janin\.ivy2\cache\com.typesafe.play\play-functional_2.11\jars\play-functional_2.11-2.5.8.jar, C:\Users\janin\.ivy2\cache\com.typesafe.play\play-datacommons_2.11\jars\play-datacommons_2.11-2.5.8.jar, C:\Users\janin\.ivy2\cache\joda-time\joda-time\jars\joda-time-2.9.4.jar, C:\Users\janin\Documents\FH\Webtech\typesafe-activator-1.3.10\activator-dist-1.3.10\repository\org.joda\joda-convert\1.8.1\jars\joda-convert.jar, C:\Users\janin\.ivy2\cache\org.scala-lang\scala-reflect\jars\scala-reflect-2.11.7.jar, C:\Users\janin\.ivy2\cache\com.fasterxml.jackson.core\jackson-core\bundles\jackson-core-2.7.6.jar, C:\Users\janin\.ivy2\cache\com.fasterxml.jackson.core\jackson-annotations\bundles\jackson-annotations-2.7.6.jar, C:\Users\janin\.ivy2\cache\com.fasterxml.jackson.core\jackson-databind\bundles\jackson-databind-2.7.6.jar, C:\Users\janin\.ivy2\cache\com.fasterxml.jackson.datatype\jackson-datatype-jdk8\bundles\jackson-datatype-jdk8-2.7.6.jar, C:\Users\janin\.ivy2\cache\com.fasterxml.jackson.datatype\jackson-datatype-jsr310\bundles\jackson-datatype-jsr310-2.7.6.jar, C:\Users\janin\.ivy2\cache\com.typesafe.play\play-netty-utils\jars\play-netty-utils-2.5.8.jar, C:\Users\janin\Documents\FH\Webtech\typesafe-activator-1.3.10\activator-dist-1.3.10\repository\org.slf4j\slf4j-api\1.7.21\jars\slf4j-api.jar, C:\Users\janin\.ivy2\cache\org.slf4j\jul-to-slf4j\jars\jul-to-slf4j-1.7.21.jar, C:\Users\janin\.ivy2\cache\org.slf4j\jcl-over-slf4j\jars\jcl-over-slf4j-1.7.21.jar, C:\Users\janin\.ivy2\cache\com.typesafe.play\play-streams_2.11\jars\play-streams_2.11-2.5.8.jar, C:\Users\janin\Documents\FH\Webtech\typesafe-activator-1.3.10\activator-dist-1.3.10\repository\org.reactivestreams\reactive-streams\1.0.0\jars\reactive-streams.jar, C:\Users\janin\.ivy2\cache\com.typesafe.akka\akka-stream_2.11\jars\akka-stream_2.11-2.4.10.jar, C:\Users\janin\.ivy2\cache\com.typesafe.akka\akka-actor_2.11\jars\akka-actor_2.11-2.4.10.jar, C:\Users\janin\Documents\FH\Webtech\typesafe-activator-1.3.10\activator-dist-1.3.10\repository\org.scala-lang.modules\scala-java8-compat_2.11\0.7.0\bundles\scala-java8-compat_2.11.jar, C:\Users\janin\.ivy2\cache\com.typesafe\ssl-config-akka_2.11\bundles\ssl-config-akka_2.11-0.2.1.jar, C:\Users\janin\.ivy2\cache\com.typesafe\ssl-config-core_2.11\bundles\ssl-config-core_2.11-0.2.1.jar, C:\Users\janin\.ivy2\cache\org.scala-lang.modules\scala-parser-combinators_2.11\bundles\scala-parser-combinators_2.11-1.0.4.jar, C:\Users\janin\.ivy2\cache\com.typesafe.akka\akka-slf4j_2.11\jars\akka-slf4j_2.11-2.4.10.jar, C:\Users\janin\Documents\FH\Webtech\typesafe-activator-1.3.10\activator-dist-1.3.10\repository\commons-codec\commons-codec\1.10\jars\commons-codec.jar, C:\Users\janin\.ivy2\cache\xerces\xercesImpl\jars\xercesImpl-2.11.0.jar, C:\Users\janin\.ivy2\cache\xml-apis\xml-apis\jars\xml-apis-1.4.01.jar, C:\Users\janin\.ivy2\cache\javax.transaction\jta\jars\jta-1.1.jar, C:\Users\janin\Documents\FH\Webtech\typesafe-activator-1.3.10\activator-dist-1.3.10\repository\com.google.inject\guice\4.0\jars\guice.jar, C:\Users\janin\Documents\FH\Webtech\typesafe-activator-1.3.10\activator-dist-1.3.10\repository\javax.inject\javax.inject\1\jars\javax.inject.jar, C:\Users\janin\Documents\FH\Webtech\typesafe-activator-1.3.10\activator-dist-1.3.10\repository\aopalliance\aopalliance\1.0\jars\aopalliance.jar, C:\Users\janin\Documents\FH\Webtech\typesafe-activator-1.3.10\activator-dist-1.3.10\repository\com.google.inject.extensions\guice-assistedinject\4.0\jars\guice-assistedinject.jar, C:\Users\janin\.ivy2\cache\com.typesafe.play\play-java_2.11\jars\play-java_2.11-2.5.8.jar, C:\Users\janin\Documents\FH\Webtech\typesafe-activator-1.3.10\activator-dist-1.3.10\repository\org.yaml\snakeyaml\1.16\bundles\snakeyaml.jar, C:\Users\janin\Documents\FH\Webtech\typesafe-activator-1.3.10\activator-dist-1.3.10\repository\org.hibernate\hibernate-validator\5.2.4.Final\jars\hibernate-validator.jar, C:\Users\janin\Documents\FH\Webtech\typesafe-activator-1.3.10\activator-dist-1.3.10\repository\javax.validation\validation-api\1.1.0.Final\jars\validation-api.jar, C:\Users\janin\Documents\FH\Webtech\typesafe-activator-1.3.10\activator-dist-1.3.10\repository\org.jboss.logging\jboss-logging\3.2.1.Final\jars\jboss-logging.jar, C:\Users\janin\Documents\FH\Webtech\typesafe-activator-1.3.10\activator-dist-1.3.10\repository\com.fasterxml\classmate\1.1.0\bundles\classmate.jar, C:\Users\janin\Documents\FH\Webtech\typesafe-activator-1.3.10\activator-dist-1.3.10\repository\javax.el\javax.el-api\3.0.0\jars\javax.el-api.jar, C:\Users\janin\.ivy2\cache\org.springframework\spring-context\jars\spring-context-4.2.7.RELEASE.jar, C:\Users\janin\.ivy2\cache\org.springframework\spring-core\jars\spring-core-4.2.7.RELEASE.jar, C:\Users\janin\.ivy2\cache\org.springframework\spring-beans\jars\spring-beans-4.2.7.RELEASE.jar, C:\Users\janin\Documents\FH\Webtech\typesafe-activator-1.3.10\activator-dist-1.3.10\repository\org.reflections\reflections\0.9.10\jars\reflections.jar, C:\Users\janin\Documents\FH\Webtech\typesafe-activator-1.3.10\activator-dist-1.3.10\repository\com.google.guava\guava\19.0\bundles\guava.jar, C:\Users\janin\Documents\FH\Webtech\typesafe-activator-1.3.10\activator-dist-1.3.10\repository\net.jodah\typetools\0.4.4\bundles\typetools.jar, C:\Users\janin\Documents\FH\Webtech\typesafe-activator-1.3.10\activator-dist-1.3.10\repository\com.google.code.findbugs\jsr305\3.0.1\jars\jsr305.jar, C:\Users\janin\.ivy2\cache\org.apache.tomcat\tomcat-servlet-api\jars\tomcat-servlet-api-8.0.33.jar, C:\Users\janin\.ivy2\cache\com.typesafe.play\play-netty-server_2.11\jars\play-netty-server_2.11-2.5.8.jar, C:\Users\janin\.ivy2\cache\com.typesafe.netty\netty-reactive-streams-http\jars\netty-reactive-streams-http-1.0.8.jar, C:\Users\janin\.ivy2\cache\com.typesafe.netty\netty-reactive-streams\jars\netty-reactive-streams-1.0.8.jar, C:\Users\janin\.ivy2\cache\io.netty\netty-handler\jars\netty-handler-4.0.41.Final.jar, C:\Users\janin\.ivy2\cache\io.netty\netty-buffer\jars\netty-buffer-4.0.41.Final.jar, C:\Users\janin\.ivy2\cache\io.netty\netty-common\jars\netty-common-4.0.41.Final.jar, C:\Users\janin\.ivy2\cache\io.netty\netty-transport\jars\netty-transport-4.0.41.Final.jar, C:\Users\janin\.ivy2\cache\io.netty\netty-codec\jars\netty-codec-4.0.41.Final.jar, C:\Users\janin\.ivy2\cache\io.netty\netty-codec-http\jars\netty-codec-http-4.0.41.Final.jar, C:\Users\janin\.ivy2\cache\io.netty\netty-transport-native-epoll\jars\netty-transport-native-epoll-4.0.41.Final-linux-x86_64.jar, C:\Users\janin\.ivy2\cache\com.typesafe.play\play-logback_2.11\jars\play-logback_2.11-2.5.8.jar, C:\Users\janin\.ivy2\cache\ch.qos.logback\logback-classic\jars\logback-classic-1.1.7.jar, C:\Users\janin\.ivy2\cache\ch.qos.logback\logback-core\jars\logback-core-1.1.7.jar, C:\Users\janin\.ivy2\cache\com.typesafe.play\play-java-jdbc_2.11\jars\play-java-jdbc_2.11-2.5.8.jar, C:\Users\janin\.ivy2\cache\com.typesafe.play\play-jdbc_2.11\jars\play-jdbc_2.11-2.5.8.jar, C:\Users\janin\.ivy2\cache\com.typesafe.play\play-jdbc-api_2.11\jars\play-jdbc-api_2.11-2.5.8.jar, C:\Users\janin\Documents\FH\Webtech\typesafe-activator-1.3.10\activator-dist-1.3.10\repository\com.jolbox\bonecp\0.8.0.RELEASE\bundles\bonecp.jar, C:\Users\janin\.ivy2\cache\com.zaxxer\HikariCP\bundles\HikariCP-2.5.0.jar, C:\Users\janin\Documents\FH\Webtech\typesafe-activator-1.3.10\activator-dist-1.3.10\repository\com.googlecode.usc\jdbcdslog\1.0.6.2\jars\jdbcdslog.jar, C:\Users\janin\.ivy2\cache\com.h2database\h2\jars\h2-1.4.192.jar, C:\Users\janin\Documents\FH\Webtech\typesafe-activator-1.3.10\activator-dist-1.3.10\repository\tyrex\tyrex\1.0.1\jars\tyrex.jar, C:\Users\janin\.ivy2\cache\com.typesafe.play\play-cache_2.11\jars\play-cache_2.11-2.5.8.jar, C:\Users\janin\Documents\FH\Webtech\typesafe-activator-1.3.10\activator-dist-1.3.10\repository\net.sf.ehcache\ehcache-core\2.6.11\jars\ehcache-core.jar, C:\Users\janin\.ivy2\cache\com.typesafe.play\play-java-ws_2.11\jars\play-java-ws_2.11-2.5.8.jar, C:\Users\janin\.ivy2\cache\com.typesafe.play\play-ws_2.11\jars\play-ws_2.11-2.5.8.jar, C:\Users\janin\.ivy2\cache\org.asynchttpclient\async-http-client\jars\async-http-client-2.0.11.jar, C:\Users\janin\.ivy2\cache\org.asynchttpclient\netty-resolver-dns\jars\netty-resolver-dns-2.0.11.jar, C:\Users\janin\.ivy2\cache\org.asynchttpclient\netty-resolver\jars\netty-resolver-2.0.11.jar, C:\Users\janin\.ivy2\cache\org.asynchttpclient\netty-codec-dns\jars\netty-codec-dns-2.0.11.jar, C:\Users\janin\Documents\FH\Webtech\typesafe-activator-1.3.10\activator-dist-1.3.10\repository\org.javassist\javassist\3.20.0-GA\bundles\javassist.jar, C:\Users\janin\.ivy2\cache\oauth.signpost\signpost-core\jars\signpost-core-1.2.1.2.jar, C:\Users\janin\.ivy2\cache\oauth.signpost\signpost-commonshttp4\jars\signpost-commonshttp4-1.2.1.2.jar, C:\Users\janin\Documents\FH\Webtech\typesafe-activator-1.3.10\activator-dist-1.3.10\repository\org.apache.httpcomponents\httpcore\4.0.1\jars\httpcore.jar, C:\Users\janin\Documents\FH\Webtech\typesafe-activator-1.3.10\activator-dist-1.3.10\repository\org.apache.httpcomponents\httpclient\4.0.1\jars\httpclient.jar, C:\Users\janin\.ivy2\cache\commons-logging\commons-logging\jars\commons-logging-1.1.1.jar),List((public/,C:\Users\janin\git\de.htwg.webtech.MoerakiKemu\MoerakiKemu\target\web\public\main)),List(C:\Users\janin\.ivy2\cache\com.typesafe.play\play-omnidoc_2.11\jars\play-omnidoc_2.11-2.5.8.jar, C:\Users\janin\.ivy2\cache\org.scala-lang\scala-library\jars\scala-library-2.11.7.jar, C:\Users\janin\.ivy2\cache\com.typesafe.play\play-docs_2.11\jars\play-docs_2.11-2.5.8.jar, C:\Users\janin\.ivy2\cache\com.typesafe.play\play-netty-server_2.11\jars\play-netty-server_2.11-2.5.8.jar, C:\Users\janin\.ivy2\cache\com.typesafe.play\play-server_2.11\jars\play-server_2.11-2.5.8.jar, C:\Users\janin\.ivy2\cache\com.typesafe.play\play_2.11\jars\play_2.11-2.5.8.jar, C:\Users\janin\.ivy2\cache\com.typesafe.play\build-link\jars\build-link-2.5.8.jar, C:\Users\janin\.ivy2\cache\com.typesafe.play\play-exceptions\jars\play-exceptions-2.5.8.jar, C:\Users\janin\.ivy2\cache\com.typesafe.play\play-iteratees_2.11\jars\play-iteratees_2.11-2.5.8.jar, C:\Users\janin\.ivy2\cache\org.scala-stm\scala-stm_2.11\jars\scala-stm_2.11-0.7.jar, C:\Users\janin\Documents\FH\Webtech\typesafe-activator-1.3.10\activator-dist-1.3.10\repository\com.typesafe\config\1.3.0\bundles\config.jar, C:\Users\janin\.ivy2\cache\com.typesafe.play\play-json_2.11\jars\play-json_2.11-2.5.8.jar, C:\Users\janin\.ivy2\cache\com.typesafe.play\play-functional_2.11\jars\play-functional_2.11-2.5.8.jar, C:\Users\janin\.ivy2\cache\com.typesafe.play\play-datacommons_2.11\jars\play-datacommons_2.11-2.5.8.jar, C:\Users\janin\.ivy2\cache\joda-time\joda-time\jars\joda-time-2.9.4.jar, C:\Users\janin\Documents\FH\Webtech\typesafe-activator-1.3.10\activator-dist-1.3.10\repository\org.joda\joda-convert\1.8.1\jars\joda-convert.jar, C:\Users\janin\.ivy2\cache\org.scala-lang\scala-reflect\jars\scala-reflect-2.11.7.jar, C:\Users\janin\.ivy2\cache\com.fasterxml.jackson.core\jackson-core\bundles\jackson-core-2.7.6.jar, C:\Users\janin\.ivy2\cache\com.fasterxml.jackson.core\jackson-annotations\bundles\jackson-annotations-2.7.6.jar, C:\Users\janin\.ivy2\cache\com.fasterxml.jackson.core\jackson-databind\bundles\jackson-databind-2.7.6.jar, C:\Users\janin\.ivy2\cache\com.fasterxml.jackson.datatype\jackson-datatype-jdk8\bundles\jackson-datatype-jdk8-2.7.6.jar, C:\Users\janin\.ivy2\cache\com.fasterxml.jackson.datatype\jackson-datatype-jsr310\bundles\jackson-datatype-jsr310-2.7.6.jar, C:\Users\janin\.ivy2\cache\com.typesafe.play\play-netty-utils\jars\play-netty-utils-2.5.8.jar, C:\Users\janin\Documents\FH\Webtech\typesafe-activator-1.3.10\activator-dist-1.3.10\repository\org.slf4j\slf4j-api\1.7.21\jars\slf4j-api.jar, C:\Users\janin\.ivy2\cache\org.slf4j\jul-to-slf4j\jars\jul-to-slf4j-1.7.21.jar, C:\Users\janin\.ivy2\cache\org.slf4j\jcl-over-slf4j\jars\jcl-over-slf4j-1.7.21.jar, C:\Users\janin\.ivy2\cache\com.typesafe.play\play-streams_2.11\jars\play-streams_2.11-2.5.8.jar, C:\Users\janin\Documents\FH\Webtech\typesafe-activator-1.3.10\activator-dist-1.3.10\repository\org.reactivestreams\reactive-streams\1.0.0\jars\reactive-streams.jar, C:\Users\janin\.ivy2\cache\com.typesafe.akka\akka-stream_2.11\jars\akka-stream_2.11-2.4.10.jar, C:\Users\janin\.ivy2\cache\com.typesafe.akka\akka-actor_2.11\jars\akka-actor_2.11-2.4.10.jar, C:\Users\janin\Documents\FH\Webtech\typesafe-activator-1.3.10\activator-dist-1.3.10\repository\org.scala-lang.modules\scala-java8-compat_2.11\0.7.0\bundles\scala-java8-compat_2.11.jar, C:\Users\janin\.ivy2\cache\com.typesafe\ssl-config-akka_2.11\bundles\ssl-config-akka_2.11-0.2.1.jar, C:\Users\janin\.ivy2\cache\com.typesafe\ssl-config-core_2.11\bundles\ssl-config-core_2.11-0.2.1.jar, C:\Users\janin\.ivy2\cache\org.scala-lang.modules\scala-parser-combinators_2.11\bundles\scala-parser-combinators_2.11-1.0.4.jar, C:\Users\janin\Documents\FH\Webtech\typesafe-activator-1.3.10\activator-dist-1.3.10\repository\com.typesafe.play\twirl-api_2.11\1.1.1\jars\twirl-api_2.11.jar, C:\Users\janin\Documents\FH\Webtech\typesafe-activator-1.3.10\activator-dist-1.3.10\repository\org.apache.commons\commons-lang3\3.4\jars\commons-lang3.jar, C:\Users\janin\.ivy2\cache\org.scala-lang.modules\scala-xml_2.11\bundles\scala-xml_2.11-1.0.1.jar, C:\Users\janin\.ivy2\cache\com.typesafe.akka\akka-slf4j_2.11\jars\akka-slf4j_2.11-2.4.10.jar, C:\Users\janin\Documents\FH\Webtech\typesafe-activator-1.3.10\activator-dist-1.3.10\repository\commons-codec\commons-codec\1.10\jars\commons-codec.jar, C:\Users\janin\.ivy2\cache\xerces\xercesImpl\jars\xercesImpl-2.11.0.jar, C:\Users\janin\.ivy2\cache\xml-apis\xml-apis\jars\xml-apis-1.4.01.jar, C:\Users\janin\.ivy2\cache\javax.transaction\jta\jars\jta-1.1.jar, C:\Users\janin\Documents\FH\Webtech\typesafe-activator-1.3.10\activator-dist-1.3.10\repository\com.google.inject\guice\4.0\jars\guice.jar, C:\Users\janin\Documents\FH\Webtech\typesafe-activator-1.3.10\activator-dist-1.3.10\repository\javax.inject\javax.inject\1\jars\javax.inject.jar, C:\Users\janin\Documents\FH\Webtech\typesafe-activator-1.3.10\activator-dist-1.3.10\repository\aopalliance\aopalliance\1.0\jars\aopalliance.jar, C:\Users\janin\.ivy2\cache\com.google.guava\guava\bundles\guava-16.0.1.jar, C:\Users\janin\Documents\FH\Webtech\typesafe-activator-1.3.10\activator-dist-1.3.10\repository\com.google.inject.extensions\guice-assistedinject\4.0\jars\guice-assistedinject.jar, C:\Users\janin\.ivy2\cache\com.typesafe.netty\netty-reactive-streams-http\jars\netty-reactive-streams-http-1.0.8.jar, C:\Users\janin\.ivy2\cache\com.typesafe.netty\netty-reactive-streams\jars\netty-reactive-streams-1.0.8.jar, C:\Users\janin\.ivy2\cache\io.netty\netty-handler\jars\netty-handler-4.0.41.Final.jar, C:\Users\janin\.ivy2\cache\io.netty\netty-buffer\jars\netty-buffer-4.0.41.Final.jar, C:\Users\janin\.ivy2\cache\io.netty\netty-common\jars\netty-common-4.0.41.Final.jar, C:\Users\janin\.ivy2\cache\io.netty\netty-transport\jars\netty-transport-4.0.41.Final.jar, C:\Users\janin\.ivy2\cache\io.netty\netty-codec\jars\netty-codec-4.0.41.Final.jar, C:\Users\janin\.ivy2\cache\io.netty\netty-codec-http\jars\netty-codec-http-4.0.41.Final.jar, C:\Users\janin\.ivy2\cache\io.netty\netty-transport-native-epoll\jars\netty-transport-native-epoll-4.0.41.Final-linux-x86_64.jar, C:\Users\janin\Documents\FH\Webtech\typesafe-activator-1.3.10\activator-dist-1.3.10\repository\com.typesafe.play\play-doc_2.11\1.2.2\jars\play-doc_2.11.jar, C:\Users\janin\Documents\FH\Webtech\typesafe-activator-1.3.10\activator-dist-1.3.10\repository\org.pegdown\pegdown\1.4.0\jars\pegdown.jar, C:\Users\janin\Documents\FH\Webtech\typesafe-activator-1.3.10\activator-dist-1.3.10\repository\org.parboiled\parboiled-java\1.1.5\bundles\parboiled-java.jar, C:\Users\janin\Documents\FH\Webtech\typesafe-activator-1.3.10\activator-dist-1.3.10\repository\org.parboiled\parboiled-core\1.1.5\bundles\parboiled-core.jar, C:\Users\janin\Documents\FH\Webtech\typesafe-activator-1.3.10\activator-dist-1.3.10\repository\org.ow2.asm\asm\4.1\jars\asm.jar, C:\Users\janin\Documents\FH\Webtech\typesafe-activator-1.3.10\activator-dist-1.3.10\repository\org.ow2.asm\asm-tree\4.1\jars\asm-tree.jar, C:\Users\janin\Documents\FH\Webtech\typesafe-activator-1.3.10\activator-dist-1.3.10\repository\org.ow2.asm\asm-analysis\4.1\jars\asm-analysis.jar, C:\Users\janin\Documents\FH\Webtech\typesafe-activator-1.3.10\activator-dist-1.3.10\repository\org.ow2.asm\asm-util\4.1\jars\asm-util.jar, C:\Users\janin\Documents\FH\Webtech\typesafe-activator-1.3.10\activator-dist-1.3.10\repository\commons-io\commons-io\2.4\jars\commons-io.jar),Some(C:\Users\janin\.ivy2\cache\com.typesafe.play\play-omnidoc_2.11\jars\play-omnidoc_2.11-2.5.8.jar),List(),9000,0.0.0.0,DefaultWatchService,List(C:\Users\janin\git\de.htwg.webtech.MoerakiKemu\MoerakiKemu\public, C:\Users\janin\git\de.htwg.webtech.MoerakiKemu\MoerakiKemu\conf, C:\Users\janin\git\de.htwg.webtech.MoerakiKemu\MoerakiKemu\app),C:\Users\janin\git\de.htwg.webtech.MoerakiKemu\MoerakiKemu\target,500,root/playForkNotifyStart,root/playForkReload,300000,play.core.server.DevServerStart),scala.pickling.PicklerUnpickler$DelegatingPicklerUnpickler@1fe5aa59),ForkConfig(C:\Users\janin\git\de.htwg.webtech.MoerakiKemu\MoerakiKemu,List(-Djna.nosys=true),List(C:\Users\janin\git\de.htwg.webtech.MoerakiKemu\MoerakiKemu\lib\moeraki-kemu.jar, C:\Users\janin\.ivy2\cache\org.scala-lang\scala-library\jars\scala-library-2.11.7.jar, C:\Users\janin\Documents\FH\Webtech\typesafe-activator-1.3.10\activator-dist-1.3.10\repository\com.typesafe.play\twirl-api_2.11\1.1.1\jars\twirl-api_2.11.jar, C:\Users\janin\Documents\FH\Webtech\typesafe-activator-1.3.10\activator-dist-1.3.10\repository\org.apache.commons\commons-lang3\3.4\jars\commons-lang3.jar, C:\Users\janin\.ivy2\cache\org.scala-lang.modules\scala-xml_2.11\bundles\scala-xml_2.11-1.0.1.jar, C:\Users\janin\Documents\FH\Webtech\typesafe-activator-1.3.10\activator-dist-1.3.10\repository\com.typesafe.play\play-enhancer\1.1.0\jars\play-enhancer.jar, C:\Users\janin\.ivy2\cache\com.typesafe.play\play-server_2.11\jars\play-server_2.11-2.5.8.jar, C:\Users\janin\.ivy2\cache\com.typesafe.play\play_2.11\jars\play_2.11-2.5.8.jar, C:\Users\janin\.ivy2\cache\com.typesafe.play\build-link\jars\build-link-2.5.8.jar, C:\Users\janin\.ivy2\cache\com.typesafe.play\play-exceptions\jars\play-exceptions-2.5.8.jar, C:\Users\janin\.ivy2\cache\com.typesafe.play\play-iteratees_2.11\jars\play-iteratees_2.11-2.5.8.jar, C:\Users\janin\.ivy2\cache\org.scala-stm\scala-stm_2.11\jars\scala-stm_2.11-0.7.jar, C:\Users\janin\Documents\FH\Webtech\typesafe-activator-1.3.10\activator-dist-1.3.10\repository\com.typesafe\config\1.3.0\bundles\config.jar, C:\Users\janin\.ivy2\cache\com.typesafe.play\play-json_2.11\jars\play-json_2.11-2.5.8.jar, C:\Users\janin\.ivy2\cache\com.typesafe.play\play-functional_2.11\jars\play-functional_2.11-2.5.8.jar, C:\Users\janin\.ivy2\cache\com.typesafe.play\play-datacommons_2.11\jars\play-datacommons_2.11-2.5.8.jar, C:\Users\janin\.ivy2\cache\joda-time\joda-time\jars\joda-time-2.9.4.jar, C:\Users\janin\Documents\FH\Webtech\typesafe-activator-1.3.10\activator-dist-1.3.10\repository\org.joda\joda-convert\1.8.1\jars\joda-convert.jar, C:\Users\janin\.ivy2\cache\org.scala-lang\scala-reflect\jars\scala-reflect-2.11.7.jar, C:\Users\janin\.ivy2\cache\com.fasterxml.jackson.core\jackson-core\bundles\jackson-core-2.7.6.jar, C:\Users\janin\.ivy2\cache\com.fasterxml.jackson.core\jackson-annotations\bundles\jackson-annotations-2.7.6.jar, C:\Users\janin\.ivy2\cache\com.fasterxml.jackson.core\jackson-databind\bundles\jackson-databind-2.7.6.jar, C:\Users\janin\.ivy2\cache\com.fasterxml.jackson.datatype\jackson-datatype-jdk8\bundles\jackson-datatype-jdk8-2.7.6.jar, C:\Users\janin\.ivy2\cache\com.fasterxml.jackson.datatype\jackson-datatype-jsr310\bundles\jackson-datatype-jsr310-2.7.6.jar, C:\Users\janin\.ivy2\cache\com.typesafe.play\play-netty-utils\jars\play-netty-utils-2.5.8.jar, C:\Users\janin\Documents\FH\Webtech\typesafe-activator-1.3.10\activator-dist-1.3.10\repository\org.slf4j\slf4j-api\1.7.21\jars\slf4j-api.jar, C:\Users\janin\.ivy2\cache\org.slf4j\jul-to-slf4j\jars\jul-to-slf4j-1.7.21.jar, C:\Users\janin\.ivy2\cache\org.slf4j\jcl-over-slf4j\jars\jcl-over-slf4j-1.7.21.jar, C:\Users\janin\.ivy2\cache\com.typesafe.play\play-streams_2.11\jars\play-streams_2.11-2.5.8.jar, C:\Users\janin\Documents\FH\Webtech\typesafe-activator-1.3.10\activator-dist-1.3.10\repository\org.reactivestreams\reactive-streams\1.0.0\jars\reactive-streams.jar, C:\Users\janin\.ivy2\cache\com.typesafe.akka\akka-stream_2.11\jars\akka-stream_2.11-2.4.10.jar, C:\Users\janin\.ivy2\cache\com.typesafe.akka\akka-actor_2.11\jars\akka-actor_2.11-2.4.10.jar, C:\Users\janin\Documents\FH\Webtech\typesafe-activator-1.3.10\activator-dist-1.3.10\repository\org.scala-lang.modules\scala-java8-compat_2.11\0.7.0\bundles\scala-java8-compat_2.11.jar, C:\Users\janin\.ivy2\cache\com.typesafe\ssl-config-akka_2.11\bundles\ssl-config-akka_2.11-0.2.1.jar, C:\Users\janin\.ivy2\cache\com.typesafe\ssl-config-core_2.11\bundles\ssl-config-core_2.11-0.2.1.jar, C:\Users\janin\.ivy2\cache\org.scala-lang.modules\scala-parser-combinators_2.11\bundles\scala-parser-combinators_2.11-1.0.4.jar, C:\Users\janin\.ivy2\cache\com.typesafe.akka\akka-slf4j_2.11\jars\akka-slf4j_2.11-2.4.10.jar, C:\Users\janin\Documents\FH\Webtech\typesafe-activator-1.3.10\activator-dist-1.3.10\repository\commons-codec\commons-codec\1.10\jars\commons-codec.jar, C:\Users\janin\.ivy2\cache\xerces\xercesImpl\jars\xercesImpl-2.11.0.jar, C:\Users\janin\.ivy2\cache\xml-apis\xml-apis\jars\xml-apis-1.4.01.jar, C:\Users\janin\.ivy2\cache\javax.transaction\jta\jars\jta-1.1.jar, C:\Users\janin\Documents\FH\Webtech\typesafe-activator-1.3.10\activator-dist-1.3.10\repository\com.google.inject\guice\4.0\jars\guice.jar, C:\Users\janin\Documents\FH\Webtech\typesafe-activator-1.3.10\activator-dist-1.3.10\repository\javax.inject\javax.inject\1\jars\javax.inject.jar, C:\Users\janin\Documents\FH\Webtech\typesafe-activator-1.3.10\activator-dist-1.3.10\repository\aopalliance\aopalliance\1.0\jars\aopalliance.jar, C:\Users\janin\Documents\FH\Webtech\typesafe-activator-1.3.10\activator-dist-1.3.10\repository\com.google.inject.extensions\guice-assistedinject\4.0\jars\guice-assistedinject.jar, C:\Users\janin\.ivy2\cache\com.typesafe.play\play-java_2.11\jars\play-java_2.11-2.5.8.jar, C:\Users\janin\Documents\FH\Webtech\typesafe-activator-1.3.10\activator-dist-1.3.10\repository\org.yaml\snakeyaml\1.16\bundles\snakeyaml.jar, C:\Users\janin\Documents\FH\Webtech\typesafe-activator-1.3.10\activator-dist-1.3.10\repository\org.hibernate\hibernate-validator\5.2.4.Final\jars\hibernate-validator.jar, C:\Users\janin\Documents\FH\Webtech\typesafe-activator-1.3.10\activator-dist-1.3.10\repository\javax.validation\validation-api\1.1.0.Final\jars\validation-api.jar, C:\Users\janin\Documents\FH\Webtech\typesafe-activator-1.3.10\activator-dist-1.3.10\repository\org.jboss.logging\jboss-logging\3.2.1.Final\jars\jboss-logging.jar, C:\Users\janin\Documents\FH\Webtech\typesafe-activator-1.3.10\activator-dist-1.3.10\repository\com.fasterxml\classmate\1.1.0\bundles\classmate.jar, C:\Users\janin\Documents\FH\Webtech\typesafe-activator-1.3.10\activator-dist-1.3.10\repository\javax.el\javax.el-api\3.0.0\jars\javax.el-api.jar, C:\Users\janin\.ivy2\cache\org.springframework\spring-context\jars\spring-context-4.2.7.RELEASE.jar, C:\Users\janin\.ivy2\cache\org.springframework\spring-core\jars\spring-core-4.2.7.RELEASE.jar, C:\Users\janin\.ivy2\cache\org.springframework\spring-beans\jars\spring-beans-4.2.7.RELEASE.jar, C:\Users\janin\Documents\FH\Webtech\typesafe-activator-1.3.10\activator-dist-1.3.10\repository\org.reflections\reflections\0.9.10\jars\reflections.jar, C:\Users\janin\Documents\FH\Webtech\typesafe-activator-1.3.10\activator-dist-1.3.10\repository\com.google.guava\guava\19.0\bundles\guava.jar, C:\Users\janin\Documents\FH\Webtech\typesafe-activator-1.3.10\activator-dist-1.3.10\repository\net.jodah\typetools\0.4.4\bundles\typetools.jar, C:\Users\janin\Documents\FH\Webtech\typesafe-activator-1.3.10\activator-dist-1.3.10\repository\com.google.code.findbugs\jsr305\3.0.1\jars\jsr305.jar, C:\Users\janin\.ivy2\cache\org.apache.tomcat\tomcat-servlet-api\jars\tomcat-servlet-api-8.0.33.jar, C:\Users\janin\.ivy2\cache\com.typesafe.play\play-netty-server_2.11\jars\play-netty-server_2.11-2.5.8.jar, C:\Users\janin\.ivy2\cache\com.typesafe.netty\netty-reactive-streams-http\jars\netty-reactive-streams-http-1.0.8.jar, C:\Users\janin\.ivy2\cache\com.typesafe.netty\netty-reactive-streams\jars\netty-reactive-streams-1.0.8.jar, C:\Users\janin\.ivy2\cache\io.netty\netty-handler\jars\netty-handler-4.0.41.Final.jar, C:\Users\janin\.ivy2\cache\io.netty\netty-buffer\jars\netty-buffer-4.0.41.Final.jar, C:\Users\janin\.ivy2\cache\io.netty\netty-common\jars\netty-common-4.0.41.Final.jar, C:\Users\janin\.ivy2\cache\io.netty\netty-transport\jars\netty-transport-4.0.41.Final.jar, C:\Users\janin\.ivy2\cache\io.netty\netty-codec\jars\netty-codec-4.0.41.Final.jar, C:\Users\janin\.ivy2\cache\io.netty\netty-codec-http\jars\netty-codec-http-4.0.41.Final.jar, C:\Users\janin\.ivy2\cache\io.netty\netty-transport-native-epoll\jars\netty-transport-native-epoll-4.0.41.Final-linux-x86_64.jar, C:\Users\janin\.ivy2\cache\com.typesafe.play\play-logback_2.11\jars\play-logback_2.11-2.5.8.jar, C:\Users\janin\.ivy2\cache\ch.qos.logback\logback-classic\jars\logback-classic-1.1.7.jar, C:\Users\janin\.ivy2\cache\ch.qos.logback\logback-core\jars\logback-core-1.1.7.jar, C:\Users\janin\.ivy2\cache\com.typesafe.play\play-java-jdbc_2.11\jars\play-java-jdbc_2.11-2.5.8.jar, C:\Users\janin\.ivy2\cache\com.typesafe.play\play-jdbc_2.11\jars\play-jdbc_2.11-2.5.8.jar, C:\Users\janin\.ivy2\cache\com.typesafe.play\play-jdbc-api_2.11\jars\play-jdbc-api_2.11-2.5.8.jar, C:\Users\janin\Documents\FH\Webtech\typesafe-activator-1.3.10\activator-dist-1.3.10\repository\com.jolbox\bonecp\0.8.0.RELEASE\bundles\bonecp.jar, C:\Users\janin\.ivy2\cache\com.zaxxer\HikariCP\bundles\HikariCP-2.5.0.jar, C:\Users\janin\Documents\FH\Webtech\typesafe-activator-1.3.10\activator-dist-1.3.10\repository\com.googlecode.usc\jdbcdslog\1.0.6.2\jars\jdbcdslog.jar, C:\Users\janin\.ivy2\cache\com.h2database\h2\jars\h2-1.4.192.jar, C:\Users\janin\Documents\FH\Webtech\typesafe-activator-1.3.10\activator-dist-1.3.10\repository\tyrex\tyrex\1.0.1\jars\tyrex.jar, C:\Users\janin\.ivy2\cache\com.typesafe.play\play-cache_2.11\jars\play-cache_2.11-2.5.8.jar, C:\Users\janin\Documents\FH\Webtech\typesafe-activator-1.3.10\activator-dist-1.3.10\repository\net.sf.ehcache\ehcache-core\2.6.11\jars\ehcache-core.jar, C:\Users\janin\.ivy2\cache\com.typesafe.play\play-java-ws_2.11\jars\play-java-ws_2.11-2.5.8.jar, C:\Users\janin\.ivy2\cache\com.typesafe.play\play-ws_2.11\jars\play-ws_2.11-2.5.8.jar, C:\Users\janin\.ivy2\cache\org.asynchttpclient\async-http-client\jars\async-http-client-2.0.11.jar, C:\Users\janin\.ivy2\cache\org.asynchttpclient\netty-resolver-dns\jars\netty-resolver-dns-2.0.11.jar, C:\Users\janin\.ivy2\cache\org.asynchttpclient\netty-resolver\jars\netty-resolver-2.0.11.jar, C:\Users\janin\.ivy2\cache\org.asynchttpclient\netty-codec-dns\jars\netty-codec-dns-2.0.11.jar, C:\Users\janin\Documents\FH\Webtech\typesafe-activator-1.3.10\activator-dist-1.3.10\repository\org.javassist\javassist\3.20.0-GA\bundles\javassist.jar, C:\Users\janin\.ivy2\cache\oauth.signpost\signpost-core\jars\signpost-core-1.2.1.2.jar, C:\Users\janin\.ivy2\cache\oauth.signpost\signpost-commonshttp4\jars\signpost-commonshttp4-1.2.1.2.jar, C:\Users\janin\Documents\FH\Webtech\typesafe-activator-1.3.10\activator-dist-1.3.10\repository\org.apache.httpcomponents\httpcore\4.0.1\jars\httpcore.jar, C:\Users\janin\Documents\FH\Webtech\typesafe-activator-1.3.10\activator-dist-1.3.10\repository\org.apache.httpcomponents\httpclient\4.0.1\jars\httpclient.jar, C:\Users\janin\.ivy2\cache\commons-logging\commons-logging\jars\commons-logging-1.1.1.jar),List((public/,C:\Users\janin\git\de.htwg.webtech.MoerakiKemu\MoerakiKemu\target\web\public\main)),List(C:\Users\janin\.ivy2\cache\com.typesafe.play\play-omnidoc_2.11\jars\play-omnidoc_2.11-2.5.8.jar, C:\Users\janin\.ivy2\cache\org.scala-lang\scala-library\jars\scala-library-2.11.7.jar, C:\Users\janin\.ivy2\cache\com.typesafe.play\play-docs_2.11\jars\play-docs_2.11-2.5.8.jar, C:\Users\janin\.ivy2\cache\com.typesafe.play\play-netty-server_2.11\jars\play-netty-server_2.11-2.5.8.jar, C:\Users\janin\.ivy2\cache\com.typesafe.play\play-server_2.11\jars\play-server_2.11-2.5.8.jar, C:\Users\janin\.ivy2\cache\com.typesafe.play\play_2.11\jars\play_2.11-2.5.8.jar, C:\Users\janin\.ivy2\cache\com.typesafe.play\build-link\jars\build-link-2.5.8.jar, C:\Users\janin\.ivy2\cache\com.typesafe.play\play-exceptions\jars\play-exceptions-2.5.8.jar, C:\Users\janin\.ivy2\cache\com.typesafe.play\play-iteratees_2.11\jars\play-iteratees_2.11-2.5.8.jar, C:\Users\janin\.ivy2\cache\org.scala-stm\scala-stm_2.11\jars\scala-stm_2.11-0.7.jar, C:\Users\janin\Documents\FH\Webtech\typesafe-activator-1.3.10\activator-dist-1.3.10\repository\com.typesafe\config\1.3.0\bundles\config.jar, C:\Users\janin\.ivy2\cache\com.typesafe.play\play-json_2.11\jars\play-json_2.11-2.5.8.jar, C:\Users\janin\.ivy2\cache\com.typesafe.play\play-functional_2.11\jars\play-functional_2.11-2.5.8.jar, C:\Users\janin\.ivy2\cache\com.typesafe.play\play-datacommons_2.11\jars\play-datacommons_2.11-2.5.8.jar, C:\Users\janin\.ivy2\cache\joda-time\joda-time\jars\joda-time-2.9.4.jar, C:\Users\janin\Documents\FH\Webtech\typesafe-activator-1.3.10\activator-dist-1.3.10\repository\org.joda\joda-convert\1.8.1\jars\joda-convert.jar, C:\Users\janin\.ivy2\cache\org.scala-lang\scala-reflect\jars\scala-reflect-2.11.7.jar, C:\Users\janin\.ivy2\cache\com.fasterxml.jackson.core\jackson-core\bundles\jackson-core-2.7.6.jar, C:\Users\janin\.ivy2\cache\com.fasterxml.jackson.core\jackson-annotations\bundles\jackson-annotations-2.7.6.jar, C:\Users\janin\.ivy2\cache\com.fasterxml.jackson.core\jackson-databind\bundles\jackson-databind-2.7.6.jar, C:\Users\janin\.ivy2\cache\com.fasterxml.jackson.datatype\jackson-datatype-jdk8\bundles\jackson-datatype-jdk8-2.7.6.jar, C:\Users\janin\.ivy2\cache\com.fasterxml.jackson.datatype\jackson-datatype-jsr310\bundles\jackson-datatype-jsr310-2.7.6.jar, C:\Users\janin\.ivy2\cache\com.typesafe.play\play-netty-utils\jars\play-netty-utils-2.5.8.jar, C:\Users\janin\Documents\FH\Webtech\typesafe-activator-1.3.10\activator-dist-1.3.10\repository\org.slf4j\slf4j-api\1.7.21\jars\slf4j-api.jar, C:\Users\janin\.ivy2\cache\org.slf4j\jul-to-slf4j\jars\jul-to-slf4j-1.7.21.jar, C:\Users\janin\.ivy2\cache\org.slf4j\jcl-over-slf4j\jars\jcl-over-slf4j-1.7.21.jar, C:\Users\janin\.ivy2\cache\com.typesafe.play\play-streams_2.11\jars\play-streams_2.11-2.5.8.jar, C:\Users\janin\Documents\FH\Webtech\typesafe-activator-1.3.10\activator-dist-1.3.10\repository\org.reactivestreams\reactive-streams\1.0.0\jars\reactive-streams.jar, C:\Users\janin\.ivy2\cache\com.typesafe.akka\akka-stream_2.11\jars\akka-stream_2.11-2.4.10.jar, C:\Users\janin\.ivy2\cache\com.typesafe.akka\akka-actor_2.11\jars\akka-actor_2.11-2.4.10.jar, C:\Users\janin\Documents\FH\Webtech\typesafe-activator-1.3.10\activator-dist-1.3.10\repository\org.scala-lang.modules\scala-java8-compat_2.11\0.7.0\bundles\scala-java8-compat_2.11.jar, C:\Users\janin\.ivy2\cache\com.typesafe\ssl-config-akka_2.11\bundles\ssl-config-akka_2.11-0.2.1.jar, C:\Users\janin\.ivy2\cache\com.typesafe\ssl-config-core_2.11\bundles\ssl-config-core_2.11-0.2.1.jar, C:\Users\janin\.ivy2\cache\org.scala-lang.modules\scala-parser-combinators_2.11\bundles\scala-parser-combinators_2.11-1.0.4.jar, C:\Users\janin\Documents\FH\Webtech\typesafe-activator-1.3.10\activator-dist-1.3.10\repository\com.typesafe.play\twirl-api_2.11\1.1.1\jars\twirl-api_2.11.jar, C:\Users\janin\Documents\FH\Webtech\typesafe-activator-1.3.10\activator-dist-1.3.10\repository\org.apache.commons\commons-lang3\3.4\jars\commons-lang3.jar, C:\Users\janin\.ivy2\cache\org.scala-lang.modules\scala-xml_2.11\bundles\scala-xml_2.11-1.0.1.jar, C:\Users\janin\.ivy2\cache\com.typesafe.akka\akka-slf4j_2.11\jars\akka-slf4j_2.11-2.4.10.jar, C:\Users\janin\Documents\FH\Webtech\typesafe-activator-1.3.10\activator-dist-1.3.10\repository\commons-codec\commons-codec\1.10\jars\commons-codec.jar, C:\Users\janin\.ivy2\cache\xerces\xercesImpl\jars\xercesImpl-2.11.0.jar, C:\Users\janin\.ivy2\cache\xml-apis\xml-apis\jars\xml-apis-1.4.01.jar, C:\Users\janin\.ivy2\cache\javax.transaction\jta\jars\jta-1.1.jar, C:\Users\janin\Documents\FH\Webtech\typesafe-activator-1.3.10\activator-dist-1.3.10\repository\com.google.inject\guice\4.0\jars\guice.jar, C:\Users\janin\Documents\FH\Webtech\typesafe-activator-1.3.10\activator-dist-1.3.10\repository\javax.inject\javax.inject\1\jars\javax.inject.jar, C:\Users\janin\Documents\FH\Webtech\typesafe-activator-1.3.10\activator-dist-1.3.10\repository\aopalliance\aopalliance\1.0\jars\aopalliance.jar, C:\Users\janin\.ivy2\cache\com.google.guava\guava\bundles\guava-16.0.1.jar, C:\Users\janin\Documents\FH\Webtech\typesafe-activator-1.3.10\activator-dist-1.3.10\repository\com.google.inject.extensions\guice-assistedinject\4.0\jars\guice-assistedinject.jar, C:\Users\janin\.ivy2\cache\com.typesafe.netty\netty-reactive-streams-http\jars\netty-reactive-streams-http-1.0.8.jar, C:\Users\janin\.ivy2\cache\com.typesafe.netty\netty-reactive-streams\jars\netty-reactive-streams-1.0.8.jar, C:\Users\janin\.ivy2\cache\io.netty\netty-handler\jars\netty-handler-4.0.41.Final.jar, C:\Users\janin\.ivy2\cache\io.netty\netty-buffer\jars\netty-buffer-4.0.41.Final.jar, C:\Users\janin\.ivy2\cache\io.netty\netty-common\jars\netty-common-4.0.41.Final.jar, C:\Users\janin\.ivy2\cache\io.netty\netty-transport\jars\netty-transport-4.0.41.Final.jar, C:\Users\janin\.ivy2\cache\io.netty\netty-codec\jars\netty-codec-4.0.41.Final.jar, C:\Users\janin\.ivy2\cache\io.netty\netty-codec-http\jars\netty-codec-http-4.0.41.Final.jar, C:\Users\janin\.ivy2\cache\io.netty\netty-transport-native-epoll\jars\netty-transport-native-epoll-4.0.41.Final-linux-x86_64.jar, C:\Users\janin\Documents\FH\Webtech\typesafe-activator-1.3.10\activator-dist-1.3.10\repository\com.typesafe.play\play-doc_2.11\1.2.2\jars\play-doc_2.11.jar, C:\Users\janin\Documents\FH\Webtech\typesafe-activator-1.3.10\activator-dist-1.3.10\repository\org.pegdown\pegdown\1.4.0\jars\pegdown.jar, C:\Users\janin\Documents\FH\Webtech\typesafe-activator-1.3.10\activator-dist-1.3.10\repository\org.parboiled\parboiled-java\1.1.5\bundles\parboiled-java.jar, C:\Users\janin\Documents\FH\Webtech\typesafe-activator-1.3.10\activator-dist-1.3.10\repository\org.parboiled\parboiled-core\1.1.5\bundles\parboiled-core.jar, C:\Users\janin\Documents\FH\Webtech\typesafe-activator-1.3.10\activator-dist-1.3.10\repository\org.ow2.asm\asm\4.1\jars\asm.jar, C:\Users\janin\Documents\FH\Webtech\typesafe-activator-1.3.10\activator-dist-1.3.10\repository\org.ow2.asm\asm-tree\4.1\jars\asm-tree.jar, C:\Users\janin\Documents\FH\Webtech\typesafe-activator-1.3.10\activator-dist-1.3.10\repository\org.ow2.asm\asm-analysis\4.1\jars\asm-analysis.jar, C:\Users\janin\Documents\FH\Webtech\typesafe-activator-1.3.10\activator-dist-1.3.10\repository\org.ow2.asm\asm-util\4.1\jars\asm-util.jar, C:\Users\janin\Documents\FH\Webtech\typesafe-activator-1.3.10\activator-dist-1.3.10\repository\commons-io\commons-io\2.4\jars\commons-io.jar),Some(C:\Users\janin\.ivy2\cache\com.typesafe.play\play-omnidoc_2.11\jars\play-omnidoc_2.11-2.5.8.jar),List(),9000,0.0.0.0,DefaultWatchService,List(C:\Users\janin\git\de.htwg.webtech.MoerakiKemu\MoerakiKemu\public, C:\Users\janin\git\de.htwg.webtech.MoerakiKemu\MoerakiKemu\conf, C:\Users\janin\git\de.htwg.webtech.MoerakiKemu\MoerakiKemu\app),C:\Users\janin\git\de.htwg.webtech.MoerakiKemu\MoerakiKemu\target,500,root/playForkNotifyStart,root/playForkReload,300000,play.core.server.DevServerStart))))
Sending msg to client play-fork-run-72fd43d1-a4fe-48df-89a5-db0ba192226d: TaskStarted(34,2678,None)
Sending msg to client play-fork-run-72fd43d1-a4fe-48df-89a5-db0ba192226d: TaskFinished(34,2678,None,true,None)
Sending msg to client play-fork-run-72fd43d1-a4fe-48df-89a5-db0ba192226d: TaskStarted(34,2677,None)
Sending msg to client play-fork-run-72fd43d1-a4fe-48df-89a5-db0ba192226d: TaskFinished(34,2677,None,true,None)
Sending msg to client play-fork-run-72fd43d1-a4fe-48df-89a5-db0ba192226d: DetachedLogEvent(LogMessage(debug,cancel strategy finish enabled=false lastCommand=Some(LastCommand(CommandExecutionWork(ExecutionId(34),{file:/C:/Users/janin/git/de.htwg.webtech.MoerakiKemu/MoerakiKemu/}root/*:playForkConfig,Set(LiveClient(play-fork-run 72fd43d1-a4fe-48df-89a5-db0ba192226d)),sbt.server.WorkCancellationStatus$$anon$1@436002c8)))))
Sending msg to client play-fork-run-72fd43d1-a4fe-48df-89a5-db0ba192226d: DetachedLogEvent(LogSuccess(Total time: 1 s, completed 13.01.2017 12:11:20))
Sending msg to client play-fork-run-72fd43d1-a4fe-48df-89a5-db0ba192226d: DetachedLogEvent(LogMessage(debug,> server-post-command-cleanup))
Sending msg to client play-fork-run-72fd43d1-a4fe-48df-89a5-db0ba192226d: ExecutionSuccess(34)
Sending msg to client play-fork-run-72fd43d1-a4fe-48df-89a5-db0ba192226d: DetachedLogEvent(LogMessage(debug,> server-handle-next-server-request))
Sending msg to client play-fork-run-72fd43d1-a4fe-48df-89a5-db0ba192226d: BackgroundJobLogEvent(7,LogMessage(info,))
Sending msg to client play-fork-run-72fd43d1-a4fe-48df-89a5-db0ba192226d: BackgroundJobLogEvent(7,LogMessage(info,--- (Running the application, auto-reloading is enabled) ---))
Sending msg to client play-fork-run-72fd43d1-a4fe-48df-89a5-db0ba192226d: BackgroundJobLogEvent(7,LogMessage(info,))
Sending msg to client play-fork-run-72fd43d1-a4fe-48df-89a5-db0ba192226d: BackgroundJobLogEvent(7,LogMessage(info,p.c.s.NettyServer - Listening for HTTP on /0:0:0:0:0:0:0:0:9000))
Sending msg to client play-fork-run-72fd43d1-a4fe-48df-89a5-db0ba192226d: BackgroundJobLogEvent(7,LogMessage(info,))
Sending msg to client play-fork-run-72fd43d1-a4fe-48df-89a5-db0ba192226d: BackgroundJobLogEvent(7,LogMessage(info,(Server started, use Ctrl+D to stop and go back to the console...)))
Sending msg to client play-fork-run-72fd43d1-a4fe-48df-89a5-db0ba192226d: BackgroundJobLogEvent(7,LogMessage(info,))
Got request: ExecutionRequest(root/playForkNotifyStart http://localhost:9000)
Reading next message from client.
Sending msg to client play-fork-run-72fd43d1-a4fe-48df-89a5-db0ba192226d: (8,ExecutionRequestReceived(35))
Sending msg to client play-fork-run-72fd43d1-a4fe-48df-89a5-db0ba192226d: ExecutionWaiting(35,root/playForkNotifyStart http://localhost:9000,ClientInfo(72fd43d1-a4fe-48df-89a5-db0ba192226d,play-fork-run,Play Fork Run,1,Vector()))
Sending msg to client play-fork-run-72fd43d1-a4fe-48df-89a5-db0ba192226d: ExecutionStarting(35)
Sending msg to client play-fork-run-72fd43d1-a4fe-48df-89a5-db0ba192226d: DetachedLogEvent(LogMessage(debug,> root/playForkNotifyStart http://localhost:9000))
Sending msg to client play-fork-run-72fd43d1-a4fe-48df-89a5-db0ba192226d: DetachedLogEvent(LogMessage(debug,Evaluating tasks: *:playForkNotifyStart))
Sending msg to client play-fork-run-72fd43d1-a4fe-48df-89a5-db0ba192226d: DetachedLogEvent(LogMessage(debug,Running task... Cancel: sbt.server.ServerTaskCancellation@65d713f5, check cycles: false))
Sending msg to client play-fork-run-72fd43d1-a4fe-48df-89a5-db0ba192226d: DetachedLogEvent(LogMessage(debug,cancel strategy start enabled=true lastCommand=Some(LastCommand(CommandExecutionWork(ExecutionId(35),root/playForkNotifyStart http://localhost:9000,Set(LiveClient(play-fork-run 72fd43d1-a4fe-48df-89a5-db0ba192226d)),sbt.server.WorkCancellationStatus$$anon$1@1054c001)))))
Sending msg to client play-fork-run-72fd43d1-a4fe-48df-89a5-db0ba192226d: TaskStarted(35,2757,Some(AttributeKey[sbt.SendEventService]("sendEventService") in Scope(Global)))
Sending msg to client play-fork-run-72fd43d1-a4fe-48df-89a5-db0ba192226d: TaskFinished(35,2757,Some(AttributeKey[sbt.SendEventService]("sendEventService") in Scope(Global)),true,None)
Sending msg to client play-fork-run-72fd43d1-a4fe-48df-89a5-db0ba192226d: TaskStarted(35,2756,Some(AttributeKey[scala.Function1[java.lang.String,void]]("playForkStarted") in Scope(Build: file:/C:/Users/janin/git/de.htwg.webtech.MoerakiKemu/MoerakiKemu/, , Project: ProjectReference(file:/C:/Users/janin/git/de.htwg.webtech.MoerakiKemu/MoerakiKemu/,root))))
Sending msg to client play-fork-run-72fd43d1-a4fe-48df-89a5-db0ba192226d: TaskFinished(35,2756,Some(AttributeKey[scala.Function1[java.lang.String,void]]("playForkStarted") in Scope(Build: file:/C:/Users/janin/git/de.htwg.webtech.MoerakiKemu/MoerakiKemu/, , Project: ProjectReference(file:/C:/Users/janin/git/de.htwg.webtech.MoerakiKemu/MoerakiKemu/,root))),true,None)
Sending msg to client play-fork-run-72fd43d1-a4fe-48df-89a5-db0ba192226d: TaskStarted(35,2755,Some(AttributeKey[void]("playForkNotifyStart") in Scope(Build: file:/C:/Users/janin/git/de.htwg.webtech.MoerakiKemu/MoerakiKemu/, , Project: ProjectReference(file:/C:/Users/janin/git/de.htwg.webtech.MoerakiKemu/MoerakiKemu/,root))))
Sending msg to client play-fork-run-72fd43d1-a4fe-48df-89a5-db0ba192226d: TaskEvent(2755,LazyValue(PlayServerStarted(http://localhost:9000),play.forkrun.protocol.Serializers$PlayForkrunProtocolPlayServerStartedPickler1$2$@d77ae5d))
Sending msg to client play-fork-run-72fd43d1-a4fe-48df-89a5-db0ba192226d: TaskFinished(35,2755,Some(AttributeKey[void]("playForkNotifyStart") in Scope(Build: file:/C:/Users/janin/git/de.htwg.webtech.MoerakiKemu/MoerakiKemu/, , Project: ProjectReference(file:/C:/Users/janin/git/de.htwg.webtech.MoerakiKemu/MoerakiKemu/,root))),true,None)
Sending msg to client play-fork-run-72fd43d1-a4fe-48df-89a5-db0ba192226d: TaskStarted(35,2754,None)
Sending msg to client play-fork-run-72fd43d1-a4fe-48df-89a5-db0ba192226d: TaskFinished(35,2754,None,true,None)
Sending msg to client play-fork-run-72fd43d1-a4fe-48df-89a5-db0ba192226d: TaskStarted(35,2753,None)
Sending msg to client play-fork-run-72fd43d1-a4fe-48df-89a5-db0ba192226d: TaskFinished(35,2753,None,true,None)
Sending msg to client play-fork-run-72fd43d1-a4fe-48df-89a5-db0ba192226d: DetachedLogEvent(LogMessage(debug,cancel strategy finish enabled=false lastCommand=Some(LastCommand(CommandExecutionWork(ExecutionId(35),root/playForkNotifyStart http://localhost:9000,Set(LiveClient(play-fork-run 72fd43d1-a4fe-48df-89a5-db0ba192226d)),sbt.server.WorkCancellationStatus$$anon$1@1054c001)))))
Sending msg to client play-fork-run-72fd43d1-a4fe-48df-89a5-db0ba192226d: DetachedLogEvent(LogSuccess(Total time: 0 s, completed 13.01.2017 12:11:23))
Sending msg to client play-fork-run-72fd43d1-a4fe-48df-89a5-db0ba192226d: DetachedLogEvent(LogMessage(debug,> server-post-command-cleanup))
Sending msg to client play-fork-run-72fd43d1-a4fe-48df-89a5-db0ba192226d: ExecutionSuccess(35)
Sending msg to client play-fork-run-72fd43d1-a4fe-48df-89a5-db0ba192226d: DetachedLogEvent(LogMessage(debug,> server-handle-next-server-request))
Sending msg to client play-fork-run-72fd43d1-a4fe-48df-89a5-db0ba192226d: ExecutionWaiting(36,jobStop 6,ClientInfo(d2470195-59dc-44de-b3e3-76787d1b2d7e,activator,Activator,3,Vector()))
Sending msg to client play-fork-run-72fd43d1-a4fe-48df-89a5-db0ba192226d: ExecutionWaiting(37,jobStop 7,ClientInfo(d2470195-59dc-44de-b3e3-76787d1b2d7e,activator,Activator,3,Vector()))
Sending msg to client play-fork-run-72fd43d1-a4fe-48df-89a5-db0ba192226d: ExecutionStarting(36)
Sending msg to client play-fork-run-72fd43d1-a4fe-48df-89a5-db0ba192226d: DetachedLogEvent(LogMessage(debug,> jobStop 6))
Sending msg to client play-fork-run-72fd43d1-a4fe-48df-89a5-db0ba192226d: DetachedLogEvent(LogMessage(debug,Evaluating tasks: *:jobStop))
Sending msg to client play-fork-run-72fd43d1-a4fe-48df-89a5-db0ba192226d: DetachedLogEvent(LogMessage(debug,Running task... Cancel: sbt.server.ServerTaskCancellation@63611bda, check cycles: false))
Sending msg to client play-fork-run-72fd43d1-a4fe-48df-89a5-db0ba192226d: DetachedLogEvent(LogMessage(debug,cancel strategy start enabled=true lastCommand=Some(LastCommand(CommandExecutionWork(ExecutionId(36),jobStop 6,Set(LiveClient(activator d2470195-59dc-44de-b3e3-76787d1b2d7e)),sbt.server.WorkCancellationStatus$$anon$1@2afdc920)))))
Sending msg to client play-fork-run-72fd43d1-a4fe-48df-89a5-db0ba192226d: TaskStarted(36,2760,Some(AttributeKey[void]("jobStop") in Scope(Global)))
Sending msg to client play-fork-run-72fd43d1-a4fe-48df-89a5-db0ba192226d: TaskFinished(36,2760,Some(AttributeKey[void]("jobStop") in Scope(Global)),true,None)
Sending msg to client play-fork-run-72fd43d1-a4fe-48df-89a5-db0ba192226d: DetachedLogEvent(LogStdErr(Exception in thread "sbt-bg-threads-5" java.lang.Error: java.lang.InterruptedException: sleep interrupted))
Sending msg to client play-fork-run-72fd43d1-a4fe-48df-89a5-db0ba192226d: BackgroundJobFinished(27,6)
Sending msg to client play-fork-run-72fd43d1-a4fe-48df-89a5-db0ba192226d: DetachedLogEvent(LogStdErr(	at java.util.concurrent.ThreadPoolExecutor.runWorker(Unknown Source)))
Sending msg to client play-fork-run-72fd43d1-a4fe-48df-89a5-db0ba192226d: DetachedLogEvent(LogStdErr(	at java.util.concurrent.ThreadPoolExecutor$Worker.run(Unknown Source)))
Sending msg to client play-fork-run-72fd43d1-a4fe-48df-89a5-db0ba192226d: DetachedLogEvent(LogStdErr(	at java.lang.Thread.run(Unknown Source)))
Sending msg to client play-fork-run-72fd43d1-a4fe-48df-89a5-db0ba192226d: DetachedLogEvent(LogStdErr(Caused by: java.lang.InterruptedException: sleep interrupted))
Sending msg to client play-fork-run-72fd43d1-a4fe-48df-89a5-db0ba192226d: DetachedLogEvent(LogStdErr(	at java.lang.Thread.sleep(Native Method)))
Sending msg to client play-fork-run-72fd43d1-a4fe-48df-89a5-db0ba192226d: DetachedLogEvent(LogStdErr(	at play.sbt.forkrun.PlayForkProcess$.timedWaitFor(PlayForkProcess.scala:80)))
Sending msg to client play-fork-run-72fd43d1-a4fe-48df-89a5-db0ba192226d: DetachedLogEvent(LogStdErr(	at play.sbt.forkrun.PlayForkProcess$.play$sbt$forkrun$PlayForkProcess$$stop$1(PlayForkProcess.scala:54)))
Sending msg to client play-fork-run-72fd43d1-a4fe-48df-89a5-db0ba192226d: DetachedLogEvent(LogStdErr(	at play.sbt.forkrun.PlayForkProcess$.run(PlayForkProcess.scala:70)))
Sending msg to client play-fork-run-72fd43d1-a4fe-48df-89a5-db0ba192226d: DetachedLogEvent(LogStdErr(	at play.sbt.forkrun.PlayForkProcess$.apply(PlayForkProcess.scala:35)))
Sending msg to client play-fork-run-72fd43d1-a4fe-48df-89a5-db0ba192226d: DetachedLogEvent(LogStdErr(	at play.sbt.forkrun.PlayForkRun$$anonfun$backgroundForkRunTask$1$$anonfun$apply$7$$anonfun$apply$8$$anonfun$apply$9.apply(PlayForkRun.scala:108)))
Sending msg to client play-fork-run-72fd43d1-a4fe-48df-89a5-db0ba192226d: DetachedLogEvent(LogStdErr(	at play.sbt.forkrun.PlayForkRun$$anonfun$backgroundForkRunTask$1$$anonfun$apply$7$$anonfun$apply$8$$anonfun$apply$9.apply(PlayForkRun.scala:107)))
Sending msg to client play-fork-run-72fd43d1-a4fe-48df-89a5-db0ba192226d: DetachedLogEvent(LogStdErr(	at sbt.BackgroundThreadPool$$anonfun$1.apply$mcV$sp(AbstractBackgroundJobService.scala:134)))
Sending msg to client play-fork-run-72fd43d1-a4fe-48df-89a5-db0ba192226d: DetachedLogEvent(LogStdErr(	at sbt.BackgroundThreadPool$BackgroundRunnable.run(AbstractBackgroundJobService.scala:68)))
Sending msg to client play-fork-run-72fd43d1-a4fe-48df-89a5-db0ba192226d: DetachedLogEvent(LogStdErr(	... 3 more))
Sending msg to client play-fork-run-72fd43d1-a4fe-48df-89a5-db0ba192226d: TaskStarted(36,2759,None)
Sending msg to client play-fork-run-72fd43d1-a4fe-48df-89a5-db0ba192226d: TaskFinished(36,2759,None,true,None)
Sending msg to client play-fork-run-72fd43d1-a4fe-48df-89a5-db0ba192226d: TaskStarted(36,2758,None)
Sending msg to client play-fork-run-72fd43d1-a4fe-48df-89a5-db0ba192226d: TaskFinished(36,2758,None,true,None)
Sending msg to client play-fork-run-72fd43d1-a4fe-48df-89a5-db0ba192226d: DetachedLogEvent(LogMessage(debug,cancel strategy finish enabled=false lastCommand=Some(LastCommand(CommandExecutionWork(ExecutionId(36),jobStop 6,Set(LiveClient(activator d2470195-59dc-44de-b3e3-76787d1b2d7e)),sbt.server.WorkCancellationStatus$$anon$1@2afdc920)))))
Sending msg to client play-fork-run-72fd43d1-a4fe-48df-89a5-db0ba192226d: DetachedLogEvent(LogSuccess(Total time: 0 s, completed 13.01.2017 12:11:24))
Sending msg to client play-fork-run-72fd43d1-a4fe-48df-89a5-db0ba192226d: DetachedLogEvent(LogMessage(debug,> server-post-command-cleanup))
Sending msg to client play-fork-run-72fd43d1-a4fe-48df-89a5-db0ba192226d: ExecutionSuccess(36)
Sending msg to client play-fork-run-72fd43d1-a4fe-48df-89a5-db0ba192226d: DetachedLogEvent(LogMessage(debug,> server-handle-next-server-request))
Sending msg to client play-fork-run-72fd43d1-a4fe-48df-89a5-db0ba192226d: ExecutionStarting(37)
Sending msg to client play-fork-run-72fd43d1-a4fe-48df-89a5-db0ba192226d: DetachedLogEvent(LogMessage(debug,> jobStop 7))
Sending msg to client play-fork-run-72fd43d1-a4fe-48df-89a5-db0ba192226d: DetachedLogEvent(LogMessage(debug,Evaluating tasks: *:jobStop))
Sending msg to client play-fork-run-72fd43d1-a4fe-48df-89a5-db0ba192226d: DetachedLogEvent(LogMessage(debug,Running task... Cancel: sbt.server.ServerTaskCancellation@737ddfce, check cycles: false))
Sending msg to client play-fork-run-72fd43d1-a4fe-48df-89a5-db0ba192226d: DetachedLogEvent(LogMessage(debug,cancel strategy start enabled=true lastCommand=Some(LastCommand(CommandExecutionWork(ExecutionId(37),jobStop 7,Set(LiveClient(activator d2470195-59dc-44de-b3e3-76787d1b2d7e)),sbt.server.WorkCancellationStatus$$anon$1@5dc4dca1)))))
Sending msg to client play-fork-run-72fd43d1-a4fe-48df-89a5-db0ba192226d: TaskStarted(37,2763,Some(AttributeKey[void]("jobStop") in Scope(Global)))
Sending msg to client play-fork-run-72fd43d1-a4fe-48df-89a5-db0ba192226d: TaskFinished(37,2763,Some(AttributeKey[void]("jobStop") in Scope(Global)),true,None)
Sending msg to client play-fork-run-72fd43d1-a4fe-48df-89a5-db0ba192226d: BackgroundJobLogEvent(7,LogMessage(info,Stopping Play fork run ...))
Sending msg to client play-fork-run-72fd43d1-a4fe-48df-89a5-db0ba192226d: TaskStarted(37,2762,None)
Sending msg to client play-fork-run-72fd43d1-a4fe-48df-89a5-db0ba192226d: TaskFinished(37,2762,None,true,None)
Sending msg to client play-fork-run-72fd43d1-a4fe-48df-89a5-db0ba192226d: TaskStarted(37,2761,None)
Sending msg to client play-fork-run-72fd43d1-a4fe-48df-89a5-db0ba192226d: TaskFinished(37,2761,None,true,None)
Sending msg to client play-fork-run-72fd43d1-a4fe-48df-89a5-db0ba192226d: DetachedLogEvent(LogMessage(debug,cancel strategy finish enabled=false lastCommand=Some(LastCommand(CommandExecutionWork(ExecutionId(37),jobStop 7,Set(LiveClient(activator d2470195-59dc-44de-b3e3-76787d1b2d7e)),sbt.server.WorkCancellationStatus$$anon$1@5dc4dca1)))))
Sending msg to client play-fork-run-72fd43d1-a4fe-48df-89a5-db0ba192226d: DetachedLogEvent(LogSuccess(Total time: 0 s, completed 13.01.2017 12:11:24))
Sending msg to client play-fork-run-72fd43d1-a4fe-48df-89a5-db0ba192226d: DetachedLogEvent(LogMessage(debug,> server-post-command-cleanup))
Sending msg to client play-fork-run-72fd43d1-a4fe-48df-89a5-db0ba192226d: ExecutionSuccess(37)
Sending msg to client play-fork-run-72fd43d1-a4fe-48df-89a5-db0ba192226d: DetachedLogEvent(LogMessage(debug,> server-handle-next-server-request))
Sending msg to client play-fork-run-72fd43d1-a4fe-48df-89a5-db0ba192226d: BackgroundJobLogEvent(7,LogMessage(info,p.c.s.NettyServer - Stopping server...))
Got request: UnlistenToEvents()
Reading next message from client.
Sending msg to client play-fork-run-72fd43d1-a4fe-48df-89a5-db0ba192226d: (9,ReceivedResponse())
Got request: UnlistenToValue(AttributeKey[play.forkrun.protocol.ForkConfig]("playForkConfig") in Scope(Build: file:/C:/Users/janin/git/de.htwg.webtech.MoerakiKemu/MoerakiKemu/, , Project: ProjectReference(file:/C:/Users/janin/git/de.htwg.webtech.MoerakiKemu/MoerakiKemu/,root)))
Reading next message from client.
Client play-fork-run-72fd43d1-a4fe-48df-89a5-db0ba192226d EOF, shutting down.
Stopping client.
Client play-fork-run-72fd43d1-a4fe-48df-89a5-db0ba192226d thread exiting.
Dropping message (10,ReceivedResponse()) to dead client play-fork-run-72fd43d1-a4fe-48df-89a5-db0ba192226d
Dropping message (0,ReceivedResponse()) to dead client play-fork-run-72fd43d1-a4fe-48df-89a5-db0ba192226d
